\BOOKMARK [0][-]{chapter*.1}{Introduction}{}% 1
\BOOKMARK [0][-]{chapter*.2}{Foreword}{}% 2
\BOOKMARK [0][-]{chapter*.3}{Preface}{}% 3
\BOOKMARK [0][-]{chapter*.4}{Symbols}{}% 4
\BOOKMARK [-1][-]{part.1}{I Foundations: Theory, simulation methods and programming}{}% 5
\BOOKMARK [0][-]{chapter.1}{Basic formal concepts}{part.1}% 6
\BOOKMARK [1][-]{section.1.1}{The Bayes' rule}{chapter.1}% 7
\BOOKMARK [1][-]{section.1.2}{Bayesian framework: A brief summary of theory}{chapter.1}% 8
\BOOKMARK [2][-]{subsection.1.2.1}{Example: Health insurance}{section.1.2}% 9
\BOOKMARK [1][-]{section.1.3}{Bayesian reports: Decision theory under uncertainty}{chapter.1}% 10
\BOOKMARK [2][-]{subsection.1.3.1}{Example: Health insurance continues}{section.1.3}% 11
\BOOKMARK [1][-]{section.1.4}{Summary}{chapter.1}% 12
\BOOKMARK [1][-]{section.1.5}{Exercises}{chapter.1}% 13
\BOOKMARK [0][-]{chapter.2}{Conceptual differences of the Bayesian and Frequentist approaches}{part.1}% 14
\BOOKMARK [1][-]{section.2.1}{The concept of probability}{chapter.2}% 15
\BOOKMARK [1][-]{section.2.2}{Subjectivity is not the key}{chapter.2}% 16
\BOOKMARK [1][-]{section.2.3}{Estimation, hypothesis testing and prediction}{chapter.2}% 17
\BOOKMARK [1][-]{section.2.4}{The likelihood principle}{chapter.2}% 18
\BOOKMARK [1][-]{section.2.5}{Why is not the Bayesian approach that popular?}{chapter.2}% 19
\BOOKMARK [1][-]{section.2.6}{A simple working example}{chapter.2}% 20
\BOOKMARK [2][-]{subsection.2.6.1}{Example: Math test}{section.2.6}% 21
\BOOKMARK [1][-]{section.2.7}{Summary}{chapter.2}% 22
\BOOKMARK [1][-]{section.2.8}{Exercises}{chapter.2}% 23
\BOOKMARK [0][-]{chapter.3}{Objective and subjective Bayesian approaches}{part.1}% 24
\BOOKMARK [0][-]{chapter.4}{Cornerstone models: Conjugate families}{part.1}% 25
\BOOKMARK [1][-]{section.4.1}{Motivation of conjugate families}{chapter.4}% 26
\BOOKMARK [2][-]{subsection.4.1.1}{Examples of exponential family distributions}{section.4.1}% 27
\BOOKMARK [1][-]{section.4.2}{Conjugate prior to exponential family}{chapter.4}% 28
\BOOKMARK [2][-]{subsection.4.2.1}{Examples: Theorem 4.2.1}{section.4.2}% 29
\BOOKMARK [1][-]{section.4.3}{Linear regression: The conjugate normal-normal/inverse gamma model}{chapter.4}% 30
\BOOKMARK [1][-]{section.4.4}{Multivariate linear regression: The conjugate normal-normal/inverse Wishart model}{chapter.4}% 31
\BOOKMARK [1][-]{section.4.5}{Summary}{chapter.4}% 32
\BOOKMARK [1][-]{section.4.6}{Exercises}{chapter.4}% 33
\BOOKMARK [0][-]{chapter.5}{Simulation methods}{part.1}% 34
\BOOKMARK [1][-]{section.5.1}{The inverse transform method}{chapter.5}% 35
\BOOKMARK [1][-]{section.5.2}{Method of composition}{chapter.5}% 36
\BOOKMARK [1][-]{section.5.3}{Accept and reject algorithm}{chapter.5}% 37
\BOOKMARK [1][-]{section.5.4}{Importance sampling}{chapter.5}% 38
\BOOKMARK [1][-]{section.5.5}{Markov chain Monte Carlo methods}{chapter.5}% 39
\BOOKMARK [2][-]{subsection.5.5.1}{Some theory}{section.5.5}% 40
\BOOKMARK [2][-]{subsection.5.5.2}{Gibbs sampler}{section.5.5}% 41
\BOOKMARK [2][-]{subsection.5.5.3}{Metropolis-Hastings}{section.5.5}% 42
\BOOKMARK [1][-]{section.5.6}{Sequential Monte Carlo}{chapter.5}% 43
\BOOKMARK [1][-]{section.5.7}{Hamiltonian Monte Carlo}{chapter.5}% 44
\BOOKMARK [1][-]{section.5.8}{Convergence diagnostics}{chapter.5}% 45
\BOOKMARK [-1][-]{part.2}{II Regression models: A GUIded tour}{}% 46
\BOOKMARK [0][-]{chapter.6}{Univariate models}{part.2}% 47
\BOOKMARK [1][-]{section.6.1}{Using our graphical user interface}{chapter.6}% 48
\BOOKMARK [1][-]{section.6.2}{The Gaussian linear model}{chapter.6}% 49
\BOOKMARK [1][-]{section.6.3}{The logit model}{chapter.6}% 50
\BOOKMARK [1][-]{section.6.4}{The probit model}{chapter.6}% 51
\BOOKMARK [1][-]{section.6.5}{The multinomial probit model}{chapter.6}% 52
\BOOKMARK [1][-]{section.6.6}{Summary}{chapter.6}% 53
\BOOKMARK [1][-]{section.6.7}{Exercises}{chapter.6}% 54
\BOOKMARK [0][-]{chapter.7}{Multivariate models}{part.2}% 55
\BOOKMARK [0][-]{chapter.8}{Time series models}{part.2}% 56
\BOOKMARK [0][-]{chapter.9}{Panel data models}{part.2}% 57
\BOOKMARK [0][-]{chapter.10}{Bayesian model average}{part.2}% 58
\BOOKMARK [1][-]{section.10.1}{Calculating the marginal likelihood}{chapter.10}% 59
\BOOKMARK [2][-]{subsection.10.1.1}{Savage-Dickey density ratio}{section.10.1}% 60
\BOOKMARK [2][-]{subsection.10.1.2}{Gelfand-Dey method}{section.10.1}% 61
\BOOKMARK [2][-]{subsection.10.1.3}{Chib's methods}{section.10.1}% 62
\BOOKMARK [-1][-]{part.3}{III Advanced methods: Theory, applications and programming}{}% 63
\BOOKMARK [0][-]{chapter.11}{Hierarchical models}{part.3}% 64
\BOOKMARK [1][-]{section.11.1}{Direchlet processes}{chapter.11}% 65
\BOOKMARK [0][-]{chapter.12}{Causal inference}{part.3}% 66
\BOOKMARK [0][-]{chapter.13}{Machine learning}{part.3}% 67
\BOOKMARK [1][-]{section.13.1}{Cross validation and Bayes factors}{chapter.13}% 68
\BOOKMARK [1][-]{section.13.2}{Regularization}{chapter.13}% 69
\BOOKMARK [1][-]{section.13.3}{Bayesian additive regression trees}{chapter.13}% 70
\BOOKMARK [1][-]{section.13.4}{Gaussian processes}{chapter.13}% 71
\BOOKMARK [0][-]{chapter.14}{Spatial econometric models}{part.3}% 72
\BOOKMARK [0][-]{chapter.15}{Further topics}{part.3}% 73
\BOOKMARK [1][-]{section.15.1}{Approximate Bayesian computation}{chapter.15}% 74
\BOOKMARK [1][-]{section.15.2}{Variational Bayes}{chapter.15}% 75
\BOOKMARK [1][-]{section.15.3}{Integrated nested Laplace approximations}{chapter.15}% 76
\BOOKMARK [1][-]{section.15.4}{Bayesian exponential tilted empirical likelihood}{chapter.15}% 77
\BOOKMARK [0][-]{chapter*.5}{Bibliography}{part.3}% 78
