This is pdfTeX, Version 3.141592653-2.6-1.40.24 (MiKTeX 22.1) (preloaded format=pdflatex 2022.2.3)  29 AUG 2024 11:52
entering extended mode
 restricted \write18 enabled.
 %&-line parsing enabled.
**"./Introduction to Bayesian Econometrics A GUIded tour using R.tex"
(Introduction to Bayesian Econometrics A GUIded tour using R.tex
LaTeX2e <2021-11-15> patch level 1
L3 programming layer <2022-01-21> (krantz.cls
Document Class: krantz 2005/09/16 v1.4f Standard LaTeX document class
(C:\Users\aramir21\AppData\Local\Programs\MiKTeX\tex/latex/base\bk10.clo
File: bk10.clo 2021/10/04 v1.4n Standard LaTeX file (size option)
)
\trimheight=\dimen138
\trimwidth=\dimen139
\normaltextheight=\dimen140
\tempa=\dimen141
\tempdimen=\dimen142
\htrim=\dimen143
\vtrimtop=\dimen144
\vtrimbot=\dimen145
\ul@box=\box50
\ur@box=\box51
\ll@box=\box52
\lr@box=\box53
\@cipboxa=\box54
\@cipboxb=\box55
\@ciprulewidth=\dimen146
\c@part=\count185
\c@chapter=\count186
\c@section=\count187
\c@subsection=\count188
\c@subsubsection=\count189
\c@paragraph=\count190
\c@subparagraph=\count191
\secwd=\dimen147
\subsecwd=\dimen148
\subsubsecwd=\dimen149
\c@figure=\count192
\c@table=\count193
\abovecaptionskip=\skip47
\belowcaptionskip=\skip48
\c@numauthors=\count194
\section@toc@skip=\skip49
\SectionTOCWidth=\skip50
\subsection@toc@skip=\skip51
\SubSectionTOCWidth=\skip52
\subsubsection@toc@skip=\skip53
\SubSubSectionTOCWidth=\skip54
\paragraph@toc@skip=\skip55
\ParagraphTOCWidth=\skip56
\subparagraph@toc@skip=\skip57
\@AUonebox=\box56
\@AUtwobox=\box57
\@AUthreebox=\box58
\@AUfourbox=\box59
\@AUaffonebox=\box60
\@AUafftwobox=\box61
\@AUaffthreebox=\box62
\@AUafffourbox=\box63
\@finalAUboxfromone=\box64
\@finalAUboxfromtwo=\box65
\@finalAUboxfromthree=\box66
\@finalAUboxfromfour=\box67
\c@chaptocdepth=\count195
\bibindent=\dimen150
\tempbox=\box68
\nomenwidth=\dimen151
\@tablebox=\box69
\@tabletitlebox=\box70
\@tablewidth=\dimen152
\@tabletitlewidth=\dimen153
\max@tablewidth=\dimen154
\tempbox=\box71
\tempdimen=\dimen155

(C:\Users\aramir21\AppData\Local\Programs\MiKTeX\tex/latex/graphics\color.sty
Package: color 2021/12/07 v1.3c Standard LaTeX Color (DPC)

(C:\Users\aramir21\AppData\Local\Programs\MiKTeX\tex/latex/graphics-cfg\color.c
fg
File: color.cfg 2016/01/02 v1.6 sample color configuration
)
Package color Info: Driver file: pdftex.def on input line 149.

(C:\Users\aramir21\AppData\Local\Programs\MiKTeX\tex/latex/graphics-def\pdftex.
def
File: pdftex.def 2020/10/05 v1.2a Graphics/color driver for pdftex
))
(C:\Users\aramir21\AppData\Local\Programs\MiKTeX\tex/latex/framed\framed.sty
Package: framed 2011/10/22 v 0.96: framed or shaded text with page breaks
\OuterFrameSep=\skip58
\fb@frw=\dimen156
\fb@frh=\dimen157
\FrameRule=\dimen158
\FrameSep=\dimen159
)
\tempbox=\box72
\notewidth=\dimen160
\wherebox=\box73
\wherewidth=\dimen161
\listtextleftmargin=\skip59
\listtextleftmarginii=\skip60
\listtextleftmarginiii=\skip61
\listtextrightmargin=\skip62
\listlabelleftskip=\skip63
\listlabelleftskipii=\skip64
\listlabelleftskipiii=\skip65
\abovelistskipi=\skip66
\belowlistskipi=\skip67
\abovelistskipii=\skip68
\belowlistskipii=\skip69
\abovelistskipiii=\skip70
\belowlistskipiii=\skip71
\labelsepi=\skip72
\labelsepii=\skip73
\labelsepiii=\skip74
\itemsepi=\skip75
\itemsepii=\skip76
\itemsepiii=\skip77
\enumdimwd=\dimen162
\enumdim=\dimen163
\concolwidth=\dimen164
\stempbox=\box74
)
(C:\Users\aramir21\AppData\Local\Programs\MiKTeX\tex/latex/base\fixltx2e.sty
Package: fixltx2e 2016/12/29 v2.1a fixes to LaTeX (obsolete)
Applying: [2015/01/01] Old fixltx2e package on input line 46.


Package fixltx2e Warning: fixltx2e is not required with releases after 2015
(fixltx2e)                All fixes are now in the LaTeX kernel.
(fixltx2e)                See the latexrelease package for details.

Already applied: [0000/00/00] Old fixltx2e package on input line 53.
) (C:\Users\aramir21\AppData\Local\Programs\MiKTeX\tex/latex/base\fix-cm.sty
Package: fix-cm 2020/11/24 v1.1t fixes to LaTeX

(C:\Users\aramir21\AppData\Local\Programs\MiKTeX\tex/latex/base\ts1enc.def
File: ts1enc.def 2001/06/05 v3.0e (jk/car/fm) Standard LaTeX file
LaTeX Font Info:    Redeclaring font encoding TS1 on input line 47.
))
(C:\Users\aramir21\AppData\Local\Programs\MiKTeX\tex/latex/amsfonts\amssymb.sty
Package: amssymb 2013/01/14 v3.01 AMS font symbols

(C:\Users\aramir21\AppData\Local\Programs\MiKTeX\tex/latex/amsfonts\amsfonts.st
y
Package: amsfonts 2013/01/14 v3.01 Basic AMSFonts support
\@emptytoks=\toks16
\symAMSa=\mathgroup4
\symAMSb=\mathgroup5
LaTeX Font Info:    Redeclaring math symbol \hbar on input line 98.
LaTeX Font Info:    Overwriting math alphabet `\mathfrak' in version `bold'
(Font)                  U/euf/m/n --> U/euf/b/n on input line 106.
))
(C:\Users\aramir21\AppData\Local\Programs\MiKTeX\tex/latex/amsmath\amsmath.sty
Package: amsmath 2021/10/15 v2.17l AMS math features
\@mathmargin=\skip78

For additional information on amsmath, use the `?' option.
(C:\Users\aramir21\AppData\Local\Programs\MiKTeX\tex/latex/amsmath\amstext.sty
Package: amstext 2021/08/26 v2.01 AMS text

(C:\Users\aramir21\AppData\Local\Programs\MiKTeX\tex/latex/amsmath\amsgen.sty
File: amsgen.sty 1999/11/30 v2.0 generic functions
\@emptytoks=\toks17
\ex@=\dimen165
)) (C:\Users\aramir21\AppData\Local\Programs\MiKTeX\tex/latex/amsmath\amsbsy.st
y
Package: amsbsy 1999/11/29 v1.2d Bold Symbols
\pmbraise@=\dimen166
) (C:\Users\aramir21\AppData\Local\Programs\MiKTeX\tex/latex/amsmath\amsopn.sty
Package: amsopn 2021/08/26 v2.02 operator names
)
\inf@bad=\count196
LaTeX Info: Redefining \frac on input line 234.
\uproot@=\count197
\leftroot@=\count198
LaTeX Info: Redefining \overline on input line 399.
\classnum@=\count199
\DOTSCASE@=\count266
LaTeX Info: Redefining \ldots on input line 496.
LaTeX Info: Redefining \dots on input line 499.
LaTeX Info: Redefining \cdots on input line 620.
\Mathstrutbox@=\box75
\strutbox@=\box76
\big@size=\dimen167
LaTeX Font Info:    Redeclaring font encoding OML on input line 743.
LaTeX Font Info:    Redeclaring font encoding OMS on input line 744.
\macc@depth=\count267
\c@MaxMatrixCols=\count268
\dotsspace@=\muskip16
\c@parentequation=\count269
\dspbrk@lvl=\count270
\tag@help=\toks18
\row@=\count271
\column@=\count272
\maxfields@=\count273
\andhelp@=\toks19
\eqnshift@=\dimen168
\alignsep@=\dimen169
\tagshift@=\dimen170
\tagwidth@=\dimen171
\totwidth@=\dimen172
\lineht@=\dimen173
\@envbody=\toks20
\multlinegap=\skip79
\multlinetaggap=\skip80
\mathdisplay@stack=\toks21
LaTeX Info: Redefining \[ on input line 2938.
LaTeX Info: Redefining \] on input line 2939.
)
(C:\Users\aramir21\AppData\Local\Programs\MiKTeX\tex/latex/graphics\graphicx.st
y
Package: graphicx 2021/09/16 v1.2d Enhanced LaTeX Graphics (DPC,SPQR)

(C:\Users\aramir21\AppData\Local\Programs\MiKTeX\tex/latex/graphics\keyval.sty
Package: keyval 2014/10/28 v1.15 key=value parser (DPC)
\KV@toks@=\toks22
)
(C:\Users\aramir21\AppData\Local\Programs\MiKTeX\tex/latex/graphics\graphics.st
y
Package: graphics 2021/03/04 v1.4d Standard LaTeX Graphics (DPC,SPQR)
 (C:\Users\aramir21\AppData\Local\Programs\MiKTeX\tex/latex/graphics\trig.sty
Package: trig 2021/08/11 v1.11 sin cos tan (DPC)
)
(C:\Users\aramir21\AppData\Local\Programs\MiKTeX\tex/latex/graphics-cfg\graphic
s.cfg
File: graphics.cfg 2016/06/04 v1.11 sample graphics configuration
)
Package graphics Info: Driver file: pdftex.def on input line 107.
)
\Gin@req@height=\dimen174
\Gin@req@width=\dimen175
)
(C:\Users\aramir21\AppData\Local\Programs\MiKTeX\tex/latex/subfigure\subfigure.
sty
Package: subfigure 2002/07/30 v2.1.4 subfigure package
\subfigtopskip=\skip81
\subfigcapskip=\skip82
\subfigcaptopadj=\dimen176
\subfigbottomskip=\skip83
\subfigcapmargin=\dimen177
\subfiglabelskip=\skip84
\c@subfigure=\count274
\c@lofdepth=\count275
\c@subtable=\count276
\c@lotdepth=\count277

****************************************
* Local config file subfigure.cfg used *
****************************************

(C:\Users\aramir21\AppData\Local\Programs\MiKTeX\tex/latex/subfigure\subfigure.
cfg)
\subfig@top=\skip85
\subfig@bottom=\skip86
)
(C:\Users\aramir21\AppData\Local\Programs\MiKTeX\tex/latex/base\makeidx.sty
Package: makeidx 2021/10/04 v1.0m Standard LaTeX package
)
(C:\Users\aramir21\AppData\Local\Programs\MiKTeX\tex/latex/tools\multicol.sty
Package: multicol 2021/10/28 v1.9b multicolumn formatting (FMi)
\c@tracingmulticols=\count278
\mult@box=\box77
\multicol@leftmargin=\dimen178
\c@unbalance=\count279
\c@collectmore=\count280
\doublecol@number=\count281
\multicoltolerance=\count282
\multicolpretolerance=\count283
\full@width=\dimen179
\page@free=\dimen180
\premulticols=\dimen181
\postmulticols=\dimen182
\multicolsep=\skip87
\multicolbaselineskip=\skip88
\partial@page=\box78
\last@line=\box79
\maxbalancingoverflow=\dimen183
\mult@rightbox=\box80
\mult@grightbox=\box81
\mult@firstbox=\box82
\mult@gfirstbox=\box83
\@tempa=\box84
\@tempa=\box85
\@tempa=\box86
\@tempa=\box87
\@tempa=\box88
\@tempa=\box89
\@tempa=\box90
\@tempa=\box91
\@tempa=\box92
\@tempa=\box93
\@tempa=\box94
\@tempa=\box95
\@tempa=\box96
\@tempa=\box97
\@tempa=\box98
\@tempa=\box99
\@tempa=\box100
\@tempa=\box101
\@tempa=\box102
\@tempa=\box103
\@tempa=\box104
\@tempa=\box105
\@tempa=\box106
\@tempa=\box107
\@tempa=\box108
\@tempa=\box109
\@tempa=\box110
\@tempa=\box111
\@tempa=\box112
\@tempa=\box113
\@tempa=\box114
\@tempa=\box115
\@tempa=\box116
\@tempa=\box117
\@tempa=\box118
\@tempa=\box119
\c@minrows=\count284
\c@columnbadness=\count285
\c@finalcolumnbadness=\count286
\last@try=\dimen184
\multicolovershoot=\dimen185
\multicolundershoot=\dimen186
\mult@nat@firstbox=\box120
\colbreak@box=\box121
\mc@col@check@num=\count287
)
(C:\Users\aramir21\AppData\Local\Programs\MiKTeX\tex/latex/listings\listings.st
y
\lst@mode=\count288
\lst@gtempboxa=\box122
\lst@token=\toks23
\lst@length=\count289
\lst@currlwidth=\dimen187
\lst@column=\count290
\lst@pos=\count291
\lst@lostspace=\dimen188
\lst@width=\dimen189
\lst@newlines=\count292
\lst@lineno=\count293
\lst@maxwidth=\dimen190

(C:\Users\aramir21\AppData\Local\Programs\MiKTeX\tex/latex/listings\lstmisc.sty
File: lstmisc.sty 2020/03/24 1.8d (Carsten Heinz)
\c@lstnumber=\count294
\lst@skipnumbers=\count295
\lst@framebox=\box123
)
(C:\Users\aramir21\AppData\Local\Programs\MiKTeX\tex/latex/listings\listings.cf
g
File: listings.cfg 2020/03/24 1.8d listings configuration
))
Package: listings 2020/03/24 1.8d (Carsten Heinz)
 (C:\Users\aramir21\AppData\Local\Programs\MiKTeX\tex/latex/bbm\bbm.sty
Package: bbm 1999/03/15 V 1.2 provides fonts for set symbols - TH
LaTeX Font Info:    Overwriting math alphabet `\mathbbm' in version `bold'
(Font)                  U/bbm/m/n --> U/bbm/bx/n on input line 33.
LaTeX Font Info:    Overwriting math alphabet `\mathbbmss' in version `bold'
(Font)                  U/bbmss/m/n --> U/bbmss/bx/n on input line 35.
)
(C:\Users\aramir21\AppData\Local\Programs\MiKTeX\tex/latex/tcolorbox\tcolorbox.
sty
Package: tcolorbox 2022/01/07 version 5.0.2 text color boxes

(C:\Users\aramir21\AppData\Local\Programs\MiKTeX\tex/latex/pgf/basiclayer\pgf.s
ty
(C:\Users\aramir21\AppData\Local\Programs\MiKTeX\tex/latex/pgf/utilities\pgfrcs
.sty
(C:\Users\aramir21\AppData\Local\Programs\MiKTeX\tex/generic/pgf/utilities\pgfu
til-common.tex
\pgfutil@everybye=\toks24
\pgfutil@tempdima=\dimen191
\pgfutil@tempdimb=\dimen192

(C:\Users\aramir21\AppData\Local\Programs\MiKTeX\tex/generic/pgf/utilities\pgfu
til-common-lists.tex))
(C:\Users\aramir21\AppData\Local\Programs\MiKTeX\tex/generic/pgf/utilities\pgfu
til-latex.def
\pgfutil@abb=\box124
)
(C:\Users\aramir21\AppData\Local\Programs\MiKTeX\tex/generic/pgf/utilities\pgfr
cs.code.tex
(C:\Users\aramir21\AppData\Local\Programs\MiKTeX\tex/generic/pgf\pgf.revision.t
ex)
Package: pgfrcs 2021/05/15 v3.1.9a (3.1.9a)
))
Package: pgf 2021/05/15 v3.1.9a (3.1.9a)

(C:\Users\aramir21\AppData\Local\Programs\MiKTeX\tex/latex/pgf/basiclayer\pgfco
re.sty
(C:\Users\aramir21\AppData\Local\Programs\MiKTeX\tex/latex/pgf/systemlayer\pgfs
ys.sty
(C:\Users\aramir21\AppData\Local\Programs\MiKTeX\tex/generic/pgf/systemlayer\pg
fsys.code.tex
Package: pgfsys 2021/05/15 v3.1.9a (3.1.9a)

(C:\Users\aramir21\AppData\Local\Programs\MiKTeX\tex/generic/pgf/utilities\pgfk
eys.code.tex
\pgfkeys@pathtoks=\toks25
\pgfkeys@temptoks=\toks26

(C:\Users\aramir21\AppData\Local\Programs\MiKTeX\tex/generic/pgf/utilities\pgfk
eysfiltered.code.tex
\pgfkeys@tmptoks=\toks27
))
\pgf@x=\dimen193
\pgf@y=\dimen194
\pgf@xa=\dimen195
\pgf@ya=\dimen196
\pgf@xb=\dimen197
\pgf@yb=\dimen198
\pgf@xc=\dimen199
\pgf@yc=\dimen256
\pgf@xd=\dimen257
\pgf@yd=\dimen258
\w@pgf@writea=\write3
\r@pgf@reada=\read2
\c@pgf@counta=\count296
\c@pgf@countb=\count297
\c@pgf@countc=\count298
\c@pgf@countd=\count299
\t@pgf@toka=\toks28
\t@pgf@tokb=\toks29
\t@pgf@tokc=\toks30
\pgf@sys@id@count=\count300

(C:\Users\aramir21\AppData\Local\Programs\MiKTeX\tex/generic/pgf/systemlayer\pg
f.cfg
File: pgf.cfg 2021/05/15 v3.1.9a (3.1.9a)
)
Driver file for pgf: pgfsys-pdftex.def

(C:\Users\aramir21\AppData\Local\Programs\MiKTeX\tex/generic/pgf/systemlayer\pg
fsys-pdftex.def
File: pgfsys-pdftex.def 2021/05/15 v3.1.9a (3.1.9a)

(C:\Users\aramir21\AppData\Local\Programs\MiKTeX\tex/generic/pgf/systemlayer\pg
fsys-common-pdf.def
File: pgfsys-common-pdf.def 2021/05/15 v3.1.9a (3.1.9a)
)))
(C:\Users\aramir21\AppData\Local\Programs\MiKTeX\tex/generic/pgf/systemlayer\pg
fsyssoftpath.code.tex
File: pgfsyssoftpath.code.tex 2021/05/15 v3.1.9a (3.1.9a)
\pgfsyssoftpath@smallbuffer@items=\count301
\pgfsyssoftpath@bigbuffer@items=\count302
)
(C:\Users\aramir21\AppData\Local\Programs\MiKTeX\tex/generic/pgf/systemlayer\pg
fsysprotocol.code.tex
File: pgfsysprotocol.code.tex 2021/05/15 v3.1.9a (3.1.9a)
))
(C:\Users\aramir21\AppData\Local\Programs\MiKTeX\tex/latex/xcolor\xcolor.sty
Package: xcolor 2021/10/31 v2.13 LaTeX color extensions (UK)

(C:\Users\aramir21\AppData\Local\Programs\MiKTeX\tex/latex/graphics-cfg\color.c
fg
File: color.cfg 2016/01/02 v1.6 sample color configuration
)
Package xcolor Info: Driver file: pdftex.def on input line 227.
LaTeX Info: Redefining \color on input line 711.
Package xcolor Info: Model `cmy' substituted by `cmy0' on input line 1352.
Package xcolor Info: Model `hsb' substituted by `rgb' on input line 1356.
Package xcolor Info: Model `RGB' extended on input line 1368.
Package xcolor Info: Model `HTML' substituted by `rgb' on input line 1370.
Package xcolor Info: Model `Hsb' substituted by `hsb' on input line 1371.
Package xcolor Info: Model `tHsb' substituted by `hsb' on input line 1372.
Package xcolor Info: Model `HSB' substituted by `hsb' on input line 1373.
Package xcolor Info: Model `Gray' substituted by `gray' on input line 1374.
Package xcolor Info: Model `wave' substituted by `hsb' on input line 1375.
)
(C:\Users\aramir21\AppData\Local\Programs\MiKTeX\tex/generic/pgf/basiclayer\pgf
core.code.tex
Package: pgfcore 2021/05/15 v3.1.9a (3.1.9a)

(C:\Users\aramir21\AppData\Local\Programs\MiKTeX\tex/generic/pgf/math\pgfmath.c
ode.tex
(C:\Users\aramir21\AppData\Local\Programs\MiKTeX\tex/generic/pgf/math\pgfmathca
lc.code.tex
(C:\Users\aramir21\AppData\Local\Programs\MiKTeX\tex/generic/pgf/math\pgfmathut
il.code.tex)
(C:\Users\aramir21\AppData\Local\Programs\MiKTeX\tex/generic/pgf/math\pgfmathpa
rser.code.tex
\pgfmath@dimen=\dimen259
\pgfmath@count=\count303
\pgfmath@box=\box125
\pgfmath@toks=\toks31
\pgfmath@stack@operand=\toks32
\pgfmath@stack@operation=\toks33
)
(C:\Users\aramir21\AppData\Local\Programs\MiKTeX\tex/generic/pgf/math\pgfmathfu
nctions.code.tex
(C:\Users\aramir21\AppData\Local\Programs\MiKTeX\tex/generic/pgf/math\pgfmathfu
nctions.basic.code.tex)
(C:\Users\aramir21\AppData\Local\Programs\MiKTeX\tex/generic/pgf/math\pgfmathfu
nctions.trigonometric.code.tex)
(C:\Users\aramir21\AppData\Local\Programs\MiKTeX\tex/generic/pgf/math\pgfmathfu
nctions.random.code.tex)
(C:\Users\aramir21\AppData\Local\Programs\MiKTeX\tex/generic/pgf/math\pgfmathfu
nctions.comparison.code.tex)
(C:\Users\aramir21\AppData\Local\Programs\MiKTeX\tex/generic/pgf/math\pgfmathfu
nctions.base.code.tex)
(C:\Users\aramir21\AppData\Local\Programs\MiKTeX\tex/generic/pgf/math\pgfmathfu
nctions.round.code.tex)
(C:\Users\aramir21\AppData\Local\Programs\MiKTeX\tex/generic/pgf/math\pgfmathfu
nctions.misc.code.tex)
(C:\Users\aramir21\AppData\Local\Programs\MiKTeX\tex/generic/pgf/math\pgfmathfu
nctions.integerarithmetics.code.tex)))
(C:\Users\aramir21\AppData\Local\Programs\MiKTeX\tex/generic/pgf/math\pgfmathfl
oat.code.tex
\c@pgfmathroundto@lastzeros=\count304
))
(C:\Users\aramir21\AppData\Local\Programs\MiKTeX\tex/generic/pgf/math\pgfint.co
de.tex)
(C:\Users\aramir21\AppData\Local\Programs\MiKTeX\tex/generic/pgf/basiclayer\pgf
corepoints.code.tex
File: pgfcorepoints.code.tex 2021/05/15 v3.1.9a (3.1.9a)
\pgf@picminx=\dimen260
\pgf@picmaxx=\dimen261
\pgf@picminy=\dimen262
\pgf@picmaxy=\dimen263
\pgf@pathminx=\dimen264
\pgf@pathmaxx=\dimen265
\pgf@pathminy=\dimen266
\pgf@pathmaxy=\dimen267
\pgf@xx=\dimen268
\pgf@xy=\dimen269
\pgf@yx=\dimen270
\pgf@yy=\dimen271
\pgf@zx=\dimen272
\pgf@zy=\dimen273
)
(C:\Users\aramir21\AppData\Local\Programs\MiKTeX\tex/generic/pgf/basiclayer\pgf
corepathconstruct.code.tex
File: pgfcorepathconstruct.code.tex 2021/05/15 v3.1.9a (3.1.9a)
\pgf@path@lastx=\dimen274
\pgf@path@lasty=\dimen275
)
(C:\Users\aramir21\AppData\Local\Programs\MiKTeX\tex/generic/pgf/basiclayer\pgf
corepathusage.code.tex
File: pgfcorepathusage.code.tex 2021/05/15 v3.1.9a (3.1.9a)
\pgf@shorten@end@additional=\dimen276
\pgf@shorten@start@additional=\dimen277
)
(C:\Users\aramir21\AppData\Local\Programs\MiKTeX\tex/generic/pgf/basiclayer\pgf
corescopes.code.tex
File: pgfcorescopes.code.tex 2021/05/15 v3.1.9a (3.1.9a)
\pgfpic=\box126
\pgf@hbox=\box127
\pgf@layerbox@main=\box128
\pgf@picture@serial@count=\count305
)
(C:\Users\aramir21\AppData\Local\Programs\MiKTeX\tex/generic/pgf/basiclayer\pgf
coregraphicstate.code.tex
File: pgfcoregraphicstate.code.tex 2021/05/15 v3.1.9a (3.1.9a)
\pgflinewidth=\dimen278
)
(C:\Users\aramir21\AppData\Local\Programs\MiKTeX\tex/generic/pgf/basiclayer\pgf
coretransformations.code.tex
File: pgfcoretransformations.code.tex 2021/05/15 v3.1.9a (3.1.9a)
\pgf@pt@x=\dimen279
\pgf@pt@y=\dimen280
\pgf@pt@temp=\dimen281
)
(C:\Users\aramir21\AppData\Local\Programs\MiKTeX\tex/generic/pgf/basiclayer\pgf
corequick.code.tex
File: pgfcorequick.code.tex 2021/05/15 v3.1.9a (3.1.9a)
)
(C:\Users\aramir21\AppData\Local\Programs\MiKTeX\tex/generic/pgf/basiclayer\pgf
coreobjects.code.tex
File: pgfcoreobjects.code.tex 2021/05/15 v3.1.9a (3.1.9a)
)
(C:\Users\aramir21\AppData\Local\Programs\MiKTeX\tex/generic/pgf/basiclayer\pgf
corepathprocessing.code.tex
File: pgfcorepathprocessing.code.tex 2021/05/15 v3.1.9a (3.1.9a)
)
(C:\Users\aramir21\AppData\Local\Programs\MiKTeX\tex/generic/pgf/basiclayer\pgf
corearrows.code.tex
File: pgfcorearrows.code.tex 2021/05/15 v3.1.9a (3.1.9a)
\pgfarrowsep=\dimen282
)
(C:\Users\aramir21\AppData\Local\Programs\MiKTeX\tex/generic/pgf/basiclayer\pgf
coreshade.code.tex
File: pgfcoreshade.code.tex 2021/05/15 v3.1.9a (3.1.9a)
\pgf@max=\dimen283
\pgf@sys@shading@range@num=\count306
\pgf@shadingcount=\count307
)
(C:\Users\aramir21\AppData\Local\Programs\MiKTeX\tex/generic/pgf/basiclayer\pgf
coreimage.code.tex
File: pgfcoreimage.code.tex 2021/05/15 v3.1.9a (3.1.9a)

(C:\Users\aramir21\AppData\Local\Programs\MiKTeX\tex/generic/pgf/basiclayer\pgf
coreexternal.code.tex
File: pgfcoreexternal.code.tex 2021/05/15 v3.1.9a (3.1.9a)
\pgfexternal@startupbox=\box129
))
(C:\Users\aramir21\AppData\Local\Programs\MiKTeX\tex/generic/pgf/basiclayer\pgf
corelayers.code.tex
File: pgfcorelayers.code.tex 2021/05/15 v3.1.9a (3.1.9a)
)
(C:\Users\aramir21\AppData\Local\Programs\MiKTeX\tex/generic/pgf/basiclayer\pgf
coretransparency.code.tex
File: pgfcoretransparency.code.tex 2021/05/15 v3.1.9a (3.1.9a)
)
(C:\Users\aramir21\AppData\Local\Programs\MiKTeX\tex/generic/pgf/basiclayer\pgf
corepatterns.code.tex
File: pgfcorepatterns.code.tex 2021/05/15 v3.1.9a (3.1.9a)
)
(C:\Users\aramir21\AppData\Local\Programs\MiKTeX\tex/generic/pgf/basiclayer\pgf
corerdf.code.tex
File: pgfcorerdf.code.tex 2021/05/15 v3.1.9a (3.1.9a)
)))
(C:\Users\aramir21\AppData\Local\Programs\MiKTeX\tex/generic/pgf/modules\pgfmod
uleshapes.code.tex
File: pgfmoduleshapes.code.tex 2021/05/15 v3.1.9a (3.1.9a)
\pgfnodeparttextbox=\box130
)
(C:\Users\aramir21\AppData\Local\Programs\MiKTeX\tex/generic/pgf/modules\pgfmod
uleplot.code.tex
File: pgfmoduleplot.code.tex 2021/05/15 v3.1.9a (3.1.9a)
)
(C:\Users\aramir21\AppData\Local\Programs\MiKTeX\tex/latex/pgf/compatibility\pg
fcomp-version-0-65.sty
Package: pgfcomp-version-0-65 2021/05/15 v3.1.9a (3.1.9a)
\pgf@nodesepstart=\dimen284
\pgf@nodesepend=\dimen285
)
(C:\Users\aramir21\AppData\Local\Programs\MiKTeX\tex/latex/pgf/compatibility\pg
fcomp-version-1-18.sty
Package: pgfcomp-version-1-18 2021/05/15 v3.1.9a (3.1.9a)
))
(C:\Users\aramir21\AppData\Local\Programs\MiKTeX\tex/latex/tools\verbatim.sty
Package: verbatim 2020-07-07 v1.5u LaTeX2e package for verbatim enhancements
\every@verbatim=\toks34
\verbatim@line=\toks35
\verbatim@in@stream=\read3
)
(C:\Users\aramir21\AppData\Local\Programs\MiKTeX\tex/latex/environ\environ.sty
Package: environ 2014/05/04 v0.3 A new way to define environments

(C:\Users\aramir21\AppData\Local\Programs\MiKTeX\tex/latex/trimspaces\trimspace
s.sty
Package: trimspaces 2009/09/17 v1.1 Trim spaces around a token list
))
(C:\Users\aramir21\AppData\Local\Programs\MiKTeX\tex/latex/etoolbox\etoolbox.st
y
Package: etoolbox 2020/10/05 v2.5k e-TeX tools for LaTeX (JAW)
\etb@tempcnta=\count308
)
\tcb@titlebox=\box131
\tcb@upperbox=\box132
\tcb@lowerbox=\box133
\tcb@phantombox=\box134
\c@tcbbreakpart=\count309
\c@tcblayer=\count310
\c@tcolorbox@number=\count311
\tcb@temp=\box135
\tcb@temp=\box136
\tcb@temp=\box137
\tcb@temp=\box138

(C:\Users\aramir21\AppData\Local\Programs\MiKTeX\tex/latex/tcolorbox\tcbskins.c
ode.tex
Library (tcolorbox): 'tcbskins.code.tex' version '5.0.2'

(C:\Users\aramir21\AppData\Local\Programs\MiKTeX\tex/latex/pgf/frontendlayer\ti
kz.sty
(C:\Users\aramir21\AppData\Local\Programs\MiKTeX\tex/latex/pgf/utilities\pgffor
.sty
(C:\Users\aramir21\AppData\Local\Programs\MiKTeX\tex/latex/pgf/utilities\pgfkey
s.sty
(C:\Users\aramir21\AppData\Local\Programs\MiKTeX\tex/generic/pgf/utilities\pgfk
eys.code.tex))
(C:\Users\aramir21\AppData\Local\Programs\MiKTeX\tex/latex/pgf/math\pgfmath.sty

(C:\Users\aramir21\AppData\Local\Programs\MiKTeX\tex/generic/pgf/math\pgfmath.c
ode.tex))
(C:\Users\aramir21\AppData\Local\Programs\MiKTeX\tex/generic/pgf/utilities\pgff
or.code.tex
Package: pgffor 2021/05/15 v3.1.9a (3.1.9a)

(C:\Users\aramir21\AppData\Local\Programs\MiKTeX\tex/generic/pgf/math\pgfmath.c
ode.tex)
\pgffor@iter=\dimen286
\pgffor@skip=\dimen287
\pgffor@stack=\toks36
\pgffor@toks=\toks37
))
(C:\Users\aramir21\AppData\Local\Programs\MiKTeX\tex/generic/pgf/frontendlayer/
tikz\tikz.code.tex
Package: tikz 2021/05/15 v3.1.9a (3.1.9a)

(C:\Users\aramir21\AppData\Local\Programs\MiKTeX\tex/generic/pgf/libraries\pgfl
ibraryplothandlers.code.tex
File: pgflibraryplothandlers.code.tex 2021/05/15 v3.1.9a (3.1.9a)
\pgf@plot@mark@count=\count312
\pgfplotmarksize=\dimen288
)
\tikz@lastx=\dimen289
\tikz@lasty=\dimen290
\tikz@lastxsaved=\dimen291
\tikz@lastysaved=\dimen292
\tikz@lastmovetox=\dimen293
\tikz@lastmovetoy=\dimen294
\tikzleveldistance=\dimen295
\tikzsiblingdistance=\dimen296
\tikz@figbox=\box139
\tikz@figbox@bg=\box140
\tikz@tempbox=\box141
\tikz@tempbox@bg=\box142
\tikztreelevel=\count313
\tikznumberofchildren=\count314
\tikznumberofcurrentchild=\count315
\tikz@fig@count=\count316

(C:\Users\aramir21\AppData\Local\Programs\MiKTeX\tex/generic/pgf/modules\pgfmod
ulematrix.code.tex
File: pgfmodulematrix.code.tex 2021/05/15 v3.1.9a (3.1.9a)
\pgfmatrixcurrentrow=\count317
\pgfmatrixcurrentcolumn=\count318
\pgf@matrix@numberofcolumns=\count319
)
\tikz@expandcount=\count320

(C:\Users\aramir21\AppData\Local\Programs\MiKTeX\tex/generic/pgf/frontendlayer/
tikz/libraries\tikzlibrarytopaths.code.tex
File: tikzlibrarytopaths.code.tex 2021/05/15 v3.1.9a (3.1.9a)
)))
\tcb@waterbox=\box143

(C:\Users\aramir21\AppData\Local\Programs\MiKTeX\tex/latex/tcolorbox\tcbskinsji
gsaw.code.tex
Library (tcolorbox): 'tcbskinsjigsaw.code.tex' version '5.0.2'
)))
(C:\Users\aramir21\AppData\Local\Programs\MiKTeX\tex/latex/comment\comment.sty
\CommentStream=\write4

Excluding comment 'comment')
\@indexfile=\write5
\openout5 = `"Introduction to Bayesian Econometrics A GUIded tour using R.idx"'
.


Writing index file "Introduction to Bayesian Econometrics A GUIded tour using R
".idx

LaTeX Warning: \include should only be used after \begin{document} on input lin
e 21.

(frontmatter/preamble.tex
\c@theorem=\count321
\c@exercise=\count322
\c@example=\count323
\c@definition=\count324
)
(C:\Users\aramir21\AppData\Local\Programs\MiKTeX\tex/latex/l3backend\l3backend-
pdftex.def
File: l3backend-pdftex.def 2022-01-12 L3 backend support: PDF output (pdfTeX)
\l__color_backend_stack_int=\count325
\l__pdf_internal_box=\box144
) (Introduction to Bayesian Econometrics A GUIded tour using R.aux
(frontmatter/dedication.aux) (frontmatter/introduction.aux)
(frontmatter/foreword.aux) (frontmatter/preface.aux)
(frontmatter/symbollist.aux) (chapters/chapter1/ch1.aux)
(chapters/chapter2/ch2.aux) (chapters/chapter3/ch3.aux)
(chapters/chapter4/ch4.aux) (chapters/chapter5/ch5.aux)
(chapters/chapter6/ch6.aux) (chapters/chapter7/ch7.aux)
(chapters/chapter8/ch8.aux) (chapters/chapter9/ch9.aux)
(chapters/chapter10/ch10.aux) (chapters/chapter11/ch11.aux)
(chapters/chapter12/ch12.aux) (chapters/chapter13/ch13.aux)
(chapters/chapter14/ch14.aux) (chapters/chapter15/ch15.aux))
\openout1 = `"Introduction to Bayesian Econometrics A GUIded tour using R.aux"'
.

LaTeX Font Info:    Checking defaults for OML/cmm/m/it on input line 23.
LaTeX Font Info:    ... okay on input line 23.
LaTeX Font Info:    Checking defaults for OMS/cmsy/m/n on input line 23.
LaTeX Font Info:    ... okay on input line 23.
LaTeX Font Info:    Checking defaults for OT1/cmr/m/n on input line 23.
LaTeX Font Info:    ... okay on input line 23.
LaTeX Font Info:    Checking defaults for T1/cmr/m/n on input line 23.
LaTeX Font Info:    ... okay on input line 23.
LaTeX Font Info:    Checking defaults for TS1/cmr/m/n on input line 23.
LaTeX Font Info:    ... okay on input line 23.
LaTeX Font Info:    Checking defaults for OMX/cmex/m/n on input line 23.
LaTeX Font Info:    ... okay on input line 23.
LaTeX Font Info:    Checking defaults for U/cmr/m/n on input line 23.
LaTeX Font Info:    ... okay on input line 23.

(C:\Users\aramir21\AppData\Local\Programs\MiKTeX\tex/context/base/mkii\supp-pdf
.mkii
[Loading MPS to PDF converter (version 2006.09.02).]
\scratchcounter=\count326
\scratchdimen=\dimen297
\scratchbox=\box145
\nofMPsegments=\count327
\nofMParguments=\count328
\everyMPshowfont=\toks38
\MPscratchCnt=\count329
\MPscratchDim=\dimen298
\MPnumerator=\count330
\makeMPintoPDFobject=\count331
\everyMPtoPDFconversion=\toks39
)
(C:\Users\aramir21\AppData\Local\Programs\MiKTeX\tex/latex/epstopdf-pkg\epstopd
f-base.sty
Package: epstopdf-base 2020-01-24 v2.11 Base part for package epstopdf
Package epstopdf-base Info: Redefining graphics rule for `.eps' on input line 4
85.

(C:\Users\aramir21\AppData\Local\Programs\MiKTeX\tex/latex/00miktex\epstopdf-sy
s.cfg
File: epstopdf-sys.cfg 2021/03/18 v2.0 Configuration of epstopdf for MiKTeX
))
\c@lstlisting=\count332

Underfull \vbox (badness 10000) has occurred while \output is active []


Overfull \hbox (336.25pt too wide) has occurred while \output is active
[]
 []


Underfull \vbox (badness 10000) has occurred while \output is active []


Overfull \hbox (336.25pt too wide) has occurred while \output is active
[]
 []


Underfull \vbox (badness 10000) has occurred while \output is active []


Overfull \hbox (336.25pt too wide) has occurred while \output is active
[]
 []


Underfull \vbox (badness 10000) has occurred while \output is active []


Overfull \hbox (336.25pt too wide) has occurred while \output is active
[]
 []


Underfull \hbox (badness 10000) has occurred while \output is active
 [][][][] 
 []

[1



{C:/Users/aramir21/AppData/Local/MiKTeX/fonts/map/pdftex/pdftex.map}]
Underfull \vbox (badness 10000) has occurred while \output is active []


Overfull \hbox (336.25pt too wide) has occurred while \output is active
[]
 []


Underfull \vbox (badness 10000) has occurred while \output is active []


Overfull \hbox (336.25pt too wide) has occurred while \output is active
[]
 []


Underfull \vbox (badness 10000) has occurred while \output is active []


Overfull \hbox (336.25pt too wide) has occurred while \output is active
[]
 []


Underfull \vbox (badness 10000) has occurred while \output is active []


Overfull \hbox (336.25pt too wide) has occurred while \output is active
[]
 []


Underfull \hbox (badness 10000) has occurred while \output is active
 [][][][] 
 []

[2

]
Underfull \hbox (badness 10000) in paragraph at lines 37--39

 []


Underfull \vbox (badness 10000) has occurred while \output is active []


Overfull \hbox (336.25pt too wide) has occurred while \output is active
[]
 []


Underfull \vbox (badness 10000) has occurred while \output is active []


Overfull \hbox (336.25pt too wide) has occurred while \output is active
[]
 []


Underfull \vbox (badness 10000) has occurred while \output is active []


Overfull \hbox (336.25pt too wide) has occurred while \output is active
[]
 []


Underfull \vbox (badness 10000) has occurred while \output is active []


Overfull \hbox (336.25pt too wide) has occurred while \output is active
[]
 []


Underfull \hbox (badness 10000) has occurred while \output is active
 [][][][] 
 []

[3]
Underfull \vbox (badness 10000) has occurred while \output is active []


Overfull \hbox (336.25pt too wide) has occurred while \output is active
[]
 []


Underfull \vbox (badness 10000) has occurred while \output is active []


Overfull \hbox (336.25pt too wide) has occurred while \output is active
[]
 []


Underfull \vbox (badness 10000) has occurred while \output is active []


Overfull \hbox (336.25pt too wide) has occurred while \output is active
[]
 []


Underfull \vbox (badness 10000) has occurred while \output is active []


Overfull \hbox (336.25pt too wide) has occurred while \output is active
[]
 []


Underfull \hbox (badness 10000) has occurred while \output is active
 [][][][] 
 []

[4

]
\openout2 = `frontmatter/dedication.aux'.

 (frontmatter/dedication.tex)
Underfull \vbox (badness 10000) has occurred while \output is active []


Overfull \hbox (336.25pt too wide) has occurred while \output is active
[]
 []


Underfull \vbox (badness 10000) has occurred while \output is active []


Overfull \hbox (336.25pt too wide) has occurred while \output is active
[]
 []


Underfull \vbox (badness 10000) has occurred while \output is active []


Overfull \hbox (336.25pt too wide) has occurred while \output is active
[]
 []


Underfull \vbox (badness 10000) has occurred while \output is active []


Overfull \hbox (336.25pt too wide) has occurred while \output is active
[]
 []


Underfull \hbox (badness 10000) has occurred while \output is active
 [][][][] 
 []

[5


]
\openout2 = `frontmatter/introduction.aux'.

 (frontmatter/introduction.tex
Underfull \vbox (badness 10000) has occurred while \output is active []


Overfull \hbox (336.25pt too wide) has occurred while \output is active
[]
 []


Underfull \vbox (badness 10000) has occurred while \output is active []


Overfull \hbox (336.25pt too wide) has occurred while \output is active
[]
 []


Underfull \vbox (badness 10000) has occurred while \output is active []


Overfull \hbox (336.25pt too wide) has occurred while \output is active
[]
 []


Underfull \vbox (badness 10000) has occurred while \output is active []


Overfull \hbox (336.25pt too wide) has occurred while \output is active
[]
 []


Underfull \hbox (badness 10000) has occurred while \output is active
 [][][][] 
 []

[6




]
Underfull \vbox (badness 10000) detected at line 1
 []


Overfull \hbox (336.25pt too wide) detected at line 1
[]
 []


Underfull \vbox (badness 10000) detected at line 1
 []


Overfull \hbox (336.25pt too wide) detected at line 1
[]
 []


Underfull \vbox (badness 10000) detected at line 1
 []


Overfull \hbox (336.25pt too wide) detected at line 1
[]
 []


Underfull \vbox (badness 10000) detected at line 1
 []


Overfull \hbox (336.25pt too wide) detected at line 1
[]
 []


Underfull \hbox (badness 10000) detected at line 1
[]
 []

<frontmatter/figures/BannerBook.jpg, id=26, 3844.3625pt x 1254.6875pt>
File: frontmatter/figures/BannerBook.jpg Graphic file (type jpg)
<use frontmatter/figures/BannerBook.jpg>
Package pdftex.def Info: frontmatter/figures/BannerBook.jpg  used on input line
 3.
(pdftex.def)             Requested size: 339.99437pt x 150.0008pt.

Overfull \hbox (3.49437pt too wide) in paragraph at lines 3--5
[][] 
 []

LaTeX Font Info:    Trying to load font information for U+msa on input line 14.

(C:\Users\aramir21\AppData\Local\Programs\MiKTeX\tex/latex/amsfonts\umsa.fd
File: umsa.fd 2013/01/14 v3.01 AMS symbols A
)
LaTeX Font Info:    Trying to load font information for U+msb on input line 14.


(C:\Users\aramir21\AppData\Local\Programs\MiKTeX\tex/latex/amsfonts\umsb.fd
File: umsb.fd 2013/01/14 v3.01 AMS symbols B
)
Underfull \hbox (badness 10000) has occurred while \output is active
 [][][][] 
 []

[7

 <./frontmatter/figures/BannerBook.jpg>] [8]
Overfull \hbox (64.54543pt too wide) in paragraph at lines 33--34
[]\OT1/cmr/m/n/10 website: \OT1/cmr/bx/n/10 http://www.besmarter-team.org \OT1/
cmr/m/n/10 / \OT1/cmr/bx/n/10 https://sites.google.com/view/arh-
 []

<frontmatter/figures/by-nc-sa.png, id=41, 97.0827pt x 33.9669pt>
File: frontmatter/figures/by-nc-sa.png Graphic file (type png)
<use frontmatter/figures/by-nc-sa.png>
Package pdftex.def Info: frontmatter/figures/by-nc-sa.png  used on input line 3
6.
(pdftex.def)             Requested size: 120.005pt x 40.0018pt.

Underfull \hbox (badness 1509) in paragraph at lines 38--38
[]\OT1/cmr/m/n/10 This book is li-censed un-der the \OT1/cmr/bx/n/10 Cre-ative 
Com-mons Attribution-
 []

) [9 <./frontmatter/figures/by-nc-sa.png>]
Underfull \vbox (badness 10000) has occurred while \output is active []


Overfull \hbox (336.25pt too wide) has occurred while \output is active
[]
 []


Underfull \vbox (badness 10000) has occurred while \output is active []


Overfull \hbox (336.25pt too wide) has occurred while \output is active
[]
 []


Underfull \vbox (badness 10000) has occurred while \output is active []


Overfull \hbox (336.25pt too wide) has occurred while \output is active
[]
 []


Underfull \vbox (badness 10000) has occurred while \output is active []


Overfull \hbox (336.25pt too wide) has occurred while \output is active
[]
 []


Underfull \hbox (badness 10000) has occurred while \output is active
 [][][][] 
 []

[10



]
Underfull \vbox (badness 10000) detected at line 48
 []


Overfull \hbox (336.25pt too wide) detected at line 48
[]
 []


Underfull \vbox (badness 10000) detected at line 48
 []


Overfull \hbox (336.25pt too wide) detected at line 48
[]
 []


Underfull \vbox (badness 10000) detected at line 48
 []


Overfull \hbox (336.25pt too wide) detected at line 48
[]
 []


Underfull \vbox (badness 10000) detected at line 48
 []


Overfull \hbox (336.25pt too wide) detected at line 48
[]
 []


Underfull \hbox (badness 10000) detected at line 48
[]
 []

(Introduction to Bayesian Econometrics A GUIded tour using R.toc
Underfull \hbox (badness 10000) has occurred while \output is active
 [][][][] 
 []

[7

]
Overfull \hbox (1.91733pt too wide) in paragraph at lines 31--31
 [][] []\OT1/cmr/m/n/10 Linear re-gres-sion: The con-ju-gate normal-normal/inve
rse gamma 
 []


Overfull \hbox (20.69514pt too wide) in paragraph at lines 32--32
 [][] []\OT1/cmr/m/n/10 Multivariate lin-ear re-gres-sion: The con-ju-gate norm
al-normal/inverse 
 []

[8])
\tf@toc=\write6
\openout6 = `"Introduction to Bayesian Econometrics A GUIded tour using R.toc"'
.

 [9]
\openout2 = `frontmatter/foreword.aux'.

 (frontmatter/foreword.tex
Underfull \vbox (badness 10000) has occurred while \output is active []


Overfull \hbox (336.25pt too wide) has occurred while \output is active
[]
 []


Underfull \vbox (badness 10000) has occurred while \output is active []


Overfull \hbox (336.25pt too wide) has occurred while \output is active
[]
 []


Underfull \vbox (badness 10000) has occurred while \output is active []


Overfull \hbox (336.25pt too wide) has occurred while \output is active
[]
 []


Underfull \vbox (badness 10000) has occurred while \output is active []


Overfull \hbox (336.25pt too wide) has occurred while \output is active
[]
 []


Underfull \hbox (badness 10000) has occurred while \output is active
 [][][][] 
 []

[10


]
Underfull \vbox (badness 10000) detected at line 1
 []


Overfull \hbox (336.25pt too wide) detected at line 1
[]
 []


Underfull \vbox (badness 10000) detected at line 1
 []


Overfull \hbox (336.25pt too wide) detected at line 1
[]
 []


Underfull \vbox (badness 10000) detected at line 1
 []


Overfull \hbox (336.25pt too wide) detected at line 1
[]
 []


Underfull \vbox (badness 10000) detected at line 1
 []


Overfull \hbox (336.25pt too wide) detected at line 1
[]
 []


Underfull \hbox (badness 10000) detected at line 1
[]
 []

)
Underfull \hbox (badness 10000) has occurred while \output is active
 [][][][] 
 []

[11

]
\openout2 = `frontmatter/preface.aux'.

 (frontmatter/preface.tex
Underfull \vbox (badness 10000) has occurred while \output is active []


Overfull \hbox (336.25pt too wide) has occurred while \output is active
[]
 []


Underfull \vbox (badness 10000) has occurred while \output is active []


Overfull \hbox (336.25pt too wide) has occurred while \output is active
[]
 []


Underfull \vbox (badness 10000) has occurred while \output is active []


Overfull \hbox (336.25pt too wide) has occurred while \output is active
[]
 []


Underfull \vbox (badness 10000) has occurred while \output is active []


Overfull \hbox (336.25pt too wide) has occurred while \output is active
[]
 []


Underfull \hbox (badness 10000) has occurred while \output is active
 [][][][] 
 []

[12




]
Underfull \vbox (badness 10000) detected at line 1
 []


Overfull \hbox (336.25pt too wide) detected at line 1
[]
 []


Underfull \vbox (badness 10000) detected at line 1
 []


Overfull \hbox (336.25pt too wide) detected at line 1
[]
 []


Underfull \vbox (badness 10000) detected at line 1
 []


Overfull \hbox (336.25pt too wide) detected at line 1
[]
 []


Underfull \vbox (badness 10000) detected at line 1
 []


Overfull \hbox (336.25pt too wide) detected at line 1
[]
 []


Underfull \hbox (badness 10000) detected at line 1
[]
 []


Underfull \hbox (badness 10000) has occurred while \output is active
 [][][][] 
 []

[13

]) [14]
\openout2 = `frontmatter/symbollist.aux'.

 (frontmatter/symbollist.tex
Underfull \vbox (badness 10000) detected at line 1
 []


Overfull \hbox (336.25pt too wide) detected at line 1
[]
 []


Underfull \vbox (badness 10000) detected at line 1
 []


Overfull \hbox (336.25pt too wide) detected at line 1
[]
 []


Underfull \vbox (badness 10000) detected at line 1
 []


Overfull \hbox (336.25pt too wide) detected at line 1
[]
 []


Underfull \vbox (badness 10000) detected at line 1
 []


Overfull \hbox (336.25pt too wide) detected at line 1
[]
 []


Underfull \hbox (badness 10000) detected at line 1
[]
 []

LaTeX Font Info:    Trying to load font information for U+bbm on input line 8.
(C:\Users\aramir21\AppData\Local\Programs\MiKTeX\tex/latex/bbm\ubbm.fd
File: ubbm.fd 1999/03/15 V 1.2 Font definition for bbm font - TH
))
Underfull \hbox (badness 10000) has occurred while \output is active
 [][][][] 
 []

[15





]
Underfull \vbox (badness 10000) has occurred while \output is active []


Overfull \hbox (336.25pt too wide) has occurred while \output is active
[]
 []


Underfull \vbox (badness 10000) has occurred while \output is active []


Overfull \hbox (336.25pt too wide) has occurred while \output is active
[]
 []


Underfull \vbox (badness 10000) has occurred while \output is active []


Overfull \hbox (336.25pt too wide) has occurred while \output is active
[]
 []


Underfull \vbox (badness 10000) has occurred while \output is active []


Overfull \hbox (336.25pt too wide) has occurred while \output is active
[]
 []


Underfull \hbox (badness 10000) has occurred while \output is active
 [][][][] 
 []

[16



]
Underfull \vbox (badness 10000) detected at line 58
 []


Overfull \hbox (336.25pt too wide) detected at line 58
[]
 []


Underfull \vbox (badness 10000) detected at line 58
 []


Overfull \hbox (336.25pt too wide) detected at line 58
[]
 []


Underfull \vbox (badness 10000) detected at line 58
 []


Overfull \hbox (336.25pt too wide) detected at line 58
[]
 []


Underfull \vbox (badness 10000) detected at line 58
 []


Overfull \hbox (336.25pt too wide) detected at line 58
[]
 []


Underfull \vbox (badness 10000) has occurred while \output is active []


Overfull \hbox (336.25pt too wide) has occurred while \output is active
[]
 []


Underfull \vbox (badness 10000) has occurred while \output is active []


Overfull \hbox (336.25pt too wide) has occurred while \output is active
[]
 []


Underfull \vbox (badness 10000) has occurred while \output is active []


Overfull \hbox (336.25pt too wide) has occurred while \output is active
[]
 []


Underfull \vbox (badness 10000) has occurred while \output is active []


Overfull \hbox (336.25pt too wide) has occurred while \output is active
[]
 []


Underfull \hbox (badness 10000) has occurred while \output is active
 [][][][] 
 []

[1

]
Underfull \vbox (badness 10000) has occurred while \output is active []


Overfull \hbox (336.25pt too wide) has occurred while \output is active
[]
 []


Underfull \vbox (badness 10000) has occurred while \output is active []


Overfull \hbox (336.25pt too wide) has occurred while \output is active
[]
 []


Underfull \vbox (badness 10000) has occurred while \output is active []


Overfull \hbox (336.25pt too wide) has occurred while \output is active
[]
 []


Underfull \vbox (badness 10000) has occurred while \output is active []


Overfull \hbox (336.25pt too wide) has occurred while \output is active
[]
 []


Underfull \hbox (badness 10000) has occurred while \output is active
 [][][][] 
 []

[2]
\openout2 = `chapters/chapter1/ch1.aux'.

 (chapters/chapter1/ch1.tex
Underfull \vbox (badness 10000) detected at line 1
 []


Overfull \hbox (336.25pt too wide) detected at line 1
[]
 []


Underfull \vbox (badness 10000) detected at line 1
 []


Overfull \hbox (336.25pt too wide) detected at line 1
[]
 []


Underfull \vbox (badness 10000) detected at line 1
 []


Overfull \hbox (336.25pt too wide) detected at line 1
[]
 []


Underfull \vbox (badness 10000) detected at line 1
 []


Overfull \hbox (336.25pt too wide) detected at line 1
[]
 []

Chapter 1.

Underfull \hbox (badness 10000) has occurred while \output is active
 [][][][] 
 []

[3



]
(C:\Users\aramir21\AppData\Local\Programs\MiKTeX\tex/latex/listings\lstlang1.st
y
File: lstlang1.sty 2020/03/24 1.8d listings language file
)
(C:\Users\aramir21\AppData\Local\Programs\MiKTeX\tex/latex/listings\lstlang2.st
y
File: lstlang2.sty 2020/03/24 1.8d listings language file
)
(C:\Users\aramir21\AppData\Local\Programs\MiKTeX\tex/latex/listings\lstlang3.st
y
File: lstlang3.sty 2020/03/24 1.8d listings language file
)
LaTeX Font Info:    Trying to load font information for OML+cmr on input line 4
1.
 (C:\Users\aramir21\AppData\Local\Programs\MiKTeX\tex/latex/base\omlcmr.fd
File: omlcmr.fd 2019/12/16 v2.5j Standard LaTeX font definitions
)
LaTeX Font Info:    Font shape `OML/cmr/bx/n' in size <8> not available
(Font)              Font shape `OML/cmm/b/it' tried instead on input line 41.

Overfull \hbox (34.49982pt too wide) in paragraph at lines 45--45
| 
 []


Overfull \hbox (1.00076pt too wide) in paragraph at lines 46--46
[] 
 []

[4]
Overfull \hbox (44.9666pt too wide) in paragraph at lines 52--52
[][]\OT1/cmr/m/n/8 https://www.wolframalpha.com/input/?i=number+of+people+who+h
ave+ever+lived+on+Earth| 
 []


Underfull \hbox (badness 10000) in paragraph at lines 52--52
[][]\OT1/cmr/m/n/8 https://www.r-bloggers.com/2019/04/base-rate-fallacy-or-why-
no-one-is-justified-to-
 []


Overfull \hbox (2.11887pt too wide) detected at line 60
[]
 []


Overfull \hbox (34.49982pt too wide) in paragraph at lines 75--75
| 
 []


Overfull \hbox (1.00076pt too wide) in paragraph at lines 76--76
[] 
 []

[5]
<Chapters/chapter1/figures/MHproblem.png, id=115, 194.7275pt x 125.46875pt>
File: Chapters/chapter1/figures/MHproblem.png Graphic file (type png)
<use Chapters/chapter1/figures/MHproblem.png>
Package pdftex.def Info: Chapters/chapter1/figures/MHproblem.png  used on input
 line 89.
(pdftex.def)             Requested size: 340.0116pt x 200.02274pt.

Overfull \hbox (3.5116pt too wide) in paragraph at lines 89--91
[][] 
 []

[6 <./Chapters/chapter1/figures/MHproblem.png>]
LaTeX Font Info:    Trying to load font information for OMS+cmr on input line 1
15.

(C:\Users\aramir21\AppData\Local\Programs\MiKTeX\tex/latex/base\omscmr.fd
File: omscmr.fd 2019/12/16 v2.5j Standard LaTeX font definitions
)
LaTeX Font Info:    Font shape `OMS/cmr/bx/n' in size <8> not available
(Font)              Font shape `OMS/cmsy/b/n' tried instead on input line 115.

Overfull \hbox (34.49982pt too wide) in paragraph at lines 153--153
| 
 []


Overfull \hbox (1.00076pt too wide) in paragraph at lines 154--154
[] 
 []

[7] [8] [9]
Overfull \hbox (7.78339pt too wide) in paragraph at lines 213--214
[]\OT1/cmr/m/n/10 However, we still need to cal-cu-late $\OML/cmm/m/it/10 p\OT1
/cmr/m/n/10 (\OT1/cmr/bx/n/10 y\OMS/cmsy/m/n/10 jM[]\OT1/cmr/m/n/10 ) = [][] \O
ML/cmm/m/it/10 p\OT1/cmr/m/n/10 (\OT1/cmr/bx/n/10 y\OMS/cmsy/m/n/10 j\OML/cmm/m
/it/10 ; \OMS/cmsy/m/n/10 M[]\OT1/cmr/m/n/10 )\OML/cmm/m/it/10 \OT1/cmr/m/n/1
0 (\OML/cmm/m/it/10 \OMS/cmsy/m/n/10 jM[]\OT1/cmr/m/n/10 )\OML/cmm/m/it/10 d 
\OT1/cmr/m/n/10 =
 []

[10] [11]

LaTeX Warning: Reference `time' on page 12 undefined on input line 280.

[12] [13]
Overfull \hbox (15.45816pt too wide) in paragraph at lines 335--336
[]\OT1/cmr/m/n/10 where the pos-te-rior dis-tri-bu-tion is $\OML/cmm/m/it/10 \
OT1/cmr/m/n/10 (\OML/cmm/m/it/10 \OMS/cmsy/m/n/10 j\OT1/cmr/bx/n/10 y\OT1/cmr/
m/n/10 ) \OMS/cmsy/m/n/10 / \OML/cmm/m/it/10 [] [] []$
 []

[14]

Package amsmath Warning: Foreign command \atopwithdelims;
(amsmath)                \frac or \genfrac should be used instead
(amsmath)                 on input line 357.

[15]
Overfull \hbox (34.49982pt too wide) in paragraph at lines 433--433
| 
 []


Overfull \hbox (1.00076pt too wide) in paragraph at lines 434--434
[] 
 []

[16]
Overfull \hbox (34.49982pt too wide) in paragraph at lines 489--489
| 
 []


Overfull \hbox (1.00076pt too wide) in paragraph at lines 490--490
[] 
 []

[17]
Overfull \vbox (5.05017pt too high) has occurred while \output is active []


[18]
Overfull \hbox (34.49982pt too wide) in paragraph at lines 520--520
| 
 []


Overfull \hbox (1.00076pt too wide) in paragraph at lines 521--521
[] 
 []

<Chapters/chapter1/figures/PoisGam.png, id=168, 481.8pt x 287.57437pt>
File: Chapters/chapter1/figures/PoisGam.png Graphic file (type png)
<use Chapters/chapter1/figures/PoisGam.png>
Package pdftex.def Info: Chapters/chapter1/figures/PoisGam.png  used on input l
ine 524.
(pdftex.def)             Requested size: 340.00722pt x 200.00621pt.

Overfull \hbox (3.50722pt too wide) in paragraph at lines 524--526
[][] 
 []


LaTeX Warning: `!h' float specifier changed to `!ht'.

<Chapters/chapter1/figures/PriorLikPost.png, id=169, 481.8pt x 298.86656pt>
File: Chapters/chapter1/figures/PriorLikPost.png Graphic file (type png)
<use Chapters/chapter1/figures/PriorLikPost.png>
Package pdftex.def Info: Chapters/chapter1/figures/PriorLikPost.png  used on in
put line 530.
(pdftex.def)             Requested size: 340.00722pt x 200.00241pt.

Overfull \hbox (3.50722pt too wide) in paragraph at lines 530--532
[][] 
 []


LaTeX Warning: `!h' float specifier changed to `!ht'.

[19] [20 <./Chapters/chapter1/figures/PoisGam.png> <./Chapters/chapter1/figures
/PriorLikPost.png>]
Overfull \hbox (34.49982pt too wide) in paragraph at lines 566--566
| 
 []


Overfull \hbox (1.00076pt too wide) in paragraph at lines 567--567
[] 
 []

<Chapters/chapter1/figures/Predictive.png, id=178, 481.8pt x 298.86656pt>
File: Chapters/chapter1/figures/Predictive.png Graphic file (type png)
<use Chapters/chapter1/figures/Predictive.png>
Package pdftex.def Info: Chapters/chapter1/figures/Predictive.png  used on inpu
t line 570.
(pdftex.def)             Requested size: 340.00722pt x 200.00241pt.

Overfull \hbox (3.50722pt too wide) in paragraph at lines 570--572
[][] 
 []

[21

 <./Chapters/chapter1/figures/Predictive.png>]
Overfull \hbox (17.20248pt too wide) in paragraph at lines 600--601
[][][][][][][][][][][][][][][][][][][][][][][][][][][][][][][][][] 
 []


Overfull \hbox (11.32239pt too wide) in paragraph at lines 610--611
[][][][][][][][][][][][][][][][][][][][][][][][][][][][][][][] 
 []


Overfull \hbox (11.32239pt too wide) in paragraph at lines 615--616
[][][][][][][][][][][][][][][][][] 
 []


Overfull \hbox (17.20248pt too wide) in paragraph at lines 616--617
[][][][][][][][][][][][][][][][] 
 []


Overfull \hbox (11.32239pt too wide) in paragraph at lines 617--618
[][][][][][][][][][][][][][][][] 
 []


Overfull \hbox (5.44229pt too wide) in paragraph at lines 623--624
[][][][][][][][][][][][][][][][][] 
 []


Overfull \hbox (34.49982pt too wide) in paragraph at lines 625--625
| 
 []


Overfull \hbox (1.00076pt too wide) in paragraph at lines 626--626
[] 
 []

<Chapters/chapter1/figures/BMA.png, id=183, 481.8pt x 298.86656pt>
File: Chapters/chapter1/figures/BMA.png Graphic file (type png)
<use Chapters/chapter1/figures/BMA.png>
Package pdftex.def Info: Chapters/chapter1/figures/BMA.png  used on input line 
629.
(pdftex.def)             Requested size: 340.00722pt x 200.00241pt.

Overfull \hbox (3.50722pt too wide) in paragraph at lines 629--631
[][] 
 []


LaTeX Warning: `!h' float specifier changed to `!ht'.

<Chapters/chapter1/figures/Updating.png, id=184, 481.8pt x 298.86656pt>
File: Chapters/chapter1/figures/Updating.png Graphic file (type png)
<use Chapters/chapter1/figures/Updating.png>
Package pdftex.def Info: Chapters/chapter1/figures/Updating.png  used on input 
line 635.
(pdftex.def)             Requested size: 340.00722pt x 200.00241pt.

Overfull \hbox (3.50722pt too wide) in paragraph at lines 635--637
[][] 
 []


LaTeX Warning: `!h' float specifier changed to `!ht'.

[22] [23 <./Chapters/chapter1/figures/BMA.png> <./Chapters/chapter1/figures/Upd
ating.png>]
Overfull \hbox (11.32239pt too wide) in paragraph at lines 659--660
[][][][][][][][][][][][][][][][][][][][][][][][][][][] 
 []


Overfull \hbox (17.20248pt too wide) in paragraph at lines 669--670
[][][][][][][][][][][][][][][][][][][][] 
 []


Overfull \hbox (34.49982pt too wide) in paragraph at lines 675--675
| 
 []


Overfull \hbox (1.00076pt too wide) in paragraph at lines 676--676
[] 
 []

[24] [25] [26] [27]
Overfull \hbox (11.32239pt too wide) in paragraph at lines 804--805
[][][][][][][][][][][][][][][][][][][][][][][][][][][][] 
 []


Overfull \hbox (34.49982pt too wide) in paragraph at lines 812--812
| 
 []


Overfull \hbox (1.00076pt too wide) in paragraph at lines 813--813
[] 
 []

LaTeX Font Info:    Font shape `OML/cmr/bx/it' in size <8> not available
(Font)              Font shape `OML/cmm/b/it' tried instead on input line 828.

Overfull \hbox (17.20248pt too wide) in paragraph at lines 848--849
[][][][][][][][][][][][][][][][][][][][][][] 
 []


Overfull \hbox (17.20248pt too wide) in paragraph at lines 850--851
[][][][][][][][][][][][][][][][][] 
 []


Overfull \hbox (34.49982pt too wide) in paragraph at lines 852--852
| 
 []


Overfull \hbox (1.00076pt too wide) in paragraph at lines 853--853
[] 
 []

[28] [29]
Underfull \hbox (badness 10000) detected at line 862
 [][]
 []


Underfull \hbox (badness 10000) detected at line 862
[][][]
 []


Underfull \hbox (badness 10000) detected at line 866
 [][]
 []


Underfull \hbox (badness 10000) detected at line 866
[][][]
 []


Underfull \hbox (badness 10000) detected at line 870
 [][]
 []


Underfull \hbox (badness 10000) detected at line 870
[][][]
 []


Underfull \hbox (badness 10000) detected at line 872
 [][]
 []


Underfull \hbox (badness 10000) detected at line 872
[][][]
 []


Underfull \hbox (badness 10000) detected at line 878
 [][]
 []


Underfull \hbox (badness 10000) detected at line 878
[][][]
 []

) [30
Non-PDF special ignored!
<special> color cmyk 0 0 0 1.0
Non-PDF special ignored!
<special> color cmyk 0 0 0 1.0
Non-PDF special ignored!
<special> color cmyk 0 0 0 1.0
Non-PDF special ignored!
<special> color cmyk 0 0 0 1.0
Non-PDF special ignored!
<special> color cmyk 0 0 0 1.0
]
\openout2 = `chapters/chapter2/ch2.aux'.

 (chapters/chapter2/ch2.tex
Underfull \vbox (badness 10000) detected at line 1
 []


Overfull \hbox (336.25pt too wide) detected at line 1
[]
 []


Underfull \vbox (badness 10000) detected at line 1
 []


Overfull \hbox (336.25pt too wide) detected at line 1
[]
 []


Underfull \vbox (badness 10000) detected at line 1
 []


Overfull \hbox (336.25pt too wide) detected at line 1
[]
 []


Underfull \vbox (badness 10000) detected at line 1
 []


Overfull \hbox (336.25pt too wide) detected at line 1
[]
 []

Chapter 2.

Underfull \hbox (badness 10000) detected at line 16
 [][]
 []


Underfull \hbox (badness 10000) detected at line 16
[][][]
 []


Underfull \hbox (badness 10000) detected at line 17
 [][]
 []


Underfull \hbox (badness 10000) detected at line 17
[][][]
 []


Underfull \hbox (badness 10000) detected at line 18
 [][]
 []


Underfull \hbox (badness 10000) detected at line 18
[][][]
 []


Underfull \hbox (badness 10000) has occurred while \output is active
 [][][][] 
 []

[31






Non-PDF special ignored!
<special> color cmyk 0 0 0 1.0
Non-PDF special ignored!
<special> color cmyk 0 0 0 1.0
Non-PDF special ignored!
<special> color cmyk 0 0 0 1.0
] [32] [33] [34] [35]
Underfull \hbox (badness 10000) in paragraph at lines 83--83
[][]\OT1/cmr/m/n/8 https://joyeuserrance.wordpress.com/2011/04/22/proof-that-p-
values-under-the-null-
 []

[36]
Underfull \hbox (badness 10000) detected at line 98
 [][]
 []


Underfull \hbox (badness 10000) detected at line 98
[][][]
 []


Underfull \hbox (badness 10000) detected at line 99
 [][]
 []


Underfull \hbox (badness 10000) detected at line 99
[][][]
 []


Overfull \hbox (17.20248pt too wide) in paragraph at lines 118--119
[][][][][][][][][][][][][][][][][][][][][][] 
 []


Overfull \hbox (34.49982pt too wide) in paragraph at lines 122--122
| 
 []


Overfull \hbox (1.00076pt too wide) in paragraph at lines 123--123
[] 
 []

[37
Non-PDF special ignored!
<special> color cmyk 0 0 0 1.0
Non-PDF special ignored!
<special> color cmyk 0 0 0 1.0
]
Overfull \hbox (34.49982pt too wide) in paragraph at lines 144--144
| 
 []


Overfull \hbox (1.00076pt too wide) in paragraph at lines 145--145
[] 
 []

[38] [39]

LaTeX Warning: Reference `objsub' on page 40 undefined on input line 177.

[40]
Underfull \hbox (badness 1137) in paragraph at lines 188--189
\OT1/cmr/m/n/10 sity, $\OML/cmm/m/it/10 \OMS/cmsy/m/n/10 j\OML/cmm/m/it/10 ; 
\OT1/cmr/bx/n/10 y \OMS/cmsy/m/n/10  \OML/cmm/m/it/10 N\OT1/cmr/m/n/10 ([]\OML
/cmm/m/it/10 ; []=N\OT1/cmr/m/n/10 )$. The sec-ond term is the ker-nel of an i
n-
 []

[41]
Overfull \hbox (34.49982pt too wide) in paragraph at lines 247--247
| 
 []


Overfull \hbox (1.00076pt too wide) in paragraph at lines 248--248
[] 
 []

[42]
Underfull \hbox (badness 10000) detected at line 258
 [][]
 []


Underfull \hbox (badness 10000) detected at line 258
[][][]
 []

[43
Non-PDF special ignored!
<special> color cmyk 0 0 0 1.0
]
Underfull \hbox (badness 10000) detected at line 269
 [][]
 []


Underfull \hbox (badness 10000) detected at line 269
[][][]
 []


Underfull \hbox (badness 10000) detected at line 286
 [][]
 []


Underfull \hbox (badness 10000) detected at line 286
[][][]
 []


Underfull \hbox (badness 1490) in paragraph at lines 286--287
[]\OT1/cmr/m/n/10 Using the set-ting of the \OT1/cmr/bx/n/10 Ex-am-ple: Math te
st \OT1/cmr/m/n/10 in sub-sec-
 []

) [44
Non-PDF special ignored!
<special> color cmyk 0 0 0 1.0
Non-PDF special ignored!
<special> color cmyk 0 0 0 1.0
]
\openout2 = `chapters/chapter3/ch3.aux'.

 (chapters/chapter3/ch3.tex
Underfull \vbox (badness 10000) detected at line 1
 []


Overfull \hbox (336.25pt too wide) detected at line 1
[]
 []


Underfull \vbox (badness 10000) detected at line 1
 []


Overfull \hbox (336.25pt too wide) detected at line 1
[]
 []


Underfull \vbox (badness 10000) detected at line 1
 []


Overfull \hbox (336.25pt too wide) detected at line 1
[]
 []


Underfull \vbox (badness 10000) detected at line 1
 []


Overfull \hbox (336.25pt too wide) detected at line 1
[]
 []

Chapter 3.
)
Underfull \hbox (badness 10000) has occurred while \output is active
 [][][][] 
 []

[45





]
\openout2 = `chapters/chapter4/ch4.aux'.

 (chapters/chapter4/ch4.tex
Underfull \vbox (badness 10000) has occurred while \output is active []


Overfull \hbox (336.25pt too wide) has occurred while \output is active
[]
 []


Underfull \vbox (badness 10000) has occurred while \output is active []


Overfull \hbox (336.25pt too wide) has occurred while \output is active
[]
 []


Underfull \vbox (badness 10000) has occurred while \output is active []


Overfull \hbox (336.25pt too wide) has occurred while \output is active
[]
 []


Underfull \vbox (badness 10000) has occurred while \output is active []


Overfull \hbox (336.25pt too wide) has occurred while \output is active
[]
 []


Underfull \hbox (badness 10000) has occurred while \output is active
 [][][][] 
 []

[46




]
Underfull \vbox (badness 10000) detected at line 1
 []


Overfull \hbox (336.25pt too wide) detected at line 1
[]
 []


Underfull \vbox (badness 10000) detected at line 1
 []


Overfull \hbox (336.25pt too wide) detected at line 1
[]
 []


Underfull \vbox (badness 10000) detected at line 1
 []


Overfull \hbox (336.25pt too wide) detected at line 1
[]
 []


Underfull \vbox (badness 10000) detected at line 1
 []


Overfull \hbox (336.25pt too wide) detected at line 1
[]
 []

Chapter 4.

Underfull \hbox (badness 10000) has occurred while \output is active
 [][][][] 
 []

[47

]
Underfull \hbox (badness 10000) detected at line 59
 [][]
 []


Underfull \hbox (badness 10000) detected at line 59
[][][]
 []

[48
Non-PDF special ignored!
<special> color cmyk 0 0 0 1.0
]
Underfull \hbox (badness 1019) in paragraph at lines 79--80
[]\OT1/cmr/m/n/10 such that $\OML/cmm/m/it/10 B\OT1/cmr/m/n/10 (\OML/cmm/m/it/1
0 \OT1/cmr/m/n/10 ) = \OML/cmm/m/it/10 N []\OT1/cmr/m/n/10 (\OML/cmm/m/it/10 
\OT1/cmr/m/n/10 )$, then $\OMS/cmsy/m/n/10 r\OT1/cmr/m/n/10 (\OML/cmm/m/it/10 B
\OT1/cmr/m/n/10 (\OML/cmm/m/it/10 \OT1/cmr/m/n/10 )) = \OML/cmm/m/it/10 N []\O
T1/cmr/m/n/10 (\OML/cmm/m/it/10 \OT1/cmr/m/n/10 ) =
 []


Underfull \hbox (badness 10000) in paragraph at lines 79--80

 []


Underfull \hbox (badness 10000) in paragraph at lines 94--95

 []

[49]
Underfull \hbox (badness 10000) in paragraph at lines 109--110

 []


Underfull \hbox (badness 10000) detected at line 111
 [][]
 []


Underfull \hbox (badness 10000) detected at line 111
[][][]
 []

[50
Non-PDF special ignored!
<special> color cmyk 0 0 0 1.0
]
Underfull \hbox (badness 4316) in paragraph at lines 124--125
[]\OT1/cmr/m/n/10 then $\OML/cmm/m/it/10 h\OT1/cmr/m/n/10 (\OT1/cmr/bx/n/10 y\O
T1/cmr/m/n/10 ) = (2\OML/cmm/m/it/10 \OT1/cmr/m/n/10 )[]$, $\OML/cmm/m/it/10 
\OT1/cmr/m/n/10 (\OML/cmm/m/it/10 ; []\OT1/cmr/m/n/10 ) = []$, $\OML/cmm/m/it
/10 T\OT1/cmr/m/n/10 (\OT1/cmr/bx/n/10 y\OT1/cmr/m/n/10 ) =
 []


Overfull \hbox (32.60896pt too wide) detected at line 130
[]
 []


Overfull \hbox (17.77037pt too wide) detected at line 147
[]
 []


Underfull \hbox (badness 10000) in paragraph at lines 147--149

 []


Overfull \hbox (33.14465pt too wide) detected at line 161
[]
 []

[51]
Overfull \hbox (20.78793pt too wide) in paragraph at lines 166--167
[]\OT1/cmr/m/n/10 Then $\OML/cmm/m/it/10 h\OT1/cmr/m/n/10 (\OT1/cmr/bx/n/10 y\O
T1/cmr/m/n/10 ) = (2\OML/cmm/m/it/10 \OT1/cmr/m/n/10 )[]$, $\OML/cmm/m/it/10 
\OT1/cmr/m/n/10 (\OML/cmm/m/it/10 ; \OT1/cmr/bx/n/10 \OT1/cmr/m/n/10 )[] = []
$,
 []


Overfull \hbox (1.75276pt too wide) in paragraph at lines 166--167
\OML/cmm/m/it/10 T\OT1/cmr/m/n/10 (\OT1/cmr/bx/n/10 y\OT1/cmr/m/n/10 ) = [][]$ 
and $\OML/cmm/m/it/10 C\OT1/cmr/m/n/10 (\OML/cmm/m/it/10 ; \OT1/cmr/bx/n/10 \
OT1/cmr/m/n/10 ) =
 []


Underfull \hbox (badness 10000) in paragraph at lines 173--174

 []


Underfull \hbox (badness 1028) in paragraph at lines 181--182
[]\OT1/cmr/m/n/10 Observe that the pos-te-rior is in the ex-po-nen-tial fam-ily
, $\OML/cmm/m/it/10 \OT1/cmr/m/n/10 (\OML/cmm/m/it/10 \OMS/cmsy/m/n/10 j\OT1/
cmr/bx/n/10 y\OT1/cmr/m/n/10 ) \OMS/cmsy/m/n/10 /
 []


Underfull \hbox (badness 10000) in paragraph at lines 181--182

 []

[52]
Underfull \hbox (badness 10000) detected at line 194
 [][]
 []


Underfull \hbox (badness 10000) detected at line 194
[][][]
 []

[53
Non-PDF special ignored!
<special> color cmyk 0 0 0 1.0
]
Underfull \hbox (badness 10000) in paragraph at lines 228--229

 []

[54]
Underfull \hbox (badness 10000) in paragraph at lines 272--273

 []

[55]
Underfull \hbox (badness 1137) in paragraph at lines 297--298
[]\OT1/cmr/m/n/10 This is the ker-nel of a Dirich-let dis-tri-bu-tion $\OML/cmm
/m/it/10 D\OT1/cmr/m/n/10 (\OML/cmm/m/it/10 []\OT1/cmr/m/n/10 )$, $\OML/cmm/m/
it/10 [] \OT1/cmr/m/n/10 =
 []

[56]
Underfull \hbox (badness 10000) in paragraph at lines 324--325

 []


Overfull \hbox (23.46631pt too wide) in paragraph at lines 328--328
[][]\OT1/cmr/m/n/8 https://www.11v11.com/teams/manchester-city/tab/opposingTeam
s/opposition/Liverpool/.| 
 []


Underfull \hbox (badness 10000) in paragraph at lines 330--330
[][]\OT1/cmr/m/n/8 https://www.oddsportal.com/soccer/england/premier-league/liv
erpool-manchester-
 []

[57]
Overfull \hbox (17.20248pt too wide) in paragraph at lines 340--341
[][][][][][][][][][][][][][][][] 
 []


Overfull \hbox (11.32239pt too wide) in paragraph at lines 346--347
[][][][][][][][][][][][][][][][][][][][][][][][][][][][][][] 
 []


Overfull \hbox (11.32239pt too wide) in paragraph at lines 356--357
[][][][][][][][][][][][][][][][][][][] 
 []


Overfull \hbox (17.20248pt too wide) in paragraph at lines 372--373
[][][][][][][][][][][][][][][][][][][][][][][] 
 []


Overfull \hbox (5.44229pt too wide) in paragraph at lines 373--374
[][][][][][][][][][][][][][][][][][][][][][] 
 []


Overfull \hbox (34.49982pt too wide) in paragraph at lines 377--377
| 
 []


Overfull \hbox (45.70076pt too wide) in paragraph at lines 378--378
[] 
 []


Overfull \hbox (5.44229pt too wide) in paragraph at lines 393--394
[][][][][][][][][][][][][][][][][][][] 
 []


Overfull \hbox (11.32239pt too wide) in paragraph at lines 403--405
[][][][][][][][][][][][][][][][][][][][][][][] 
 []


Overfull \hbox (5.44229pt too wide) in paragraph at lines 417--418
[][][][][][][][][][][][][] 
 []


Overfull \hbox (34.49982pt too wide) in paragraph at lines 430--430
| 
 []


Overfull \hbox (45.70076pt too wide) in paragraph at lines 431--431
[] 
 []

[58] [59]
Underfull \hbox (badness 10000) detected at line 435
 [][]
 []


Underfull \hbox (badness 10000) detected at line 435
[][][]
 []


Overfull \hbox (27.30571pt too wide) detected at line 462
[]
 []

[60
Non-PDF special ignored!
<special> color cmyk 0 0 0 1.0
]
Overfull \hbox (5.11742pt too wide) detected at line 474
[]
 []


Underfull \hbox (badness 3492) in paragraph at lines 478--479
[]\OT1/cmr/m/n/10 This is the ker-nel of a Stu-dent's t dis-tri-bu-tion, $\OML/
cmm/m/it/10 \OMS/cmsy/m/n/10 j\OT1/cmr/bx/n/10 y \OMS/cmsy/m/n/10 
 []


Underfull \hbox (badness 3977) in paragraph at lines 478--479
\OML/cmm/m/it/10 t\OT1/cmr/m/n/10 (\OML/cmm/m/it/10 []; []=[][]; []\OT1/cm
r/m/n/10 )$, where $\U/msb/m/n/10 E\OT1/cmr/m/n/10 [\OML/cmm/m/it/10 \OMS/cmsy
/m/n/10 j\OT1/cmr/bx/n/10 y\OT1/cmr/m/n/10 ] = \OML/cmm/m/it/10 []$ \OT1/cmr/m
/n/10 and $\OML/cmm/m/it/10 Var\OT1/cmr/m/n/10 [\OML/cmm/m/it/10 \OMS/cmsy/m/n
/10 j\OT1/cmr/bx/n/10 y\OT1/cmr/m/n/10 ] =
 []

[61]
Overfull \hbox (32.37401pt too wide) detected at line 493
[]
 []


Overfull \hbox (46.46373pt too wide) in paragraph at lines 493--496
 \OT1/cmr/m/n/10 where we take into ac-count that $[][] [][] \OML/cmm/m/it/10 d
 [][] \OT1/cmr/m/n/10 =
 []


Overfull \hbox (48.14915pt too wide) detected at line 510
[]
 []

[62]
Underfull \hbox (badness 10000) in paragraph at lines 514--515

 []

[63]
Overfull \hbox (1.30653pt too wide) detected at line 554
[]
 []

[64]
Overfull \hbox (34.69217pt too wide) detected at line 581
[]
 []

[65]
Overfull \hbox (5.44229pt too wide) in paragraph at lines 643--644
[][][][][][][][][][][][][][][][][][][][][][] 
 []


Overfull \hbox (11.32239pt too wide) in paragraph at lines 645--646
[][][][][][][][][][][][][][][][][][][][][][][][][] 
 []


Overfull \hbox (11.32239pt too wide) in paragraph at lines 661--662
[][][][][][][][][][][][][][][][][][][][][][][][][][][][] 
 []


Overfull \hbox (34.49982pt too wide) in paragraph at lines 671--671
| 
 []


Overfull \hbox (45.70076pt too wide) in paragraph at lines 672--672
[] 
 []

[66]
Overfull \vbox (12.05017pt too high) has occurred while \output is active []


[67]
Overfull \hbox (11.32239pt too wide) in paragraph at lines 700--701
[][][][][][][][][][][][][][][][][][][][][][][][][][][][][][][][][][][] 
 []


Overfull \hbox (17.20248pt too wide) in paragraph at lines 703--704
[][][][][][][][][][][][][][][][][][][][][][][][][][][][][][][][][][][][] 
 []


Overfull \hbox (11.32239pt too wide) in paragraph at lines 709--710
[][][][][][][][][][][][][][][][][][][][][][][][][][][][] 
 []


Overfull \hbox (34.49982pt too wide) in paragraph at lines 718--718
| 
 []


Overfull \hbox (45.70076pt too wide) in paragraph at lines 719--719
[] 
 []


Overfull \hbox (20.67642pt too wide) in paragraph at lines 728--728
[]\OT1/cmr/bx/n/12 Linear re-gres-sion: The con-ju-gate normal-normal/inverse
 []

[68]
Underfull \hbox (badness 10000) in paragraph at lines 732--733

 []


Overfull \hbox (24.1399pt too wide) detected at line 755
[]
 []

[69]
Underfull \hbox (badness 1067) in paragraph at lines 775--776
\OT1/cmr/m/n/10 trix of the lo-ca-tion pa-ram-e-ters $\OML/cmm/m/it/10 []\OT1/
cmr/m/n/10 (\OT1/cmr/bx/n/10 B[] \OT1/cmr/m/n/10 + \OT1/cmr/bx/n/10 X[]X\OT1/cm
r/m/n/10 )[] = \OML/cmm/m/it/10 []\OT1/cmr/m/n/10 (\OT1/cmr/bx/n/10 X[]X\OT1/c
mr/m/n/10 )[] \OMS/cmsy/m/n/10  
 []


Overfull \hbox (26.75568pt too wide) detected at line 787
[]
 []

[70]
Overfull \hbox (13.9051pt too wide) detected at line 817
[]
 []

[71] [72]
Overfull \hbox (0.90176pt too wide) detected at line 855
[]
 []


Overfull \hbox (37.44878pt too wide) detected at line 861
[]
 []

[73]
Overfull \hbox (32.61244pt too wide) detected at line 878
[]
 []


Underfull \hbox (badness 1635) in paragraph at lines 889--890
[]\OT1/cmr/m/n/10 The pos-te-rior pre-dic-tive is a mul-ti-vari-ate t dis-tri-b
u-tion, $\OT1/cmr/bx/n/10 Y[]\OMS/cmsy/m/n/10 j\OT1/cmr/bx/n/10 y \OMS/cmsy/m/n
/10 
 []


Overfull \hbox (3.68475pt too wide) in paragraph at lines 891--891
[]\OT1/cmr/bx/n/12 Multivariate lin-ear re-gres-sion: The con-ju-gate normal-
 []

[74]
Overfull \hbox (13.83972pt too wide) detected at line 926
[]
 []


Overfull \hbox (36.10065pt too wide) has occurred while \output is active
 [][][][]  \OT1/cmr/m/it/10 Multivariate linear regression: The conjugate norma
l-normal/inverse Wishart model  \OT1/cmr/m/n/10 75
 []

[75]
Overfull \hbox (27.54565pt too wide) detected at line 959
[]
 []


Overfull \hbox (14.7439pt too wide) detected at line 966
[]
 []


Overfull \hbox (17.76361pt too wide) detected at line 981
[]
 []

[76]
Overfull \hbox (79.6931pt too wide) detected at line 1006
[]
 []


Overfull \hbox (36.10065pt too wide) has occurred while \output is active
 [][][][]  \OT1/cmr/m/it/10 Multivariate linear regression: The conjugate norma
l-normal/inverse Wishart model  \OT1/cmr/m/n/10 77
 []

[77]
Underfull \hbox (badness 10000) detected at line 1036
 [][]
 []


Underfull \hbox (badness 10000) detected at line 1036
[][][]
 []


Underfull \hbox (badness 10000) detected at line 1038
 [][]
 []


Underfull \hbox (badness 10000) detected at line 1038
[][][]
 []

[78
Non-PDF special ignored!
<special> color cmyk 0 0 0 1.0
]
Underfull \hbox (badness 10000) detected at line 1040
 [][]
 []


Underfull \hbox (badness 10000) detected at line 1040
[][][]
 []


Underfull \hbox (badness 10000) detected at line 1042
 [][]
 []


Underfull \hbox (badness 10000) detected at line 1042
[][][]
 []


Underfull \hbox (badness 10000) detected at line 1044
 [][]
 []


Underfull \hbox (badness 10000) detected at line 1044
[][][]
 []


Underfull \hbox (badness 10000) detected at line 1046
 [][]
 []


Underfull \hbox (badness 10000) detected at line 1046
[][][]
 []


Underfull \hbox (badness 1286) in paragraph at lines 1046--1047
\OT1/cmr/m/n/10 Wishart model, and show that $\OT1/cmr/bx/n/10 Y[]\OMS/cmsy/m/n
/10 j\OT1/cmr/bx/n/10 Y \OMS/cmsy/m/n/10  \OML/cmm/m/it/10 T[]\OT1/cmr/m/n/10 
(\OML/cmm/m/it/10 [] \OMS/cmsy/m/n/10   \OML/cmm/m/it/10 M \OT1/cmr/m/n/10 +
 []


Underfull \hbox (badness 10000) detected at line 1048
 [][]
 []


Underfull \hbox (badness 10000) detected at line 1048
[][][]
 []


Underfull \hbox (badness 10000) detected at line 1050
 [][]
 []


Underfull \hbox (badness 10000) detected at line 1050
[][][]
 []


Overfull \hbox (9.71996pt too wide) in paragraph at lines 1050--1051
[]\OT1/cmr/m/n/10 Show that in the lin-ear re-gres-sion model $\OML/cmm/m/it/10
 []\OT1/cmr/m/n/10 (\OT1/cmr/bx/n/10 B[] \OMS/cmsy/m/n/10   \OT1/cmr/bx/n/10 B
[]M[]B[]\OT1/cmr/m/n/10 )\OML/cmm/m/it/10 [] \OT1/cmr/m/n/10 =
 []


Underfull \hbox (badness 10000) detected at line 1052
 [][]
 []


Underfull \hbox (badness 10000) detected at line 1052
[][][]
 []


Underfull \hbox (badness 10000) detected at line 1054
 [][]
 []


Underfull \hbox (badness 10000) detected at line 1054
[][][]
 []


Underfull \hbox (badness 10000) detected at line 1062
 [][]
 []


Underfull \hbox (badness 10000) detected at line 1062
[][][]
 []

[79
Non-PDF special ignored!
<special> color cmyk 0 0 0 1.0
Non-PDF special ignored!
<special> color cmyk 0 0 0 1.0
Non-PDF special ignored!
<special> color cmyk 0 0 0 1.0
Non-PDF special ignored!
<special> color cmyk 0 0 0 1.0
Non-PDF special ignored!
<special> color cmyk 0 0 0 1.0
Non-PDF special ignored!
<special> color cmyk 0 0 0 1.0
Non-PDF special ignored!
<special> color cmyk 0 0 0 1.0
Non-PDF special ignored!
<special> color cmyk 0 0 0 1.0
Non-PDF special ignored!
<special> color cmyk 0 0 0 1.0
Non-PDF special ignored!
<special> color cmyk 0 0 0 1.0
]
Underfull \hbox (badness 10000) detected at line 1071
 [][]
 []


Underfull \hbox (badness 10000) detected at line 1071
[][][]
 []

) [80
Non-PDF special ignored!
<special> color cmyk 0 0 0 1.0
]
\openout2 = `chapters/chapter5/ch5.aux'.

 (chapters/chapter5/ch5.tex
Underfull \vbox (badness 10000) detected at line 1
 []


Overfull \hbox (336.25pt too wide) detected at line 1
[]
 []


Underfull \vbox (badness 10000) detected at line 1
 []


Overfull \hbox (336.25pt too wide) detected at line 1
[]
 []


Underfull \vbox (badness 10000) detected at line 1
 []


Overfull \hbox (336.25pt too wide) detected at line 1
[]
 []


Underfull \vbox (badness 10000) detected at line 1
 []


Overfull \hbox (336.25pt too wide) detected at line 1
[]
 []

Chapter 5.
)
Underfull \hbox (badness 10000) has occurred while \output is active
 [][][][] 
 []

[81





]
Underfull \vbox (badness 10000) detected at line 64
 []


Overfull \hbox (336.25pt too wide) detected at line 64
[]
 []


Underfull \vbox (badness 10000) detected at line 64
 []


Overfull \hbox (336.25pt too wide) detected at line 64
[]
 []


Underfull \vbox (badness 10000) detected at line 64
 []


Overfull \hbox (336.25pt too wide) detected at line 64
[]
 []


Underfull \vbox (badness 10000) detected at line 64
 []


Overfull \hbox (336.25pt too wide) detected at line 64
[]
 []


Underfull \vbox (badness 10000) has occurred while \output is active []


Overfull \hbox (336.25pt too wide) has occurred while \output is active
[]
 []


Underfull \vbox (badness 10000) has occurred while \output is active []


Overfull \hbox (336.25pt too wide) has occurred while \output is active
[]
 []


Underfull \vbox (badness 10000) has occurred while \output is active []


Overfull \hbox (336.25pt too wide) has occurred while \output is active
[]
 []


Underfull \vbox (badness 10000) has occurred while \output is active []


Overfull \hbox (336.25pt too wide) has occurred while \output is active
[]
 []


Underfull \hbox (badness 10000) has occurred while \output is active
 [][][][] 
 []

[82



]
Underfull \vbox (badness 10000) has occurred while \output is active []


Overfull \hbox (336.25pt too wide) has occurred while \output is active
[]
 []


Underfull \vbox (badness 10000) has occurred while \output is active []


Overfull \hbox (336.25pt too wide) has occurred while \output is active
[]
 []


Underfull \vbox (badness 10000) has occurred while \output is active []


Overfull \hbox (336.25pt too wide) has occurred while \output is active
[]
 []


Underfull \vbox (badness 10000) has occurred while \output is active []


Overfull \hbox (336.25pt too wide) has occurred while \output is active
[]
 []


Underfull \hbox (badness 10000) has occurred while \output is active
 [][][][] 
 []

[83]
Underfull \vbox (badness 10000) has occurred while \output is active []


Overfull \hbox (336.25pt too wide) has occurred while \output is active
[]
 []


Underfull \vbox (badness 10000) has occurred while \output is active []


Overfull \hbox (336.25pt too wide) has occurred while \output is active
[]
 []


Underfull \vbox (badness 10000) has occurred while \output is active []


Overfull \hbox (336.25pt too wide) has occurred while \output is active
[]
 []


Underfull \vbox (badness 10000) has occurred while \output is active []


Overfull \hbox (336.25pt too wide) has occurred while \output is active
[]
 []


Underfull \hbox (badness 10000) has occurred while \output is active
 [][][][] 
 []

[84]
\openout2 = `chapters/chapter6/ch6.aux'.

 (chapters/chapter6/ch6.tex
Underfull \vbox (badness 10000) detected at line 1
 []


Overfull \hbox (336.25pt too wide) detected at line 1
[]
 []


Underfull \vbox (badness 10000) detected at line 1
 []


Overfull \hbox (336.25pt too wide) detected at line 1
[]
 []


Underfull \vbox (badness 10000) detected at line 1
 []


Overfull \hbox (336.25pt too wide) detected at line 1
[]
 []


Underfull \vbox (badness 10000) detected at line 1
 []


Overfull \hbox (336.25pt too wide) detected at line 1
[]
 []

Chapter 6.
)
Underfull \hbox (badness 10000) has occurred while \output is active
 [][][][] 
 []

[85



]
\openout2 = `chapters/chapter7/ch7.aux'.

 (chapters/chapter7/ch7.tex
Underfull \vbox (badness 10000) has occurred while \output is active []


Overfull \hbox (336.25pt too wide) has occurred while \output is active
[]
 []


Underfull \vbox (badness 10000) has occurred while \output is active []


Overfull \hbox (336.25pt too wide) has occurred while \output is active
[]
 []


Underfull \vbox (badness 10000) has occurred while \output is active []


Overfull \hbox (336.25pt too wide) has occurred while \output is active
[]
 []


Underfull \vbox (badness 10000) has occurred while \output is active []


Overfull \hbox (336.25pt too wide) has occurred while \output is active
[]
 []


Underfull \hbox (badness 10000) has occurred while \output is active
 [][][][] 
 []

[86




]
Underfull \vbox (badness 10000) detected at line 1
 []


Overfull \hbox (336.25pt too wide) detected at line 1
[]
 []


Underfull \vbox (badness 10000) detected at line 1
 []


Overfull \hbox (336.25pt too wide) detected at line 1
[]
 []


Underfull \vbox (badness 10000) detected at line 1
 []


Overfull \hbox (336.25pt too wide) detected at line 1
[]
 []


Underfull \vbox (badness 10000) detected at line 1
 []


Overfull \hbox (336.25pt too wide) detected at line 1
[]
 []

Chapter 7.
)
Underfull \hbox (badness 10000) has occurred while \output is active
 [][][][] 
 []

[87

]
\openout2 = `chapters/chapter8/ch8.aux'.

 (chapters/chapter8/ch8.tex
Underfull \vbox (badness 10000) has occurred while \output is active []


Overfull \hbox (336.25pt too wide) has occurred while \output is active
[]
 []


Underfull \vbox (badness 10000) has occurred while \output is active []


Overfull \hbox (336.25pt too wide) has occurred while \output is active
[]
 []


Underfull \vbox (badness 10000) has occurred while \output is active []


Overfull \hbox (336.25pt too wide) has occurred while \output is active
[]
 []


Underfull \vbox (badness 10000) has occurred while \output is active []


Overfull \hbox (336.25pt too wide) has occurred while \output is active
[]
 []


Underfull \hbox (badness 10000) has occurred while \output is active
 [][][][] 
 []

[88




]
Underfull \vbox (badness 10000) detected at line 1
 []


Overfull \hbox (336.25pt too wide) detected at line 1
[]
 []


Underfull \vbox (badness 10000) detected at line 1
 []


Overfull \hbox (336.25pt too wide) detected at line 1
[]
 []


Underfull \vbox (badness 10000) detected at line 1
 []


Overfull \hbox (336.25pt too wide) detected at line 1
[]
 []


Underfull \vbox (badness 10000) detected at line 1
 []


Overfull \hbox (336.25pt too wide) detected at line 1
[]
 []

Chapter 8.
)
Underfull \hbox (badness 10000) has occurred while \output is active
 [][][][] 
 []

[89

]
\openout2 = `chapters/chapter9/ch9.aux'.

 (chapters/chapter9/ch9.tex
Underfull \vbox (badness 10000) has occurred while \output is active []


Overfull \hbox (336.25pt too wide) has occurred while \output is active
[]
 []


Underfull \vbox (badness 10000) has occurred while \output is active []


Overfull \hbox (336.25pt too wide) has occurred while \output is active
[]
 []


Underfull \vbox (badness 10000) has occurred while \output is active []


Overfull \hbox (336.25pt too wide) has occurred while \output is active
[]
 []


Underfull \vbox (badness 10000) has occurred while \output is active []


Overfull \hbox (336.25pt too wide) has occurred while \output is active
[]
 []


Underfull \hbox (badness 10000) has occurred while \output is active
 [][][][] 
 []

[90




]
Underfull \vbox (badness 10000) detected at line 1
 []


Overfull \hbox (336.25pt too wide) detected at line 1
[]
 []


Underfull \vbox (badness 10000) detected at line 1
 []


Overfull \hbox (336.25pt too wide) detected at line 1
[]
 []


Underfull \vbox (badness 10000) detected at line 1
 []


Overfull \hbox (336.25pt too wide) detected at line 1
[]
 []


Underfull \vbox (badness 10000) detected at line 1
 []


Overfull \hbox (336.25pt too wide) detected at line 1
[]
 []

Chapter 9.
)
Underfull \hbox (badness 10000) has occurred while \output is active
 [][][][] 
 []

[91

]
\openout2 = `chapters/chapter10/ch10.aux'.

 (chapters/chapter10/ch10.tex
Underfull \vbox (badness 10000) has occurred while \output is active []


Overfull \hbox (336.25pt too wide) has occurred while \output is active
[]
 []


Underfull \vbox (badness 10000) has occurred while \output is active []


Overfull \hbox (336.25pt too wide) has occurred while \output is active
[]
 []


Underfull \vbox (badness 10000) has occurred while \output is active []


Overfull \hbox (336.25pt too wide) has occurred while \output is active
[]
 []


Underfull \vbox (badness 10000) has occurred while \output is active []


Overfull \hbox (336.25pt too wide) has occurred while \output is active
[]
 []


Underfull \hbox (badness 10000) has occurred while \output is active
 [][][][] 
 []

[92




]
Underfull \vbox (badness 10000) detected at line 1
 []


Overfull \hbox (336.25pt too wide) detected at line 1
[]
 []


Underfull \vbox (badness 10000) detected at line 1
 []


Overfull \hbox (336.25pt too wide) detected at line 1
[]
 []


Underfull \vbox (badness 10000) detected at line 1
 []


Overfull \hbox (336.25pt too wide) detected at line 1
[]
 []


Underfull \vbox (badness 10000) detected at line 1
 []


Overfull \hbox (336.25pt too wide) detected at line 1
[]
 []

Chapter 10.
)
Underfull \hbox (badness 10000) has occurred while \output is active
 [][][][] 
 []

[93

]
Underfull \vbox (badness 10000) detected at line 70
 []


Overfull \hbox (336.25pt too wide) detected at line 70
[]
 []


Underfull \vbox (badness 10000) detected at line 70
 []


Overfull \hbox (336.25pt too wide) detected at line 70
[]
 []


Underfull \vbox (badness 10000) detected at line 70
 []


Overfull \hbox (336.25pt too wide) detected at line 70
[]
 []


Underfull \vbox (badness 10000) detected at line 70
 []


Overfull \hbox (336.25pt too wide) detected at line 70
[]
 []


Underfull \vbox (badness 10000) has occurred while \output is active []


Overfull \hbox (336.25pt too wide) has occurred while \output is active
[]
 []


Underfull \vbox (badness 10000) has occurred while \output is active []


Overfull \hbox (336.25pt too wide) has occurred while \output is active
[]
 []


Underfull \vbox (badness 10000) has occurred while \output is active []


Overfull \hbox (336.25pt too wide) has occurred while \output is active
[]
 []


Underfull \vbox (badness 10000) has occurred while \output is active []


Overfull \hbox (336.25pt too wide) has occurred while \output is active
[]
 []


Underfull \hbox (badness 10000) has occurred while \output is active
 [][][][] 
 []

[94



]
Underfull \vbox (badness 10000) has occurred while \output is active []


Overfull \hbox (336.25pt too wide) has occurred while \output is active
[]
 []


Underfull \vbox (badness 10000) has occurred while \output is active []


Overfull \hbox (336.25pt too wide) has occurred while \output is active
[]
 []


Underfull \vbox (badness 10000) has occurred while \output is active []


Overfull \hbox (336.25pt too wide) has occurred while \output is active
[]
 []


Underfull \vbox (badness 10000) has occurred while \output is active []


Overfull \hbox (336.25pt too wide) has occurred while \output is active
[]
 []


Underfull \hbox (badness 10000) has occurred while \output is active
 [][][][] 
 []

[95]
Underfull \vbox (badness 10000) has occurred while \output is active []


Overfull \hbox (336.25pt too wide) has occurred while \output is active
[]
 []


Underfull \vbox (badness 10000) has occurred while \output is active []


Overfull \hbox (336.25pt too wide) has occurred while \output is active
[]
 []


Underfull \vbox (badness 10000) has occurred while \output is active []


Overfull \hbox (336.25pt too wide) has occurred while \output is active
[]
 []


Underfull \vbox (badness 10000) has occurred while \output is active []


Overfull \hbox (336.25pt too wide) has occurred while \output is active
[]
 []


Underfull \hbox (badness 10000) has occurred while \output is active
 [][][][] 
 []

[96]
\openout2 = `chapters/chapter11/ch11.aux'.

 (chapters/chapter11/ch11.tex
Underfull \vbox (badness 10000) detected at line 1
 []


Overfull \hbox (336.25pt too wide) detected at line 1
[]
 []


Underfull \vbox (badness 10000) detected at line 1
 []


Overfull \hbox (336.25pt too wide) detected at line 1
[]
 []


Underfull \vbox (badness 10000) detected at line 1
 []


Overfull \hbox (336.25pt too wide) detected at line 1
[]
 []


Underfull \vbox (badness 10000) detected at line 1
 []


Overfull \hbox (336.25pt too wide) detected at line 1
[]
 []

Chapter 11.
)
Underfull \hbox (badness 10000) has occurred while \output is active
 [][][][] 
 []

[97



]
\openout2 = `chapters/chapter12/ch12.aux'.

 (chapters/chapter12/ch12.tex
Underfull \vbox (badness 10000) has occurred while \output is active []


Overfull \hbox (336.25pt too wide) has occurred while \output is active
[]
 []


Underfull \vbox (badness 10000) has occurred while \output is active []


Overfull \hbox (336.25pt too wide) has occurred while \output is active
[]
 []


Underfull \vbox (badness 10000) has occurred while \output is active []


Overfull \hbox (336.25pt too wide) has occurred while \output is active
[]
 []


Underfull \vbox (badness 10000) has occurred while \output is active []


Overfull \hbox (336.25pt too wide) has occurred while \output is active
[]
 []


Underfull \hbox (badness 10000) has occurred while \output is active
 [][][][] 
 []

[98




]
Underfull \vbox (badness 10000) detected at line 1
 []


Overfull \hbox (336.25pt too wide) detected at line 1
[]
 []


Underfull \vbox (badness 10000) detected at line 1
 []


Overfull \hbox (336.25pt too wide) detected at line 1
[]
 []


Underfull \vbox (badness 10000) detected at line 1
 []


Overfull \hbox (336.25pt too wide) detected at line 1
[]
 []


Underfull \vbox (badness 10000) detected at line 1
 []


Overfull \hbox (336.25pt too wide) detected at line 1
[]
 []

Chapter 12.
)
Underfull \hbox (badness 10000) has occurred while \output is active
 [][][][] 
 []

[99

]
\openout2 = `chapters/chapter13/ch13.aux'.

 (chapters/chapter13/ch13.tex
Underfull \vbox (badness 10000) has occurred while \output is active []


Overfull \hbox (336.25pt too wide) has occurred while \output is active
[]
 []


Underfull \vbox (badness 10000) has occurred while \output is active []


Overfull \hbox (336.25pt too wide) has occurred while \output is active
[]
 []


Underfull \vbox (badness 10000) has occurred while \output is active []


Overfull \hbox (336.25pt too wide) has occurred while \output is active
[]
 []


Underfull \vbox (badness 10000) has occurred while \output is active []


Overfull \hbox (336.25pt too wide) has occurred while \output is active
[]
 []


Underfull \hbox (badness 10000) has occurred while \output is active
 [][][][] 
 []

[100




]
Underfull \vbox (badness 10000) detected at line 1
 []


Overfull \hbox (336.25pt too wide) detected at line 1
[]
 []


Underfull \vbox (badness 10000) detected at line 1
 []


Overfull \hbox (336.25pt too wide) detected at line 1
[]
 []


Underfull \vbox (badness 10000) detected at line 1
 []


Overfull \hbox (336.25pt too wide) detected at line 1
[]
 []


Underfull \vbox (badness 10000) detected at line 1
 []


Overfull \hbox (336.25pt too wide) detected at line 1
[]
 []

Chapter 13.
)
Underfull \hbox (badness 10000) has occurred while \output is active
 [][][][] 
 []

[101

]
\openout2 = `chapters/chapter14/ch14.aux'.

 (chapters/chapter14/ch14.tex
Underfull \vbox (badness 10000) has occurred while \output is active []


Overfull \hbox (336.25pt too wide) has occurred while \output is active
[]
 []


Underfull \vbox (badness 10000) has occurred while \output is active []


Overfull \hbox (336.25pt too wide) has occurred while \output is active
[]
 []


Underfull \vbox (badness 10000) has occurred while \output is active []


Overfull \hbox (336.25pt too wide) has occurred while \output is active
[]
 []


Underfull \vbox (badness 10000) has occurred while \output is active []


Overfull \hbox (336.25pt too wide) has occurred while \output is active
[]
 []


Underfull \hbox (badness 10000) has occurred while \output is active
 [][][][] 
 []

[102




]
Underfull \vbox (badness 10000) detected at line 1
 []


Overfull \hbox (336.25pt too wide) detected at line 1
[]
 []


Underfull \vbox (badness 10000) detected at line 1
 []


Overfull \hbox (336.25pt too wide) detected at line 1
[]
 []


Underfull \vbox (badness 10000) detected at line 1
 []


Overfull \hbox (336.25pt too wide) detected at line 1
[]
 []


Underfull \vbox (badness 10000) detected at line 1
 []


Overfull \hbox (336.25pt too wide) detected at line 1
[]
 []

Chapter 14.
)
Underfull \hbox (badness 10000) has occurred while \output is active
 [][][][] 
 []

[103

]
\openout2 = `chapters/chapter15/ch15.aux'.

 (chapters/chapter15/ch15.tex
Underfull \vbox (badness 10000) has occurred while \output is active []


Overfull \hbox (336.25pt too wide) has occurred while \output is active
[]
 []


Underfull \vbox (badness 10000) has occurred while \output is active []


Overfull \hbox (336.25pt too wide) has occurred while \output is active
[]
 []


Underfull \vbox (badness 10000) has occurred while \output is active []


Overfull \hbox (336.25pt too wide) has occurred while \output is active
[]
 []


Underfull \vbox (badness 10000) has occurred while \output is active []


Overfull \hbox (336.25pt too wide) has occurred while \output is active
[]
 []


Underfull \hbox (badness 10000) has occurred while \output is active
 [][][][] 
 []

[104




]
Underfull \vbox (badness 10000) detected at line 1
 []


Overfull \hbox (336.25pt too wide) detected at line 1
[]
 []


Underfull \vbox (badness 10000) detected at line 1
 []


Overfull \hbox (336.25pt too wide) detected at line 1
[]
 []


Underfull \vbox (badness 10000) detected at line 1
 []


Overfull \hbox (336.25pt too wide) detected at line 1
[]
 []


Underfull \vbox (badness 10000) detected at line 1
 []


Overfull \hbox (336.25pt too wide) detected at line 1
[]
 []

Chapter 15.
)
Underfull \hbox (badness 10000) has occurred while \output is active
 [][][][] 
 []

[105

] (Introduction to Bayesian Econometrics A GUIded tour using R.bbl
Underfull \vbox (badness 10000) has occurred while \output is active []


Overfull \hbox (336.25pt too wide) has occurred while \output is active
[]
 []


Underfull \vbox (badness 10000) has occurred while \output is active []


Overfull \hbox (336.25pt too wide) has occurred while \output is active
[]
 []


Underfull \vbox (badness 10000) has occurred while \output is active []


Overfull \hbox (336.25pt too wide) has occurred while \output is active
[]
 []


Underfull \vbox (badness 10000) has occurred while \output is active []


Overfull \hbox (336.25pt too wide) has occurred while \output is active
[]
 []


Underfull \hbox (badness 10000) has occurred while \output is active
 [][][][] 
 []

[106



]
Underfull \vbox (badness 10000) detected at line 1
 []


Overfull \hbox (336.25pt too wide) detected at line 1
[]
 []


Underfull \vbox (badness 10000) detected at line 1
 []


Overfull \hbox (336.25pt too wide) detected at line 1
[]
 []


Underfull \vbox (badness 10000) detected at line 1
 []


Overfull \hbox (336.25pt too wide) detected at line 1
[]
 []


Underfull \vbox (badness 10000) detected at line 1
 []


Overfull \hbox (336.25pt too wide) detected at line 1
[]
 []


Underfull \hbox (badness 10000) detected at line 1
[]
 []


Underfull \hbox (badness 10000) has occurred while \output is active
 [][][][] 
 []

[107

] [108] [109] [110])
No file "Introduction to Bayesian Econometrics A GUIded tour using R".ind.
[111] (Introduction to Bayesian Econometrics A GUIded tour using R.aux
(frontmatter/dedication.aux) (frontmatter/introduction.aux)
(frontmatter/foreword.aux) (frontmatter/preface.aux)
(frontmatter/symbollist.aux) (chapters/chapter1/ch1.aux)
(chapters/chapter2/ch2.aux) (chapters/chapter3/ch3.aux)
(chapters/chapter4/ch4.aux) (chapters/chapter5/ch5.aux)
(chapters/chapter6/ch6.aux) (chapters/chapter7/ch7.aux)
(chapters/chapter8/ch8.aux) (chapters/chapter9/ch9.aux)
(chapters/chapter10/ch10.aux) (chapters/chapter11/ch11.aux)
(chapters/chapter12/ch12.aux) (chapters/chapter13/ch13.aux)
(chapters/chapter14/ch14.aux) (chapters/chapter15/ch15.aux))

LaTeX Warning: There were undefined references.

 ) 
Here is how much of TeX's memory you used:
 20892 strings out of 478593
 444662 string characters out of 2843189
 949954 words of memory out of 3000000
 38542 multiletter control sequences out of 15000+600000
 485873 words of font info for 89 fonts, out of 8000000 for 9000
 1141 hyphenation exceptions out of 8191
 83i,22n,89p,2565b,2388s stack positions out of 5000i,500n,10000p,200000b,80000s
 <C:\Users\aramir21\AppData\Local\MiKTeX\fonts/pk/ljfour/jknappen/ec/dpi600\t
cbi0800.pk> <C:\Users\aramir21\AppData\Local\MiKTeX\fonts/pk/ljfour/jknappen/ec
/dpi600\tcbx0800.pk> <C:\Users\aramir21\AppData\Local\MiKTeX\fonts/pk/ljfour/pu
blic/bbm/dpi600\bbm10.pk> <C:\Users\aramir21\AppData\Local\MiKTeX\fonts/pk/ljfo
ur/jknappen/ec/dpi600\tcrm1000.pk><C:/Users/aramir21/AppData/Local/Programs/MiK
TeX/fonts/type1/public/amsfonts/cm/cmbsy10.pfb><C:/Users/aramir21/AppData/Local
/Programs/MiKTeX/fonts/type1/public/amsfonts/cm/cmbx10.pfb><C:/Users/aramir21/A
ppData/Local/Programs/MiKTeX/fonts/type1/public/amsfonts/cm/cmbx12.pfb><C:/User
s/aramir21/AppData/Local/Programs/MiKTeX/fonts/type1/public/amsfonts/cm/cmbx5.p
fb><C:/Users/aramir21/AppData/Local/Programs/MiKTeX/fonts/type1/public/amsfonts
/cm/cmbx6.pfb><C:/Users/aramir21/AppData/Local/Programs/MiKTeX/fonts/type1/publ
ic/amsfonts/cm/cmbx7.pfb><C:/Users/aramir21/AppData/Local/Programs/MiKTeX/fonts
/type1/public/amsfonts/cm/cmbx8.pfb><C:/Users/aramir21/AppData/Local/Programs/M
iKTeX/fonts/type1/public/amsfonts/cm/cmbxsl10.pfb><C:/Users/aramir21/AppData/Lo
cal/Programs/MiKTeX/fonts/type1/public/amsfonts/cm/cmbxti10.pfb><C:/Users/arami
r21/AppData/Local/Programs/MiKTeX/fonts/type1/public/amsfonts/cm/cmex10.pfb><C:
/Users/aramir21/AppData/Local/Programs/MiKTeX/fonts/type1/public/amsfonts/cmext
ra/cmex7.pfb><C:/Users/aramir21/AppData/Local/Programs/MiKTeX/fonts/type1/publi
c/amsfonts/cmextra/cmex8.pfb><C:/Users/aramir21/AppData/Local/Programs/MiKTeX/f
onts/type1/public/amsfonts/cm/cmmi10.pfb><C:/Users/aramir21/AppData/Local/Progr
ams/MiKTeX/fonts/type1/public/amsfonts/cm/cmmi5.pfb><C:/Users/aramir21/AppData/
Local/Programs/MiKTeX/fonts/type1/public/amsfonts/cm/cmmi6.pfb><C:/Users/aramir
21/AppData/Local/Programs/MiKTeX/fonts/type1/public/amsfonts/cm/cmmi7.pfb><C:/U
sers/aramir21/AppData/Local/Programs/MiKTeX/fonts/type1/public/amsfonts/cm/cmmi
8.pfb><C:/Users/aramir21/AppData/Local/Programs/MiKTeX/fonts/type1/public/amsfo
nts/cm/cmmi9.pfb><C:/Users/aramir21/AppData/Local/Programs/MiKTeX/fonts/type1/p
ublic/amsfonts/cm/cmmib10.pfb><C:/Users/aramir21/AppData/Local/Programs/MiKTeX/
fonts/type1/public/amsfonts/cm/cmr10.pfb><C:/Users/aramir21/AppData/Local/Progr
ams/MiKTeX/fonts/type1/public/amsfonts/cm/cmr12.pfb><C:/Users/aramir21/AppData/
Local/Programs/MiKTeX/fonts/type1/public/amsfonts/cm/cmr5.pfb><C:/Users/aramir2
1/AppData/Local/Programs/MiKTeX/fonts/type1/public/amsfonts/cm/cmr6.pfb><C:/Use
rs/aramir21/AppData/Local/Programs/MiKTeX/fonts/type1/public/amsfonts/cm/cmr7.p
fb><C:/Users/aramir21/AppData/Local/Programs/MiKTeX/fonts/type1/public/amsfonts
/cm/cmr8.pfb><C:/Users/aramir21/AppData/Local/Programs/MiKTeX/fonts/type1/publi
c/amsfonts/cm/cmr9.pfb><C:/Users/aramir21/AppData/Local/Programs/MiKTeX/fonts/t
ype1/public/amsfonts/cm/cmsl12.pfb><C:/Users/aramir21/AppData/Local/Programs/Mi
KTeX/fonts/type1/public/amsfonts/cm/cmsy10.pfb><C:/Users/aramir21/AppData/Local
/Programs/MiKTeX/fonts/type1/public/amsfonts/cm/cmsy5.pfb><C:/Users/aramir21/Ap
pData/Local/Programs/MiKTeX/fonts/type1/public/amsfonts/cm/cmsy6.pfb><C:/Users/
aramir21/AppData/Local/Programs/MiKTeX/fonts/type1/public/amsfonts/cm/cmsy7.pfb
><C:/Users/aramir21/AppData/Local/Programs/MiKTeX/fonts/type1/public/amsfonts/c
m/cmsy8.pfb><C:/Users/aramir21/AppData/Local/Programs/MiKTeX/fonts/type1/public
/amsfonts/cm/cmsy9.pfb><C:/Users/aramir21/AppData/Local/Programs/MiKTeX/fonts/t
ype1/public/amsfonts/cm/cmti10.pfb><C:/Users/aramir21/AppData/Local/Programs/Mi
KTeX/fonts/type1/public/amsfonts/cm/cmti12.pfb><C:/Users/aramir21/AppData/Local
/Programs/MiKTeX/fonts/type1/public/amsfonts/cm/cmti8.pfb><C:/Users/aramir21/Ap
pData/Local/Programs/MiKTeX/fonts/type1/public/amsfonts/symbols/msbm10.pfb><C:/
Users/aramir21/AppData/Local/Programs/MiKTeX/fonts/type1/public/amsfonts/symbol
s/msbm7.pfb>
Output written on "Introduction to Bayesian Econometrics A GUIded tour using R.
pdf" (131 pages, 2307374 bytes).
PDF statistics:
 653 PDF objects out of 1000 (max. 8388607)
 0 named destinations out of 1000 (max. 500000)
 53 words of extra memory for PDF output out of 10000 (max. 10000000)

