\BOOKMARK [0][-]{chapter*.1}{Foreword}{}% 1
\BOOKMARK [0][-]{chapter*.2}{Preface}{}% 2
\BOOKMARK [0][-]{chapter*.3}{Symbols}{}% 3
\BOOKMARK [-1][-]{part.1}{I Foundations: Theory, simulation methods and programming}{}% 4
\BOOKMARK [0][-]{chapter.1}{Basic formal concepts}{part.1}% 5
\BOOKMARK [0][-]{chapter.2}{Conceptual differences of the Bayesian and Frequentist approaches}{part.1}% 6
\BOOKMARK [0][-]{chapter.3}{Cornerstone models: Conjugate families}{part.1}% 7
\BOOKMARK [0][-]{chapter.4}{Simulation methods}{part.1}% 8
\BOOKMARK [-1][-]{part.2}{II Regression models: A GUIded toolkit}{}% 9
\BOOKMARK [0][-]{chapter.5}{Graphical user interface}{part.2}% 10
\BOOKMARK [1][-]{section.5.1}{Introduction}{chapter.5}% 11
\BOOKMARK [1][-]{section.5.2}{Univariate models}{chapter.5}% 12
\BOOKMARK [1][-]{section.5.3}{Multivariate models}{chapter.5}% 13
\BOOKMARK [1][-]{section.5.4}{Time series models}{chapter.5}% 14
\BOOKMARK [1][-]{section.5.5}{Longitudinal/panel models}{chapter.5}% 15
\BOOKMARK [1][-]{section.5.6}{Bayesian model average}{chapter.5}% 16
\BOOKMARK [1][-]{section.5.7}{Help}{chapter.5}% 17
\BOOKMARK [1][-]{section.5.8}{Warning}{chapter.5}% 18
\BOOKMARK [0][-]{chapter.6}{Univariate models}{part.2}% 19
\BOOKMARK [0][-]{chapter.7}{Multivariate models}{part.2}% 20
\BOOKMARK [0][-]{chapter.8}{Time series models}{part.2}% 21
\BOOKMARK [0][-]{chapter.9}{Longitudinal/Panel data models}{part.2}% 22
\BOOKMARK [0][-]{chapter.10}{Bayesian model average}{part.2}% 23
\BOOKMARK [-1][-]{part.3}{III Advanced methods: A brief introduction}{}% 24
\BOOKMARK [0][-]{chapter.11}{Semi-parametric and non-parametric models}{part.3}% 25
\BOOKMARK [0][-]{chapter.12}{Bayesian machine learning}{part.3}% 26
\BOOKMARK [0][-]{chapter.13}{Causal inference}{part.3}% 27
\BOOKMARK [0][-]{chapter.14}{Approximate Bayesian methods}{part.3}% 28
\BOOKMARK [0][-]{chapter*.17}{Bibliography}{part.3}% 29
\BOOKMARK [0][-]{appendix.A}{Appendix}{part.3}% 30
