This is pdfTeX, Version 3.141592653-2.6-1.40.24 (MiKTeX 22.1) (preloaded format=pdflatex 2022.2.3)  28 AUG 2024 22:22
entering extended mode
 restricted \write18 enabled.
 %&-line parsing enabled.
**"./Introduction to Bayesian Econometrics A GUIded tour using R Solutions.tex"

(Introduction to Bayesian Econometrics A GUIded tour using R Solutions.tex
LaTeX2e <2021-11-15> patch level 1
L3 programming layer <2022-01-21> (krantz.cls
Document Class: krantz 2005/09/16 v1.4f Standard LaTeX document class
(C:\Users\aramir21\AppData\Local\Programs\MiKTeX\tex/latex/base\bk10.clo
File: bk10.clo 2021/10/04 v1.4n Standard LaTeX file (size option)
)
\trimheight=\dimen138
\trimwidth=\dimen139
\normaltextheight=\dimen140
\tempa=\dimen141
\tempdimen=\dimen142
\htrim=\dimen143
\vtrimtop=\dimen144
\vtrimbot=\dimen145
\ul@box=\box50
\ur@box=\box51
\ll@box=\box52
\lr@box=\box53
\@cipboxa=\box54
\@cipboxb=\box55
\@ciprulewidth=\dimen146
\c@part=\count185
\c@chapter=\count186
\c@section=\count187
\c@subsection=\count188
\c@subsubsection=\count189
\c@paragraph=\count190
\c@subparagraph=\count191
\secwd=\dimen147
\subsecwd=\dimen148
\subsubsecwd=\dimen149
\c@figure=\count192
\c@table=\count193
\abovecaptionskip=\skip47
\belowcaptionskip=\skip48
\c@numauthors=\count194
\section@toc@skip=\skip49
\SectionTOCWidth=\skip50
\subsection@toc@skip=\skip51
\SubSectionTOCWidth=\skip52
\subsubsection@toc@skip=\skip53
\SubSubSectionTOCWidth=\skip54
\paragraph@toc@skip=\skip55
\ParagraphTOCWidth=\skip56
\subparagraph@toc@skip=\skip57
\@AUonebox=\box56
\@AUtwobox=\box57
\@AUthreebox=\box58
\@AUfourbox=\box59
\@AUaffonebox=\box60
\@AUafftwobox=\box61
\@AUaffthreebox=\box62
\@AUafffourbox=\box63
\@finalAUboxfromone=\box64
\@finalAUboxfromtwo=\box65
\@finalAUboxfromthree=\box66
\@finalAUboxfromfour=\box67
\c@chaptocdepth=\count195
\bibindent=\dimen150
\tempbox=\box68
\nomenwidth=\dimen151
\@tablebox=\box69
\@tabletitlebox=\box70
\@tablewidth=\dimen152
\@tabletitlewidth=\dimen153
\max@tablewidth=\dimen154
\tempbox=\box71
\tempdimen=\dimen155

(C:\Users\aramir21\AppData\Local\Programs\MiKTeX\tex/latex/graphics\color.sty
Package: color 2021/12/07 v1.3c Standard LaTeX Color (DPC)

(C:\Users\aramir21\AppData\Local\Programs\MiKTeX\tex/latex/graphics-cfg\color.c
fg
File: color.cfg 2016/01/02 v1.6 sample color configuration
)
Package color Info: Driver file: pdftex.def on input line 149.

(C:\Users\aramir21\AppData\Local\Programs\MiKTeX\tex/latex/graphics-def\pdftex.
def
File: pdftex.def 2020/10/05 v1.2a Graphics/color driver for pdftex
))
(C:\Users\aramir21\AppData\Local\Programs\MiKTeX\tex/latex/framed\framed.sty
Package: framed 2011/10/22 v 0.96: framed or shaded text with page breaks
\OuterFrameSep=\skip58
\fb@frw=\dimen156
\fb@frh=\dimen157
\FrameRule=\dimen158
\FrameSep=\dimen159
)
\tempbox=\box72
\notewidth=\dimen160
\wherebox=\box73
\wherewidth=\dimen161
\listtextleftmargin=\skip59
\listtextleftmarginii=\skip60
\listtextleftmarginiii=\skip61
\listtextrightmargin=\skip62
\listlabelleftskip=\skip63
\listlabelleftskipii=\skip64
\listlabelleftskipiii=\skip65
\abovelistskipi=\skip66
\belowlistskipi=\skip67
\abovelistskipii=\skip68
\belowlistskipii=\skip69
\abovelistskipiii=\skip70
\belowlistskipiii=\skip71
\labelsepi=\skip72
\labelsepii=\skip73
\labelsepiii=\skip74
\itemsepi=\skip75
\itemsepii=\skip76
\itemsepiii=\skip77
\enumdimwd=\dimen162
\enumdim=\dimen163
\concolwidth=\dimen164
\stempbox=\box74
)
(C:\Users\aramir21\AppData\Local\Programs\MiKTeX\tex/latex/base\fixltx2e.sty
Package: fixltx2e 2016/12/29 v2.1a fixes to LaTeX (obsolete)
Applying: [2015/01/01] Old fixltx2e package on input line 46.


Package fixltx2e Warning: fixltx2e is not required with releases after 2015
(fixltx2e)                All fixes are now in the LaTeX kernel.
(fixltx2e)                See the latexrelease package for details.

Already applied: [0000/00/00] Old fixltx2e package on input line 53.
) (C:\Users\aramir21\AppData\Local\Programs\MiKTeX\tex/latex/base\fix-cm.sty
Package: fix-cm 2020/11/24 v1.1t fixes to LaTeX

(C:\Users\aramir21\AppData\Local\Programs\MiKTeX\tex/latex/base\ts1enc.def
File: ts1enc.def 2001/06/05 v3.0e (jk/car/fm) Standard LaTeX file
LaTeX Font Info:    Redeclaring font encoding TS1 on input line 47.
))
(C:\Users\aramir21\AppData\Local\Programs\MiKTeX\tex/latex/amsfonts\amssymb.sty
Package: amssymb 2013/01/14 v3.01 AMS font symbols

(C:\Users\aramir21\AppData\Local\Programs\MiKTeX\tex/latex/amsfonts\amsfonts.st
y
Package: amsfonts 2013/01/14 v3.01 Basic AMSFonts support
\@emptytoks=\toks16
\symAMSa=\mathgroup4
\symAMSb=\mathgroup5
LaTeX Font Info:    Redeclaring math symbol \hbar on input line 98.
LaTeX Font Info:    Overwriting math alphabet `\mathfrak' in version `bold'
(Font)                  U/euf/m/n --> U/euf/b/n on input line 106.
))
(C:\Users\aramir21\AppData\Local\Programs\MiKTeX\tex/latex/amsmath\amsmath.sty
Package: amsmath 2021/10/15 v2.17l AMS math features
\@mathmargin=\skip78

For additional information on amsmath, use the `?' option.
(C:\Users\aramir21\AppData\Local\Programs\MiKTeX\tex/latex/amsmath\amstext.sty
Package: amstext 2021/08/26 v2.01 AMS text

(C:\Users\aramir21\AppData\Local\Programs\MiKTeX\tex/latex/amsmath\amsgen.sty
File: amsgen.sty 1999/11/30 v2.0 generic functions
\@emptytoks=\toks17
\ex@=\dimen165
)) (C:\Users\aramir21\AppData\Local\Programs\MiKTeX\tex/latex/amsmath\amsbsy.st
y
Package: amsbsy 1999/11/29 v1.2d Bold Symbols
\pmbraise@=\dimen166
) (C:\Users\aramir21\AppData\Local\Programs\MiKTeX\tex/latex/amsmath\amsopn.sty
Package: amsopn 2021/08/26 v2.02 operator names
)
\inf@bad=\count196
LaTeX Info: Redefining \frac on input line 234.
\uproot@=\count197
\leftroot@=\count198
LaTeX Info: Redefining \overline on input line 399.
\classnum@=\count199
\DOTSCASE@=\count266
LaTeX Info: Redefining \ldots on input line 496.
LaTeX Info: Redefining \dots on input line 499.
LaTeX Info: Redefining \cdots on input line 620.
\Mathstrutbox@=\box75
\strutbox@=\box76
\big@size=\dimen167
LaTeX Font Info:    Redeclaring font encoding OML on input line 743.
LaTeX Font Info:    Redeclaring font encoding OMS on input line 744.
\macc@depth=\count267
\c@MaxMatrixCols=\count268
\dotsspace@=\muskip16
\c@parentequation=\count269
\dspbrk@lvl=\count270
\tag@help=\toks18
\row@=\count271
\column@=\count272
\maxfields@=\count273
\andhelp@=\toks19
\eqnshift@=\dimen168
\alignsep@=\dimen169
\tagshift@=\dimen170
\tagwidth@=\dimen171
\totwidth@=\dimen172
\lineht@=\dimen173
\@envbody=\toks20
\multlinegap=\skip79
\multlinetaggap=\skip80
\mathdisplay@stack=\toks21
LaTeX Info: Redefining \[ on input line 2938.
LaTeX Info: Redefining \] on input line 2939.
)
(C:\Users\aramir21\AppData\Local\Programs\MiKTeX\tex/latex/graphics\graphicx.st
y
Package: graphicx 2021/09/16 v1.2d Enhanced LaTeX Graphics (DPC,SPQR)

(C:\Users\aramir21\AppData\Local\Programs\MiKTeX\tex/latex/graphics\keyval.sty
Package: keyval 2014/10/28 v1.15 key=value parser (DPC)
\KV@toks@=\toks22
)
(C:\Users\aramir21\AppData\Local\Programs\MiKTeX\tex/latex/graphics\graphics.st
y
Package: graphics 2021/03/04 v1.4d Standard LaTeX Graphics (DPC,SPQR)
 (C:\Users\aramir21\AppData\Local\Programs\MiKTeX\tex/latex/graphics\trig.sty
Package: trig 2021/08/11 v1.11 sin cos tan (DPC)
)
(C:\Users\aramir21\AppData\Local\Programs\MiKTeX\tex/latex/graphics-cfg\graphic
s.cfg
File: graphics.cfg 2016/06/04 v1.11 sample graphics configuration
)
Package graphics Info: Driver file: pdftex.def on input line 107.
)
\Gin@req@height=\dimen174
\Gin@req@width=\dimen175
)
(C:\Users\aramir21\AppData\Local\Programs\MiKTeX\tex/latex/subfigure\subfigure.
sty
Package: subfigure 2002/07/30 v2.1.4 subfigure package
\subfigtopskip=\skip81
\subfigcapskip=\skip82
\subfigcaptopadj=\dimen176
\subfigbottomskip=\skip83
\subfigcapmargin=\dimen177
\subfiglabelskip=\skip84
\c@subfigure=\count274
\c@lofdepth=\count275
\c@subtable=\count276
\c@lotdepth=\count277

****************************************
* Local config file subfigure.cfg used *
****************************************

(C:\Users\aramir21\AppData\Local\Programs\MiKTeX\tex/latex/subfigure\subfigure.
cfg)
\subfig@top=\skip85
\subfig@bottom=\skip86
)
(C:\Users\aramir21\AppData\Local\Programs\MiKTeX\tex/latex/base\makeidx.sty
Package: makeidx 2021/10/04 v1.0m Standard LaTeX package
)
(C:\Users\aramir21\AppData\Local\Programs\MiKTeX\tex/latex/tools\multicol.sty
Package: multicol 2021/10/28 v1.9b multicolumn formatting (FMi)
\c@tracingmulticols=\count278
\mult@box=\box77
\multicol@leftmargin=\dimen178
\c@unbalance=\count279
\c@collectmore=\count280
\doublecol@number=\count281
\multicoltolerance=\count282
\multicolpretolerance=\count283
\full@width=\dimen179
\page@free=\dimen180
\premulticols=\dimen181
\postmulticols=\dimen182
\multicolsep=\skip87
\multicolbaselineskip=\skip88
\partial@page=\box78
\last@line=\box79
\maxbalancingoverflow=\dimen183
\mult@rightbox=\box80
\mult@grightbox=\box81
\mult@firstbox=\box82
\mult@gfirstbox=\box83
\@tempa=\box84
\@tempa=\box85
\@tempa=\box86
\@tempa=\box87
\@tempa=\box88
\@tempa=\box89
\@tempa=\box90
\@tempa=\box91
\@tempa=\box92
\@tempa=\box93
\@tempa=\box94
\@tempa=\box95
\@tempa=\box96
\@tempa=\box97
\@tempa=\box98
\@tempa=\box99
\@tempa=\box100
\@tempa=\box101
\@tempa=\box102
\@tempa=\box103
\@tempa=\box104
\@tempa=\box105
\@tempa=\box106
\@tempa=\box107
\@tempa=\box108
\@tempa=\box109
\@tempa=\box110
\@tempa=\box111
\@tempa=\box112
\@tempa=\box113
\@tempa=\box114
\@tempa=\box115
\@tempa=\box116
\@tempa=\box117
\@tempa=\box118
\@tempa=\box119
\c@minrows=\count284
\c@columnbadness=\count285
\c@finalcolumnbadness=\count286
\last@try=\dimen184
\multicolovershoot=\dimen185
\multicolundershoot=\dimen186
\mult@nat@firstbox=\box120
\colbreak@box=\box121
\mc@col@check@num=\count287
)
(C:\Users\aramir21\AppData\Local\Programs\MiKTeX\tex/latex/listings\listings.st
y
\lst@mode=\count288
\lst@gtempboxa=\box122
\lst@token=\toks23
\lst@length=\count289
\lst@currlwidth=\dimen187
\lst@column=\count290
\lst@pos=\count291
\lst@lostspace=\dimen188
\lst@width=\dimen189
\lst@newlines=\count292
\lst@lineno=\count293
\lst@maxwidth=\dimen190

(C:\Users\aramir21\AppData\Local\Programs\MiKTeX\tex/latex/listings\lstmisc.sty
File: lstmisc.sty 2020/03/24 1.8d (Carsten Heinz)
\c@lstnumber=\count294
\lst@skipnumbers=\count295
\lst@framebox=\box123
)
(C:\Users\aramir21\AppData\Local\Programs\MiKTeX\tex/latex/listings\listings.cf
g
File: listings.cfg 2020/03/24 1.8d listings configuration
))
Package: listings 2020/03/24 1.8d (Carsten Heinz)
 (C:\Users\aramir21\AppData\Local\Programs\MiKTeX\tex/latex/bbm\bbm.sty
Package: bbm 1999/03/15 V 1.2 provides fonts for set symbols - TH
LaTeX Font Info:    Overwriting math alphabet `\mathbbm' in version `bold'
(Font)                  U/bbm/m/n --> U/bbm/bx/n on input line 33.
LaTeX Font Info:    Overwriting math alphabet `\mathbbmss' in version `bold'
(Font)                  U/bbmss/m/n --> U/bbmss/bx/n on input line 35.
)
(C:\Users\aramir21\AppData\Local\Programs\MiKTeX\tex/latex/tcolorbox\tcolorbox.
sty
Package: tcolorbox 2022/01/07 version 5.0.2 text color boxes

(C:\Users\aramir21\AppData\Local\Programs\MiKTeX\tex/latex/pgf/basiclayer\pgf.s
ty
(C:\Users\aramir21\AppData\Local\Programs\MiKTeX\tex/latex/pgf/utilities\pgfrcs
.sty
(C:\Users\aramir21\AppData\Local\Programs\MiKTeX\tex/generic/pgf/utilities\pgfu
til-common.tex
\pgfutil@everybye=\toks24
\pgfutil@tempdima=\dimen191
\pgfutil@tempdimb=\dimen192

(C:\Users\aramir21\AppData\Local\Programs\MiKTeX\tex/generic/pgf/utilities\pgfu
til-common-lists.tex))
(C:\Users\aramir21\AppData\Local\Programs\MiKTeX\tex/generic/pgf/utilities\pgfu
til-latex.def
\pgfutil@abb=\box124
)
(C:\Users\aramir21\AppData\Local\Programs\MiKTeX\tex/generic/pgf/utilities\pgfr
cs.code.tex
(C:\Users\aramir21\AppData\Local\Programs\MiKTeX\tex/generic/pgf\pgf.revision.t
ex)
Package: pgfrcs 2021/05/15 v3.1.9a (3.1.9a)
))
Package: pgf 2021/05/15 v3.1.9a (3.1.9a)

(C:\Users\aramir21\AppData\Local\Programs\MiKTeX\tex/latex/pgf/basiclayer\pgfco
re.sty
(C:\Users\aramir21\AppData\Local\Programs\MiKTeX\tex/latex/pgf/systemlayer\pgfs
ys.sty
(C:\Users\aramir21\AppData\Local\Programs\MiKTeX\tex/generic/pgf/systemlayer\pg
fsys.code.tex
Package: pgfsys 2021/05/15 v3.1.9a (3.1.9a)

(C:\Users\aramir21\AppData\Local\Programs\MiKTeX\tex/generic/pgf/utilities\pgfk
eys.code.tex
\pgfkeys@pathtoks=\toks25
\pgfkeys@temptoks=\toks26

(C:\Users\aramir21\AppData\Local\Programs\MiKTeX\tex/generic/pgf/utilities\pgfk
eysfiltered.code.tex
\pgfkeys@tmptoks=\toks27
))
\pgf@x=\dimen193
\pgf@y=\dimen194
\pgf@xa=\dimen195
\pgf@ya=\dimen196
\pgf@xb=\dimen197
\pgf@yb=\dimen198
\pgf@xc=\dimen199
\pgf@yc=\dimen256
\pgf@xd=\dimen257
\pgf@yd=\dimen258
\w@pgf@writea=\write3
\r@pgf@reada=\read2
\c@pgf@counta=\count296
\c@pgf@countb=\count297
\c@pgf@countc=\count298
\c@pgf@countd=\count299
\t@pgf@toka=\toks28
\t@pgf@tokb=\toks29
\t@pgf@tokc=\toks30
\pgf@sys@id@count=\count300

(C:\Users\aramir21\AppData\Local\Programs\MiKTeX\tex/generic/pgf/systemlayer\pg
f.cfg
File: pgf.cfg 2021/05/15 v3.1.9a (3.1.9a)
)
Driver file for pgf: pgfsys-pdftex.def

(C:\Users\aramir21\AppData\Local\Programs\MiKTeX\tex/generic/pgf/systemlayer\pg
fsys-pdftex.def
File: pgfsys-pdftex.def 2021/05/15 v3.1.9a (3.1.9a)

(C:\Users\aramir21\AppData\Local\Programs\MiKTeX\tex/generic/pgf/systemlayer\pg
fsys-common-pdf.def
File: pgfsys-common-pdf.def 2021/05/15 v3.1.9a (3.1.9a)
)))
(C:\Users\aramir21\AppData\Local\Programs\MiKTeX\tex/generic/pgf/systemlayer\pg
fsyssoftpath.code.tex
File: pgfsyssoftpath.code.tex 2021/05/15 v3.1.9a (3.1.9a)
\pgfsyssoftpath@smallbuffer@items=\count301
\pgfsyssoftpath@bigbuffer@items=\count302
)
(C:\Users\aramir21\AppData\Local\Programs\MiKTeX\tex/generic/pgf/systemlayer\pg
fsysprotocol.code.tex
File: pgfsysprotocol.code.tex 2021/05/15 v3.1.9a (3.1.9a)
))
(C:\Users\aramir21\AppData\Local\Programs\MiKTeX\tex/latex/xcolor\xcolor.sty
Package: xcolor 2021/10/31 v2.13 LaTeX color extensions (UK)

(C:\Users\aramir21\AppData\Local\Programs\MiKTeX\tex/latex/graphics-cfg\color.c
fg
File: color.cfg 2016/01/02 v1.6 sample color configuration
)
Package xcolor Info: Driver file: pdftex.def on input line 227.
LaTeX Info: Redefining \color on input line 711.
Package xcolor Info: Model `cmy' substituted by `cmy0' on input line 1352.
Package xcolor Info: Model `hsb' substituted by `rgb' on input line 1356.
Package xcolor Info: Model `RGB' extended on input line 1368.
Package xcolor Info: Model `HTML' substituted by `rgb' on input line 1370.
Package xcolor Info: Model `Hsb' substituted by `hsb' on input line 1371.
Package xcolor Info: Model `tHsb' substituted by `hsb' on input line 1372.
Package xcolor Info: Model `HSB' substituted by `hsb' on input line 1373.
Package xcolor Info: Model `Gray' substituted by `gray' on input line 1374.
Package xcolor Info: Model `wave' substituted by `hsb' on input line 1375.
)
(C:\Users\aramir21\AppData\Local\Programs\MiKTeX\tex/generic/pgf/basiclayer\pgf
core.code.tex
Package: pgfcore 2021/05/15 v3.1.9a (3.1.9a)

(C:\Users\aramir21\AppData\Local\Programs\MiKTeX\tex/generic/pgf/math\pgfmath.c
ode.tex
(C:\Users\aramir21\AppData\Local\Programs\MiKTeX\tex/generic/pgf/math\pgfmathca
lc.code.tex
(C:\Users\aramir21\AppData\Local\Programs\MiKTeX\tex/generic/pgf/math\pgfmathut
il.code.tex)
(C:\Users\aramir21\AppData\Local\Programs\MiKTeX\tex/generic/pgf/math\pgfmathpa
rser.code.tex
\pgfmath@dimen=\dimen259
\pgfmath@count=\count303
\pgfmath@box=\box125
\pgfmath@toks=\toks31
\pgfmath@stack@operand=\toks32
\pgfmath@stack@operation=\toks33
)
(C:\Users\aramir21\AppData\Local\Programs\MiKTeX\tex/generic/pgf/math\pgfmathfu
nctions.code.tex
(C:\Users\aramir21\AppData\Local\Programs\MiKTeX\tex/generic/pgf/math\pgfmathfu
nctions.basic.code.tex)
(C:\Users\aramir21\AppData\Local\Programs\MiKTeX\tex/generic/pgf/math\pgfmathfu
nctions.trigonometric.code.tex)
(C:\Users\aramir21\AppData\Local\Programs\MiKTeX\tex/generic/pgf/math\pgfmathfu
nctions.random.code.tex)
(C:\Users\aramir21\AppData\Local\Programs\MiKTeX\tex/generic/pgf/math\pgfmathfu
nctions.comparison.code.tex)
(C:\Users\aramir21\AppData\Local\Programs\MiKTeX\tex/generic/pgf/math\pgfmathfu
nctions.base.code.tex)
(C:\Users\aramir21\AppData\Local\Programs\MiKTeX\tex/generic/pgf/math\pgfmathfu
nctions.round.code.tex)
(C:\Users\aramir21\AppData\Local\Programs\MiKTeX\tex/generic/pgf/math\pgfmathfu
nctions.misc.code.tex)
(C:\Users\aramir21\AppData\Local\Programs\MiKTeX\tex/generic/pgf/math\pgfmathfu
nctions.integerarithmetics.code.tex)))
(C:\Users\aramir21\AppData\Local\Programs\MiKTeX\tex/generic/pgf/math\pgfmathfl
oat.code.tex
\c@pgfmathroundto@lastzeros=\count304
))
(C:\Users\aramir21\AppData\Local\Programs\MiKTeX\tex/generic/pgf/math\pgfint.co
de.tex)
(C:\Users\aramir21\AppData\Local\Programs\MiKTeX\tex/generic/pgf/basiclayer\pgf
corepoints.code.tex
File: pgfcorepoints.code.tex 2021/05/15 v3.1.9a (3.1.9a)
\pgf@picminx=\dimen260
\pgf@picmaxx=\dimen261
\pgf@picminy=\dimen262
\pgf@picmaxy=\dimen263
\pgf@pathminx=\dimen264
\pgf@pathmaxx=\dimen265
\pgf@pathminy=\dimen266
\pgf@pathmaxy=\dimen267
\pgf@xx=\dimen268
\pgf@xy=\dimen269
\pgf@yx=\dimen270
\pgf@yy=\dimen271
\pgf@zx=\dimen272
\pgf@zy=\dimen273
)
(C:\Users\aramir21\AppData\Local\Programs\MiKTeX\tex/generic/pgf/basiclayer\pgf
corepathconstruct.code.tex
File: pgfcorepathconstruct.code.tex 2021/05/15 v3.1.9a (3.1.9a)
\pgf@path@lastx=\dimen274
\pgf@path@lasty=\dimen275
)
(C:\Users\aramir21\AppData\Local\Programs\MiKTeX\tex/generic/pgf/basiclayer\pgf
corepathusage.code.tex
File: pgfcorepathusage.code.tex 2021/05/15 v3.1.9a (3.1.9a)
\pgf@shorten@end@additional=\dimen276
\pgf@shorten@start@additional=\dimen277
)
(C:\Users\aramir21\AppData\Local\Programs\MiKTeX\tex/generic/pgf/basiclayer\pgf
corescopes.code.tex
File: pgfcorescopes.code.tex 2021/05/15 v3.1.9a (3.1.9a)
\pgfpic=\box126
\pgf@hbox=\box127
\pgf@layerbox@main=\box128
\pgf@picture@serial@count=\count305
)
(C:\Users\aramir21\AppData\Local\Programs\MiKTeX\tex/generic/pgf/basiclayer\pgf
coregraphicstate.code.tex
File: pgfcoregraphicstate.code.tex 2021/05/15 v3.1.9a (3.1.9a)
\pgflinewidth=\dimen278
)
(C:\Users\aramir21\AppData\Local\Programs\MiKTeX\tex/generic/pgf/basiclayer\pgf
coretransformations.code.tex
File: pgfcoretransformations.code.tex 2021/05/15 v3.1.9a (3.1.9a)
\pgf@pt@x=\dimen279
\pgf@pt@y=\dimen280
\pgf@pt@temp=\dimen281
)
(C:\Users\aramir21\AppData\Local\Programs\MiKTeX\tex/generic/pgf/basiclayer\pgf
corequick.code.tex
File: pgfcorequick.code.tex 2021/05/15 v3.1.9a (3.1.9a)
)
(C:\Users\aramir21\AppData\Local\Programs\MiKTeX\tex/generic/pgf/basiclayer\pgf
coreobjects.code.tex
File: pgfcoreobjects.code.tex 2021/05/15 v3.1.9a (3.1.9a)
)
(C:\Users\aramir21\AppData\Local\Programs\MiKTeX\tex/generic/pgf/basiclayer\pgf
corepathprocessing.code.tex
File: pgfcorepathprocessing.code.tex 2021/05/15 v3.1.9a (3.1.9a)
)
(C:\Users\aramir21\AppData\Local\Programs\MiKTeX\tex/generic/pgf/basiclayer\pgf
corearrows.code.tex
File: pgfcorearrows.code.tex 2021/05/15 v3.1.9a (3.1.9a)
\pgfarrowsep=\dimen282
)
(C:\Users\aramir21\AppData\Local\Programs\MiKTeX\tex/generic/pgf/basiclayer\pgf
coreshade.code.tex
File: pgfcoreshade.code.tex 2021/05/15 v3.1.9a (3.1.9a)
\pgf@max=\dimen283
\pgf@sys@shading@range@num=\count306
\pgf@shadingcount=\count307
)
(C:\Users\aramir21\AppData\Local\Programs\MiKTeX\tex/generic/pgf/basiclayer\pgf
coreimage.code.tex
File: pgfcoreimage.code.tex 2021/05/15 v3.1.9a (3.1.9a)

(C:\Users\aramir21\AppData\Local\Programs\MiKTeX\tex/generic/pgf/basiclayer\pgf
coreexternal.code.tex
File: pgfcoreexternal.code.tex 2021/05/15 v3.1.9a (3.1.9a)
\pgfexternal@startupbox=\box129
))
(C:\Users\aramir21\AppData\Local\Programs\MiKTeX\tex/generic/pgf/basiclayer\pgf
corelayers.code.tex
File: pgfcorelayers.code.tex 2021/05/15 v3.1.9a (3.1.9a)
)
(C:\Users\aramir21\AppData\Local\Programs\MiKTeX\tex/generic/pgf/basiclayer\pgf
coretransparency.code.tex
File: pgfcoretransparency.code.tex 2021/05/15 v3.1.9a (3.1.9a)
)
(C:\Users\aramir21\AppData\Local\Programs\MiKTeX\tex/generic/pgf/basiclayer\pgf
corepatterns.code.tex
File: pgfcorepatterns.code.tex 2021/05/15 v3.1.9a (3.1.9a)
)
(C:\Users\aramir21\AppData\Local\Programs\MiKTeX\tex/generic/pgf/basiclayer\pgf
corerdf.code.tex
File: pgfcorerdf.code.tex 2021/05/15 v3.1.9a (3.1.9a)
)))
(C:\Users\aramir21\AppData\Local\Programs\MiKTeX\tex/generic/pgf/modules\pgfmod
uleshapes.code.tex
File: pgfmoduleshapes.code.tex 2021/05/15 v3.1.9a (3.1.9a)
\pgfnodeparttextbox=\box130
)
(C:\Users\aramir21\AppData\Local\Programs\MiKTeX\tex/generic/pgf/modules\pgfmod
uleplot.code.tex
File: pgfmoduleplot.code.tex 2021/05/15 v3.1.9a (3.1.9a)
)
(C:\Users\aramir21\AppData\Local\Programs\MiKTeX\tex/latex/pgf/compatibility\pg
fcomp-version-0-65.sty
Package: pgfcomp-version-0-65 2021/05/15 v3.1.9a (3.1.9a)
\pgf@nodesepstart=\dimen284
\pgf@nodesepend=\dimen285
)
(C:\Users\aramir21\AppData\Local\Programs\MiKTeX\tex/latex/pgf/compatibility\pg
fcomp-version-1-18.sty
Package: pgfcomp-version-1-18 2021/05/15 v3.1.9a (3.1.9a)
))
(C:\Users\aramir21\AppData\Local\Programs\MiKTeX\tex/latex/tools\verbatim.sty
Package: verbatim 2020-07-07 v1.5u LaTeX2e package for verbatim enhancements
\every@verbatim=\toks34
\verbatim@line=\toks35
\verbatim@in@stream=\read3
)
(C:\Users\aramir21\AppData\Local\Programs\MiKTeX\tex/latex/environ\environ.sty
Package: environ 2014/05/04 v0.3 A new way to define environments

(C:\Users\aramir21\AppData\Local\Programs\MiKTeX\tex/latex/trimspaces\trimspace
s.sty
Package: trimspaces 2009/09/17 v1.1 Trim spaces around a token list
))
(C:\Users\aramir21\AppData\Local\Programs\MiKTeX\tex/latex/etoolbox\etoolbox.st
y
Package: etoolbox 2020/10/05 v2.5k e-TeX tools for LaTeX (JAW)
\etb@tempcnta=\count308
)
\tcb@titlebox=\box131
\tcb@upperbox=\box132
\tcb@lowerbox=\box133
\tcb@phantombox=\box134
\c@tcbbreakpart=\count309
\c@tcblayer=\count310
\c@tcolorbox@number=\count311
\tcb@temp=\box135
\tcb@temp=\box136
\tcb@temp=\box137
\tcb@temp=\box138

(C:\Users\aramir21\AppData\Local\Programs\MiKTeX\tex/latex/tcolorbox\tcbskins.c
ode.tex
Library (tcolorbox): 'tcbskins.code.tex' version '5.0.2'

(C:\Users\aramir21\AppData\Local\Programs\MiKTeX\tex/latex/pgf/frontendlayer\ti
kz.sty
(C:\Users\aramir21\AppData\Local\Programs\MiKTeX\tex/latex/pgf/utilities\pgffor
.sty
(C:\Users\aramir21\AppData\Local\Programs\MiKTeX\tex/latex/pgf/utilities\pgfkey
s.sty
(C:\Users\aramir21\AppData\Local\Programs\MiKTeX\tex/generic/pgf/utilities\pgfk
eys.code.tex))
(C:\Users\aramir21\AppData\Local\Programs\MiKTeX\tex/latex/pgf/math\pgfmath.sty

(C:\Users\aramir21\AppData\Local\Programs\MiKTeX\tex/generic/pgf/math\pgfmath.c
ode.tex))
(C:\Users\aramir21\AppData\Local\Programs\MiKTeX\tex/generic/pgf/utilities\pgff
or.code.tex
Package: pgffor 2021/05/15 v3.1.9a (3.1.9a)

(C:\Users\aramir21\AppData\Local\Programs\MiKTeX\tex/generic/pgf/math\pgfmath.c
ode.tex)
\pgffor@iter=\dimen286
\pgffor@skip=\dimen287
\pgffor@stack=\toks36
\pgffor@toks=\toks37
))
(C:\Users\aramir21\AppData\Local\Programs\MiKTeX\tex/generic/pgf/frontendlayer/
tikz\tikz.code.tex
Package: tikz 2021/05/15 v3.1.9a (3.1.9a)

(C:\Users\aramir21\AppData\Local\Programs\MiKTeX\tex/generic/pgf/libraries\pgfl
ibraryplothandlers.code.tex
File: pgflibraryplothandlers.code.tex 2021/05/15 v3.1.9a (3.1.9a)
\pgf@plot@mark@count=\count312
\pgfplotmarksize=\dimen288
)
\tikz@lastx=\dimen289
\tikz@lasty=\dimen290
\tikz@lastxsaved=\dimen291
\tikz@lastysaved=\dimen292
\tikz@lastmovetox=\dimen293
\tikz@lastmovetoy=\dimen294
\tikzleveldistance=\dimen295
\tikzsiblingdistance=\dimen296
\tikz@figbox=\box139
\tikz@figbox@bg=\box140
\tikz@tempbox=\box141
\tikz@tempbox@bg=\box142
\tikztreelevel=\count313
\tikznumberofchildren=\count314
\tikznumberofcurrentchild=\count315
\tikz@fig@count=\count316

(C:\Users\aramir21\AppData\Local\Programs\MiKTeX\tex/generic/pgf/modules\pgfmod
ulematrix.code.tex
File: pgfmodulematrix.code.tex 2021/05/15 v3.1.9a (3.1.9a)
\pgfmatrixcurrentrow=\count317
\pgfmatrixcurrentcolumn=\count318
\pgf@matrix@numberofcolumns=\count319
)
\tikz@expandcount=\count320

(C:\Users\aramir21\AppData\Local\Programs\MiKTeX\tex/generic/pgf/frontendlayer/
tikz/libraries\tikzlibrarytopaths.code.tex
File: tikzlibrarytopaths.code.tex 2021/05/15 v3.1.9a (3.1.9a)
)))
\tcb@waterbox=\box143

(C:\Users\aramir21\AppData\Local\Programs\MiKTeX\tex/latex/tcolorbox\tcbskinsji
gsaw.code.tex
Library (tcolorbox): 'tcbskinsjigsaw.code.tex' version '5.0.2'
)))
(C:\Users\aramir21\AppData\Local\Programs\MiKTeX\tex/latex/enumitem\enumitem.st
y
Package: enumitem 2019/06/20 v3.9 Customized lists
\labelindent=\skip89
\enit@outerparindent=\dimen297
\enit@toks=\toks38
\enit@inbox=\box144
\enit@count@id=\count321
\enitdp@description=\count322
)
\@indexfile=\write4
\openout4 = `"Introduction to Bayesian Econometrics A GUIded tour using R Solut
ions.idx"'.


Writing index file "Introduction to Bayesian Econometrics A GUIded tour using R
 Solutions".idx

LaTeX Warning: \include should only be used after \begin{document} on input lin
e 18.

(frontmatter/preamble.tex
\c@theorem=\count323
\c@exercise=\count324
\c@example=\count325
\c@definition=\count326
)
(C:\Users\aramir21\AppData\Local\Programs\MiKTeX\tex/latex/l3backend\l3backend-
pdftex.def
File: l3backend-pdftex.def 2022-01-12 L3 backend support: PDF output (pdfTeX)
\l__color_backend_stack_int=\count327
\l__pdf_internal_box=\box145
)
(Introduction to Bayesian Econometrics A GUIded tour using R Solutions.aux
(frontmatter/dedication.aux) (frontmatter/foreword.aux)
(frontmatter/preface.aux) (frontmatter/contributor.aux)
(frontmatter/symbollist.aux) (chapters/chapter1/ch1.aux)
(chapters/chapter2/ch2.aux) (chapters/chapter4/ch4.aux))
\openout1 = `"Introduction to Bayesian Econometrics A GUIded tour using R Solut
ions.aux"'.

LaTeX Font Info:    Checking defaults for OML/cmm/m/it on input line 20.
LaTeX Font Info:    ... okay on input line 20.
LaTeX Font Info:    Checking defaults for OMS/cmsy/m/n on input line 20.
LaTeX Font Info:    ... okay on input line 20.
LaTeX Font Info:    Checking defaults for OT1/cmr/m/n on input line 20.
LaTeX Font Info:    ... okay on input line 20.
LaTeX Font Info:    Checking defaults for T1/cmr/m/n on input line 20.
LaTeX Font Info:    ... okay on input line 20.
LaTeX Font Info:    Checking defaults for TS1/cmr/m/n on input line 20.
LaTeX Font Info:    ... okay on input line 20.
LaTeX Font Info:    Checking defaults for OMX/cmex/m/n on input line 20.
LaTeX Font Info:    ... okay on input line 20.
LaTeX Font Info:    Checking defaults for U/cmr/m/n on input line 20.
LaTeX Font Info:    ... okay on input line 20.

(C:\Users\aramir21\AppData\Local\Programs\MiKTeX\tex/context/base/mkii\supp-pdf
.mkii
[Loading MPS to PDF converter (version 2006.09.02).]
\scratchcounter=\count328
\scratchdimen=\dimen298
\scratchbox=\box146
\nofMPsegments=\count329
\nofMParguments=\count330
\everyMPshowfont=\toks39
\MPscratchCnt=\count331
\MPscratchDim=\dimen299
\MPnumerator=\count332
\makeMPintoPDFobject=\count333
\everyMPtoPDFconversion=\toks40
)
(C:\Users\aramir21\AppData\Local\Programs\MiKTeX\tex/latex/epstopdf-pkg\epstopd
f-base.sty
Package: epstopdf-base 2020-01-24 v2.11 Base part for package epstopdf
Package epstopdf-base Info: Redefining graphics rule for `.eps' on input line 4
85.

(C:\Users\aramir21\AppData\Local\Programs\MiKTeX\tex/latex/00miktex\epstopdf-sy
s.cfg
File: epstopdf-sys.cfg 2021/03/18 v2.0 Configuration of epstopdf for MiKTeX
))
\c@lstlisting=\count334

Underfull \vbox (badness 10000) has occurred while \output is active []


Overfull \hbox (336.25pt too wide) has occurred while \output is active
[]
 []


Underfull \vbox (badness 10000) has occurred while \output is active []


Overfull \hbox (336.25pt too wide) has occurred while \output is active
[]
 []


Underfull \vbox (badness 10000) has occurred while \output is active []


Overfull \hbox (336.25pt too wide) has occurred while \output is active
[]
 []


Underfull \vbox (badness 10000) has occurred while \output is active []


Overfull \hbox (336.25pt too wide) has occurred while \output is active
[]
 []


Underfull \hbox (badness 10000) has occurred while \output is active
 [][][][] 
 []

[1



{C:/Users/aramir21/AppData/Local/MiKTeX/fonts/map/pdftex/pdftex.map}]
Underfull \vbox (badness 10000) has occurred while \output is active []


Overfull \hbox (336.25pt too wide) has occurred while \output is active
[]
 []


Underfull \vbox (badness 10000) has occurred while \output is active []


Overfull \hbox (336.25pt too wide) has occurred while \output is active
[]
 []


Underfull \vbox (badness 10000) has occurred while \output is active []


Overfull \hbox (336.25pt too wide) has occurred while \output is active
[]
 []


Underfull \vbox (badness 10000) has occurred while \output is active []


Overfull \hbox (336.25pt too wide) has occurred while \output is active
[]
 []


Underfull \hbox (badness 10000) has occurred while \output is active
 [][][][] 
 []

[2

]
Underfull \vbox (badness 10000) has occurred while \output is active []


Overfull \hbox (336.25pt too wide) has occurred while \output is active
[]
 []


Underfull \vbox (badness 10000) has occurred while \output is active []


Overfull \hbox (336.25pt too wide) has occurred while \output is active
[]
 []


Underfull \vbox (badness 10000) has occurred while \output is active []


Overfull \hbox (336.25pt too wide) has occurred while \output is active
[]
 []


Underfull \vbox (badness 10000) has occurred while \output is active []


Overfull \hbox (336.25pt too wide) has occurred while \output is active
[]
 []


Underfull \hbox (badness 10000) has occurred while \output is active
 [][][][] 
 []

[3]
Underfull \vbox (badness 10000) has occurred while \output is active []


Overfull \hbox (336.25pt too wide) has occurred while \output is active
[]
 []


Underfull \vbox (badness 10000) has occurred while \output is active []


Overfull \hbox (336.25pt too wide) has occurred while \output is active
[]
 []


Underfull \vbox (badness 10000) has occurred while \output is active []


Overfull \hbox (336.25pt too wide) has occurred while \output is active
[]
 []


Underfull \vbox (badness 10000) has occurred while \output is active []


Overfull \hbox (336.25pt too wide) has occurred while \output is active
[]
 []


Underfull \hbox (badness 10000) has occurred while \output is active
 [][][][] 
 []

[4

]
\openout2 = `frontmatter/dedication.aux'.

 (frontmatter/dedication.tex)
Underfull \vbox (badness 10000) has occurred while \output is active []


Overfull \hbox (336.25pt too wide) has occurred while \output is active
[]
 []


Underfull \vbox (badness 10000) has occurred while \output is active []


Overfull \hbox (336.25pt too wide) has occurred while \output is active
[]
 []


Underfull \vbox (badness 10000) has occurred while \output is active []


Overfull \hbox (336.25pt too wide) has occurred while \output is active
[]
 []


Underfull \vbox (badness 10000) has occurred while \output is active []


Overfull \hbox (336.25pt too wide) has occurred while \output is active
[]
 []


Underfull \hbox (badness 10000) has occurred while \output is active
 [][][][] 
 []

[5


]
Underfull \vbox (badness 10000) has occurred while \output is active []


Overfull \hbox (336.25pt too wide) has occurred while \output is active
[]
 []


Underfull \vbox (badness 10000) has occurred while \output is active []


Overfull \hbox (336.25pt too wide) has occurred while \output is active
[]
 []


Underfull \vbox (badness 10000) has occurred while \output is active []


Overfull \hbox (336.25pt too wide) has occurred while \output is active
[]
 []


Underfull \vbox (badness 10000) has occurred while \output is active []


Overfull \hbox (336.25pt too wide) has occurred while \output is active
[]
 []


Underfull \hbox (badness 10000) has occurred while \output is active
 [][][][] 
 []

[6



]
Underfull \vbox (badness 10000) detected at line 39
 []


Overfull \hbox (336.25pt too wide) detected at line 39
[]
 []


Underfull \vbox (badness 10000) detected at line 39
 []


Overfull \hbox (336.25pt too wide) detected at line 39
[]
 []


Underfull \vbox (badness 10000) detected at line 39
 []


Overfull \hbox (336.25pt too wide) detected at line 39
[]
 []


Underfull \vbox (badness 10000) detected at line 39
 []


Overfull \hbox (336.25pt too wide) detected at line 39
[]
 []


Underfull \hbox (badness 10000) detected at line 39
[]
 []

(Introduction to Bayesian Econometrics A GUIded tour using R Solutions.toc
LaTeX Font Info:    Trying to load font information for U+msa on input line 8.

(C:\Users\aramir21\AppData\Local\Programs\MiKTeX\tex/latex/amsfonts\umsa.fd
File: umsa.fd 2013/01/14 v3.01 AMS symbols A
)
LaTeX Font Info:    Trying to load font information for U+msb on input line 8.

(C:\Users\aramir21\AppData\Local\Programs\MiKTeX\tex/latex/amsfonts\umsb.fd
File: umsb.fd 2013/01/14 v3.01 AMS symbols B
))
\tf@toc=\write5
\openout5 = `"Introduction to Bayesian Econometrics A GUIded tour using R Solut
ions.toc"'.


Underfull \hbox (badness 10000) has occurred while \output is active
 [][][][] 
 []

[7

]
\openout2 = `frontmatter/foreword.aux'.

 (frontmatter/foreword.tex
Underfull \vbox (badness 10000) has occurred while \output is active []


Overfull \hbox (336.25pt too wide) has occurred while \output is active
[]
 []


Underfull \vbox (badness 10000) has occurred while \output is active []


Overfull \hbox (336.25pt too wide) has occurred while \output is active
[]
 []


Underfull \vbox (badness 10000) has occurred while \output is active []


Overfull \hbox (336.25pt too wide) has occurred while \output is active
[]
 []


Underfull \vbox (badness 10000) has occurred while \output is active []


Overfull \hbox (336.25pt too wide) has occurred while \output is active
[]
 []


Underfull \hbox (badness 10000) has occurred while \output is active
 [][][][] 
 []

[8


]
Underfull \vbox (badness 10000) detected at line 1
 []


Overfull \hbox (336.25pt too wide) detected at line 1
[]
 []


Underfull \vbox (badness 10000) detected at line 1
 []


Overfull \hbox (336.25pt too wide) detected at line 1
[]
 []


Underfull \vbox (badness 10000) detected at line 1
 []


Overfull \hbox (336.25pt too wide) detected at line 1
[]
 []


Underfull \vbox (badness 10000) detected at line 1
 []


Overfull \hbox (336.25pt too wide) detected at line 1
[]
 []


Underfull \hbox (badness 10000) detected at line 1
[]
 []

)
Underfull \hbox (badness 10000) has occurred while \output is active
 [][][][] 
 []

[9

]
\openout2 = `frontmatter/preface.aux'.

 (frontmatter/preface.tex
Underfull \vbox (badness 10000) has occurred while \output is active []


Overfull \hbox (336.25pt too wide) has occurred while \output is active
[]
 []


Underfull \vbox (badness 10000) has occurred while \output is active []


Overfull \hbox (336.25pt too wide) has occurred while \output is active
[]
 []


Underfull \vbox (badness 10000) has occurred while \output is active []


Overfull \hbox (336.25pt too wide) has occurred while \output is active
[]
 []


Underfull \vbox (badness 10000) has occurred while \output is active []


Overfull \hbox (336.25pt too wide) has occurred while \output is active
[]
 []


Underfull \hbox (badness 10000) has occurred while \output is active
 [][][][] 
 []

[10




]
Underfull \vbox (badness 10000) detected at line 1
 []


Overfull \hbox (336.25pt too wide) detected at line 1
[]
 []


Underfull \vbox (badness 10000) detected at line 1
 []


Overfull \hbox (336.25pt too wide) detected at line 1
[]
 []


Underfull \vbox (badness 10000) detected at line 1
 []


Overfull \hbox (336.25pt too wide) detected at line 1
[]
 []


Underfull \vbox (badness 10000) detected at line 1
 []


Overfull \hbox (336.25pt too wide) detected at line 1
[]
 []


Underfull \hbox (badness 10000) detected at line 1
[]
 []

)
Underfull \hbox (badness 10000) has occurred while \output is active
 [][][][] 
 []

[11

]
\openout2 = `frontmatter/contributor.aux'.

 (frontmatter/contributor.tex
Underfull \vbox (badness 10000) has occurred while \output is active []


Overfull \hbox (336.25pt too wide) has occurred while \output is active
[]
 []


Underfull \vbox (badness 10000) has occurred while \output is active []


Overfull \hbox (336.25pt too wide) has occurred while \output is active
[]
 []


Underfull \vbox (badness 10000) has occurred while \output is active []


Overfull \hbox (336.25pt too wide) has occurred while \output is active
[]
 []


Underfull \vbox (badness 10000) has occurred while \output is active []


Overfull \hbox (336.25pt too wide) has occurred while \output is active
[]
 []


Underfull \hbox (badness 10000) has occurred while \output is active
 [][][][] 
 []

[12




]
Underfull \vbox (badness 10000) detected at line 2
 []


Overfull \hbox (336.25pt too wide) detected at line 2
[]
 []


Underfull \vbox (badness 10000) detected at line 2
 []


Overfull \hbox (336.25pt too wide) detected at line 2
[]
 []


Underfull \vbox (badness 10000) detected at line 2
 []


Overfull \hbox (336.25pt too wide) detected at line 2
[]
 []


Underfull \vbox (badness 10000) detected at line 2
 []


Overfull \hbox (336.25pt too wide) detected at line 2
[]
 []


Underfull \hbox (badness 10000) detected at line 2
[]
 []

)
Underfull \hbox (badness 10000) has occurred while \output is active
 [][][][] 
 []

[13

]
\openout2 = `frontmatter/symbollist.aux'.

 (frontmatter/symbollist.tex
Underfull \vbox (badness 10000) has occurred while \output is active []


Overfull \hbox (336.25pt too wide) has occurred while \output is active
[]
 []


Underfull \vbox (badness 10000) has occurred while \output is active []


Overfull \hbox (336.25pt too wide) has occurred while \output is active
[]
 []


Underfull \vbox (badness 10000) has occurred while \output is active []


Overfull \hbox (336.25pt too wide) has occurred while \output is active
[]
 []


Underfull \vbox (badness 10000) has occurred while \output is active []


Overfull \hbox (336.25pt too wide) has occurred while \output is active
[]
 []


Underfull \hbox (badness 10000) has occurred while \output is active
 [][][][] 
 []

[14




]
Underfull \vbox (badness 10000) detected at line 1
 []


Overfull \hbox (336.25pt too wide) detected at line 1
[]
 []


Underfull \vbox (badness 10000) detected at line 1
 []


Overfull \hbox (336.25pt too wide) detected at line 1
[]
 []


Underfull \vbox (badness 10000) detected at line 1
 []


Overfull \hbox (336.25pt too wide) detected at line 1
[]
 []


Underfull \vbox (badness 10000) detected at line 1
 []


Overfull \hbox (336.25pt too wide) detected at line 1
[]
 []


Underfull \hbox (badness 10000) detected at line 1
[]
 []

LaTeX Font Info:    Trying to load font information for U+bbm on input line 8.
(C:\Users\aramir21\AppData\Local\Programs\MiKTeX\tex/latex/bbm\ubbm.fd
File: ubbm.fd 1999/03/15 V 1.2 Font definition for bbm font - TH
))
Underfull \hbox (badness 10000) has occurred while \output is active
 [][][][] 
 []

[15

]
Underfull \vbox (badness 10000) has occurred while \output is active []


Overfull \hbox (336.25pt too wide) has occurred while \output is active
[]
 []


Underfull \vbox (badness 10000) has occurred while \output is active []


Overfull \hbox (336.25pt too wide) has occurred while \output is active
[]
 []


Underfull \vbox (badness 10000) has occurred while \output is active []


Overfull \hbox (336.25pt too wide) has occurred while \output is active
[]
 []


Underfull \vbox (badness 10000) has occurred while \output is active []


Overfull \hbox (336.25pt too wide) has occurred while \output is active
[]
 []


Underfull \hbox (badness 10000) has occurred while \output is active
 [][][][] 
 []

[16



]
Underfull \vbox (badness 10000) detected at line 49
 []


Overfull \hbox (336.25pt too wide) detected at line 49
[]
 []


Underfull \vbox (badness 10000) detected at line 49
 []


Overfull \hbox (336.25pt too wide) detected at line 49
[]
 []


Underfull \vbox (badness 10000) detected at line 49
 []


Overfull \hbox (336.25pt too wide) detected at line 49
[]
 []


Underfull \vbox (badness 10000) detected at line 49
 []


Overfull \hbox (336.25pt too wide) detected at line 49
[]
 []


Underfull \vbox (badness 10000) has occurred while \output is active []


Overfull \hbox (336.25pt too wide) has occurred while \output is active
[]
 []


Underfull \vbox (badness 10000) has occurred while \output is active []


Overfull \hbox (336.25pt too wide) has occurred while \output is active
[]
 []


Underfull \vbox (badness 10000) has occurred while \output is active []


Overfull \hbox (336.25pt too wide) has occurred while \output is active
[]
 []


Underfull \vbox (badness 10000) has occurred while \output is active []


Overfull \hbox (336.25pt too wide) has occurred while \output is active
[]
 []


Underfull \hbox (badness 10000) has occurred while \output is active
 [][][][] 
 []

[1

]
Underfull \vbox (badness 10000) has occurred while \output is active []


Overfull \hbox (336.25pt too wide) has occurred while \output is active
[]
 []


Underfull \vbox (badness 10000) has occurred while \output is active []


Overfull \hbox (336.25pt too wide) has occurred while \output is active
[]
 []


Underfull \vbox (badness 10000) has occurred while \output is active []


Overfull \hbox (336.25pt too wide) has occurred while \output is active
[]
 []


Underfull \vbox (badness 10000) has occurred while \output is active []


Overfull \hbox (336.25pt too wide) has occurred while \output is active
[]
 []


Underfull \hbox (badness 10000) has occurred while \output is active
 [][][][] 
 []

[2]
\openout2 = `chapters/chapter1/ch1.aux'.

 (chapters/chapter1/ch1.tex
Underfull \vbox (badness 10000) detected at line 1
 []


Overfull \hbox (336.25pt too wide) detected at line 1
[]
 []


Underfull \vbox (badness 10000) detected at line 1
 []


Overfull \hbox (336.25pt too wide) detected at line 1
[]
 []


Underfull \vbox (badness 10000) detected at line 1
 []


Overfull \hbox (336.25pt too wide) detected at line 1
[]
 []


Underfull \vbox (badness 10000) detected at line 1
 []


Overfull \hbox (336.25pt too wide) detected at line 1
[]
 []

Chapter 1.

Underfull \hbox (badness 10000) has occurred while \output is active
 [][][][] 
 []

[3



]
(C:\Users\aramir21\AppData\Local\Programs\MiKTeX\tex/latex/listings\lstlang1.st
y
File: lstlang1.sty 2020/03/24 1.8d listings language file
)
(C:\Users\aramir21\AppData\Local\Programs\MiKTeX\tex/latex/listings\lstlang2.st
y
File: lstlang2.sty 2020/03/24 1.8d listings language file
)
(C:\Users\aramir21\AppData\Local\Programs\MiKTeX\tex/latex/listings\lstlang3.st
y
File: lstlang3.sty 2020/03/24 1.8d listings language file
)
LaTeX Font Info:    Trying to load font information for OML+cmr on input line 6
0.
 (C:\Users\aramir21\AppData\Local\Programs\MiKTeX\tex/latex/base\omlcmr.fd
File: omlcmr.fd 2019/12/16 v2.5j Standard LaTeX font definitions
)
LaTeX Font Info:    Font shape `OML/cmr/bx/n' in size <8> not available
(Font)              Font shape `OML/cmm/b/it' tried instead on input line 60.
LaTeX Font Info:    Trying to load font information for OMS+cmr on input line 6
1.

(C:\Users\aramir21\AppData\Local\Programs\MiKTeX\tex/latex/base\omscmr.fd
File: omscmr.fd 2019/12/16 v2.5j Standard LaTeX font definitions
)
LaTeX Font Info:    Font shape `OMS/cmr/bx/n' in size <8> not available
(Font)              Font shape `OMS/cmsy/b/n' tried instead on input line 61.
LaTeX Font Info:    Font shape `OML/cmr/bx/it' in size <8> not available
(Font)              Font shape `OML/cmm/b/it' tried instead on input line 62.

Overfull \hbox (34.49982pt too wide) in paragraph at lines 94--94
| 
 []


Overfull \hbox (13.77856pt too wide) in paragraph at lines 95--95
[] 
 []

[4] [5] [6]
Overfull \hbox (17.20248pt too wide) in paragraph at lines 176--177
[][][][][][][][][][][][][][][][][][][][][][][][][][][][][][][] 
 []


Overfull \hbox (34.49982pt too wide) in paragraph at lines 193--193
| 
 []


Overfull \hbox (13.77856pt too wide) in paragraph at lines 194--194
[] 
 []

[7]
Overfull \hbox (34.49982pt too wide) in paragraph at lines 250--250
| 
 []


Overfull \hbox (13.77856pt too wide) in paragraph at lines 251--251
[] 
 []

[8]
Overfull \vbox (5.05017pt too high) has occurred while \output is active []


[9] [10]
Overfull \hbox (34.49982pt too wide) in paragraph at lines 342--342
| 
 []


Overfull \hbox (13.77856pt too wide) in paragraph at lines 343--343
[] 
 []

[11]
Overfull \hbox (5.44229pt too wide) in paragraph at lines 365--366
[][][][][][][][][][][][][][][][][][][][][][][][][][][] 
 []


Overfull \hbox (17.20248pt too wide) in paragraph at lines 388--389
[][][][][][][][][][][][][][][][][][][][][][][] 
 []


Overfull \hbox (34.49982pt too wide) in paragraph at lines 397--397
| 
 []


Overfull \hbox (13.77856pt too wide) in paragraph at lines 398--398
[] 
 []

[12]
LaTeX Font Info:    Font shape `OML/cmr/bx/n' in size <7> not available
(Font)              Font shape `OML/cmm/b/it' tried instead on input line 407.
LaTeX Font Info:    Font shape `OMS/cmr/bx/n' in size <7> not available
(Font)              Font shape `OMS/cmsy/b/n' tried instead on input line 417.

Overfull \hbox (34.49982pt too wide) in paragraph at lines 471--471
| 
 []


Overfull \hbox (13.77856pt too wide) in paragraph at lines 472--472
[] 
 []

[13]
Overfull \vbox (50.55017pt too high) has occurred while \output is active []


[14]
<Chapters/chapter1/figures/BerBeta.png, id=127, 652.58089pt x 403.93768pt>
File: Chapters/chapter1/figures/BerBeta.png Graphic file (type png)
<use Chapters/chapter1/figures/BerBeta.png>
Package pdftex.def Info: Chapters/chapter1/figures/BerBeta.png  used on input l
ine 475.
(pdftex.def)             Requested size: 340.0012pt x 200.00215pt.

Overfull \hbox (3.5012pt too wide) in paragraph at lines 475--477
[][] 
 []


Overfull \hbox (14.56197pt too wide) in paragraph at lines 493--494
[][][][][][][][][][][][][][][][][][][][][][][][][][][][] 
 []


Overfull \hbox (3.68858pt too wide) in paragraph at lines 500--501
[][][][][][][][][][][][][][][][][][] 
 []


Overfull \hbox (34.49982pt too wide) in paragraph at lines 506--506
| 
 []


Overfull \hbox (13.77856pt too wide) in paragraph at lines 507--507
[] 
 []

<Chapters/chapter1/figures/piorlikepost.png, id=128, 652.58089pt x 403.93768pt>

File: Chapters/chapter1/figures/piorlikepost.png Graphic file (type png)
<use Chapters/chapter1/figures/piorlikepost.png>
Package pdftex.def Info: Chapters/chapter1/figures/piorlikepost.png  used on in
put line 510.
(pdftex.def)             Requested size: 340.0012pt x 200.00215pt.

Overfull \hbox (3.5012pt too wide) in paragraph at lines 510--512
[][] 
 []


LaTeX Warning: `!h' float specifier changed to `!ht'.


Overfull \hbox (3.68858pt too wide) in paragraph at lines 527--528
[][][][][][][][][][][][][][][][][][][][][][][][][][][] 
 []


Overfull \hbox (9.12527pt too wide) in paragraph at lines 546--547
[][][][][][][][][][][][][][][][][][][][][][][][][] 
 []


Overfull \hbox (34.49982pt too wide) in paragraph at lines 551--551
| 
 []


Overfull \hbox (13.77856pt too wide) in paragraph at lines 552--552
[] 
 []

[15 <./Chapters/chapter1/figures/BerBeta.png>]
Overfull \vbox (22.49677pt too high) has occurred while \output is active []


[16 <./Chapters/chapter1/figures/piorlikepost.png>]
<Chapters/chapter1/figures/predictive.png, id=139, 652.58089pt x 403.93768pt>
File: Chapters/chapter1/figures/predictive.png Graphic file (type png)
<use Chapters/chapter1/figures/predictive.png>
Package pdftex.def Info: Chapters/chapter1/figures/predictive.png  used on inpu
t line 555.
(pdftex.def)             Requested size: 340.0012pt x 200.00215pt.

Overfull \hbox (3.5012pt too wide) in paragraph at lines 555--557
[][] 
 []


Overfull \hbox (14.56197pt too wide) in paragraph at lines 583--584
[][][][][][][][][][][][][][][][][][][] 
 []


Overfull \hbox (34.49982pt too wide) in paragraph at lines 613--613
| 
 []


Overfull \hbox (13.77856pt too wide) in paragraph at lines 614--614
[] 
 []

[17 <./Chapters/chapter1/figures/predictive.png>]
Overfull \hbox (3.68858pt too wide) in paragraph at lines 648--649
[][][][][][][][][][][][][][][][][][][][][][][][][][][][] 
 []


Overfull \hbox (19.99866pt too wide) in paragraph at lines 649--650
[][][][][][][][][][][][][][][][][][][][][][][][][][][][][][][][][][][][][][][][
][][][][][][][][][][][][][][][] 
 []


Overfull \hbox (3.68858pt too wide) in paragraph at lines 651--652
[][][][][][][][][][][][][][][][][][][][][][][][][][][][][][][][][][][][][][][] 

 []


Overfull \hbox (34.49982pt too wide) in paragraph at lines 662--662
| 
 []


Overfull \hbox (13.77856pt too wide) in paragraph at lines 663--663
[] 
 []

[18]
<Chapters/chapter1/figures/BMA.png, id=147, 652.58089pt x 403.93768pt>
File: Chapters/chapter1/figures/BMA.png Graphic file (type png)
<use Chapters/chapter1/figures/BMA.png>
Package pdftex.def Info: Chapters/chapter1/figures/BMA.png  used on input line 
667.
(pdftex.def)             Requested size: 340.0012pt x 200.00215pt.

Overfull \hbox (3.5012pt too wide) in paragraph at lines 667--669
[][] 
 []


LaTeX Warning: `!h' float specifier changed to `!ht'.

<Chapters/chapter1/figures/BayesUp.png, id=148, 652.58089pt x 403.93768pt>
File: Chapters/chapter1/figures/BayesUp.png Graphic file (type png)
<use Chapters/chapter1/figures/BayesUp.png>
Package pdftex.def Info: Chapters/chapter1/figures/BayesUp.png  used on input l
ine 673.
(pdftex.def)             Requested size: 340.0012pt x 200.00215pt.

Overfull \hbox (3.5012pt too wide) in paragraph at lines 673--675
[][] 
 []


LaTeX Warning: `!h' float specifier changed to `!ht'.

[19] [20 <./Chapters/chapter1/figures/BMA.png> <./Chapters/chapter1/figures/Bay
esUp.png>]) [21]
\openout2 = `chapters/chapter2/ch2.aux'.

 (chapters/chapter2/ch2.tex
Underfull \vbox (badness 10000) has occurred while \output is active []


Overfull \hbox (336.25pt too wide) has occurred while \output is active
[]
 []


Underfull \vbox (badness 10000) has occurred while \output is active []


Overfull \hbox (336.25pt too wide) has occurred while \output is active
[]
 []


Underfull \vbox (badness 10000) has occurred while \output is active []


Overfull \hbox (336.25pt too wide) has occurred while \output is active
[]
 []


Underfull \vbox (badness 10000) has occurred while \output is active []


Overfull \hbox (336.25pt too wide) has occurred while \output is active
[]
 []


Underfull \hbox (badness 10000) has occurred while \output is active
 [][][][] 
 []

[22




]
Underfull \vbox (badness 10000) detected at line 1
 []


Overfull \hbox (336.25pt too wide) detected at line 1
[]
 []


Underfull \vbox (badness 10000) detected at line 1
 []


Overfull \hbox (336.25pt too wide) detected at line 1
[]
 []


Underfull \vbox (badness 10000) detected at line 1
 []


Overfull \hbox (336.25pt too wide) detected at line 1
[]
 []


Underfull \vbox (badness 10000) detected at line 1
 []


Overfull \hbox (336.25pt too wide) detected at line 1
[]
 []

Chapter 2.

Package amsmath Warning: Foreign command \atopwithdelims;
(amsmath)                \frac or \genfrac should be used instead
(amsmath)                 on input line 19.


Underfull \hbox (badness 10000) has occurred while \output is active
 [][][][] 
 []

[23

]
Overfull \hbox (25.93404pt too wide) has occurred while \output is active
 [][][][] \OT1/cmr/m/n/10 24 \OT1/cmr/m/it/10 Solutions of chapter 2 Conceptual
 differences: Bayesian and Frequentist approaches
 []

[24] [25]
Underfull \hbox (badness 1859) in paragraph at lines 99--100
\OT1/cmr/m/n/10 in the book, test $\OML/cmm/m/it/10 H[]:  \OT1/cmr/m/n/10 = \O
ML/cmm/m/it/10 []$ \OT1/cmr/m/n/10 vs $\OML/cmm/m/it/10 H[]:  \OMS/cmsy/m/n/1
0 6\OT1/cmr/m/n/10 = \OML/cmm/m/it/10 []$ \OT1/cmr/m/n/10 where $\OML/cmm/m/it
/10 [] \OT1/cmr/m/n/10 =
 []


Overfull \hbox (34.49982pt too wide) in paragraph at lines 130--130
| 
 []


Overfull \hbox (13.77856pt too wide) in paragraph at lines 131--131
[] 
 []

)
Overfull \hbox (25.93404pt too wide) has occurred while \output is active
 [][][][] \OT1/cmr/m/n/10 26 \OT1/cmr/m/it/10 Solutions of chapter 2 Conceptual
 differences: Bayesian and Frequentist approaches
 []

[26]
\openout2 = `chapters/chapter4/ch4.aux'.

 (chapters/chapter4/ch4.tex
Underfull \vbox (badness 10000) detected at line 1
 []


Overfull \hbox (336.25pt too wide) detected at line 1
[]
 []


Underfull \vbox (badness 10000) detected at line 1
 []


Overfull \hbox (336.25pt too wide) detected at line 1
[]
 []


Underfull \vbox (badness 10000) detected at line 1
 []


Overfull \hbox (336.25pt too wide) detected at line 1
[]
 []


Underfull \vbox (badness 10000) detected at line 1
 []


Overfull \hbox (336.25pt too wide) detected at line 1
[]
 []

Chapter 3.

Underfull \hbox (badness 10000) has occurred while \output is active
 [][][][] 
 []

[27





] [28]
Overfull \hbox (85.8201pt too wide) detected at line 99
[]
 []

[29]
Underfull \hbox (badness 1661) in paragraph at lines 103--104
[]\OT1/cmr/m/n/10 Then, $\OML/cmm/m/it/10 h\OT1/cmr/m/n/10 (\OT1/cmr/bx/n/10 y\
OT1/cmr/m/n/10 ) = (2\OML/cmm/m/it/10 \OT1/cmr/m/n/10 )[]$, $\OML/cmm/m/it/10 
\OT1/cmr/m/n/10 (\OML/cmm/m/it/10 ; \OT1/cmr/bx/n/10 \OT1/cmr/m/n/10 ) = []$
, $\OML/cmm/m/it/10 T\OT1/cmr/m/n/10 (\OT1/cmr/bx/n/10 y\OT1/cmr/m/n/10 ) =
 []


Overfull \hbox (64.35837pt too wide) detected at line 115
[]
 []

[30]
Overfull \hbox (57.3683pt too wide) detected at line 136
[]
 []


Underfull \hbox (badness 1406) in paragraph at lines 141--142
\OT1/cmr/m/n/10 model, and show that $\OT1/cmr/bx/n/10 Y[]\OMS/cmsy/m/n/10 j\OT
1/cmr/bx/n/10 Y \OMS/cmsy/m/n/10  \OML/cmm/m/it/10 T[]\OT1/cmr/m/n/10 (\OML/cm
m/m/it/10 [] \OMS/cmsy/m/n/10   \OML/cmm/m/it/10 M \OT1/cmr/m/n/10 + 1\OML/cmm
/m/it/10 ; \OT1/cmr/bx/n/10 X[]B[]\OML/cmm/m/it/10 ; \OT1/cmr/bx/n/10 I[] \OT1/
cmr/m/n/10 +
 []


Overfull \hbox (7.50558pt too wide) detected at line 150
[]
 []

[31]
Overfull \hbox (13.45345pt too wide) detected at line 160
[]
 []


Overfull \hbox (86.59113pt too wide) detected at line 175
[]
 []

[32]
Overfull \hbox (42.34901pt too wide) detected at line 190
[]
 []

[33]
Overfull \hbox (18.58989pt too wide) detected at line 217
[]
 []


Overfull \hbox (55.284pt too wide) detected at line 232
[]
 []

[34]
Underfull \hbox (badness 1048) in paragraph at lines 277--278
[]\OT1/cmr/m/n/10 we use these re-sults and some al-ge-bra to show that $\OT1/c
mr/bx/n/10 B[]V[]B[] \OT1/cmr/m/n/10 +
 []


Overfull \hbox (65.01689pt too wide) detected at line 302
[]
 []

[35]
Overfull \hbox (10.11665pt too wide) detected at line 314
[]
 []


Overfull \hbox (11.32239pt too wide) in paragraph at lines 363--364
[][][][][][][][][][][][][][][][][][][][][][] 
 []


Underfull \hbox (badness 10000) in paragraph at lines 382--383
[][][][][][][][][][][][][][][][][][][]
 []


Overfull \hbox (34.49982pt too wide) in paragraph at lines 384--384
| 
 []


Overfull \hbox (13.77856pt too wide) in paragraph at lines 385--385
[] 
 []

[36]
Overfull \vbox (43.05017pt too high) has occurred while \output is active []


[37]
<Chapters/chapter4/figures/hiillaryVStrump.png, id=221, 825.51268pt x 430.60875
pt>
File: Chapters/chapter4/figures/hiillaryVStrump.png Graphic file (type png)
<use Chapters/chapter4/figures/hiillaryVStrump.png>
Package pdftex.def Info: Chapters/chapter4/figures/hiillaryVStrump.png  used on
 input line 388.
(pdftex.def)             Requested size: 339.99913pt x 200.00102pt.

Overfull \hbox (3.49913pt too wide) in paragraph at lines 388--390
[][] 
 []


Overfull \hbox (11.32239pt too wide) in paragraph at lines 423--424
[][][][][][][][][][][][][][][] 
 []


Overfull \hbox (34.49982pt too wide) in paragraph at lines 431--431
| 
 []


Overfull \hbox (13.77856pt too wide) in paragraph at lines 432--432
[] 
 []

[38 <./Chapters/chapter4/figures/hiillaryVStrump.png>]
Overfull \hbox (5.44229pt too wide) in paragraph at lines 476--477
[][][][][][][][][][][][][][][][][][][][] 
 []


Overfull \hbox (17.20248pt too wide) in paragraph at lines 488--489
[][][][][][][][][][][][][][][][][][][][][][][][] 
 []


Overfull \hbox (5.44229pt too wide) in paragraph at lines 498--499
[][][][][][][][][][][][][][][][][][][][][] 
 []


Overfull \hbox (34.49982pt too wide) in paragraph at lines 506--506
| 
 []


Overfull \hbox (13.77856pt too wide) in paragraph at lines 507--507
[] 
 []

[39]
Overfull \vbox (50.05017pt too high) has occurred while \output is active []


[40]
<Chapters/chapter4/figures/conditionalVSmarginal.png, id=233, 660.75429pt x 412
.97144pt>
File: Chapters/chapter4/figures/conditionalVSmarginal.png Graphic file (type pn
g)
<use Chapters/chapter4/figures/conditionalVSmarginal.png>
Package pdftex.def Info: Chapters/chapter4/figures/conditionalVSmarginal.png  u
sed on input line 512.
(pdftex.def)             Requested size: 339.99483pt x 199.99472pt.

Overfull \hbox (3.49483pt too wide) in paragraph at lines 512--514
[][] 
 []

) [41 <./Chapters/chapter4/figures/conditionalVSmarginal.png>]
(Introduction to Bayesian Econometrics A GUIded tour using R Solutions.bbl
Underfull \vbox (badness 10000) has occurred while \output is active []


Overfull \hbox (336.25pt too wide) has occurred while \output is active
[]
 []


Underfull \vbox (badness 10000) has occurred while \output is active []


Overfull \hbox (336.25pt too wide) has occurred while \output is active
[]
 []


Underfull \vbox (badness 10000) has occurred while \output is active []


Overfull \hbox (336.25pt too wide) has occurred while \output is active
[]
 []


Underfull \vbox (badness 10000) has occurred while \output is active []


Overfull \hbox (336.25pt too wide) has occurred while \output is active
[]
 []


Underfull \hbox (badness 10000) has occurred while \output is active
 [][][][] 
 []

[42



]
Underfull \vbox (badness 10000) detected at line 1
 []


Overfull \hbox (336.25pt too wide) detected at line 1
[]
 []


Underfull \vbox (badness 10000) detected at line 1
 []


Overfull \hbox (336.25pt too wide) detected at line 1
[]
 []


Underfull \vbox (badness 10000) detected at line 1
 []


Overfull \hbox (336.25pt too wide) detected at line 1
[]
 []


Underfull \vbox (badness 10000) detected at line 1
 []


Overfull \hbox (336.25pt too wide) detected at line 1
[]
 []


Underfull \hbox (badness 10000) detected at line 1
[]
 []

)
No file "Introduction to Bayesian Econometrics A GUIded tour using R Solutions"
.ind.

Underfull \hbox (badness 10000) has occurred while \output is active
 [][][][] 
 []

[43

] (Introduction to Bayesian Econometrics A GUIded tour using R Solutions.aux (f
rontmatter/dedication.aux) (frontmatter/foreword.aux)
(frontmatter/preface.aux) (frontmatter/contributor.aux)
(frontmatter/symbollist.aux) (chapters/chapter1/ch1.aux)
(chapters/chapter2/ch2.aux) (chapters/chapter4/ch4.aux)) ) 
Here is how much of TeX's memory you used:
 20631 strings out of 478593
 428391 string characters out of 2843189
 971262 words of memory out of 3000000
 38393 multiletter control sequences out of 15000+600000
 484512 words of font info for 83 fonts, out of 8000000 for 9000
 1141 hyphenation exceptions out of 8191
 83i,18n,89p,761b,2525s stack positions out of 5000i,500n,10000p,200000b,80000s
 <C:\Users\aramir21\A
ppData\Local\MiKTeX\fonts/pk/ljfour/jknappen/ec/dpi600\tcbi0800.pk> <C:\Users\a
ramir21\AppData\Local\MiKTeX\fonts/pk/ljfour/jknappen/ec/dpi600\tcrm1000.pk> <C
:\Users\aramir21\AppData\Local\MiKTeX\fonts/pk/ljfour/jknappen/ec/dpi600\tcbi07
00.pk> <C:\Users\aramir21\AppData\Local\MiKTeX\fonts/pk/ljfour/jknappen/ec/dpi6
00\tcbx0700.pk> <C:\Users\aramir21\AppData\Local\MiKTeX\fonts/pk/ljfour/jknappe
n/ec/dpi600\tcbx0800.pk> <C:\Users\aramir21\AppData\Local\MiKTeX\fonts/pk/ljfou
r/public/bbm/dpi600\bbm10.pk><C:/Users/aramir21/AppData/Local/Programs/MiKTeX/f
onts/type1/public/amsfonts/cm/cmbsy10.pfb><C:/Users/aramir21/AppData/Local/Prog
rams/MiKTeX/fonts/type1/public/amsfonts/cmextra/cmbsy7.pfb><C:/Users/aramir21/A
ppData/Local/Programs/MiKTeX/fonts/type1/public/amsfonts/cm/cmbx10.pfb><C:/User
s/aramir21/AppData/Local/Programs/MiKTeX/fonts/type1/public/amsfonts/cm/cmbx12.
pfb><C:/Users/aramir21/AppData/Local/Programs/MiKTeX/fonts/type1/public/amsfont
s/cm/cmbx5.pfb><C:/Users/aramir21/AppData/Local/Programs/MiKTeX/fonts/type1/pub
lic/amsfonts/cm/cmbx7.pfb><C:/Users/aramir21/AppData/Local/Programs/MiKTeX/font
s/type1/public/amsfonts/cm/cmbx8.pfb><C:/Users/aramir21/AppData/Local/Programs/
MiKTeX/fonts/type1/public/amsfonts/cm/cmbxsl10.pfb><C:/Users/aramir21/AppData/L
ocal/Programs/MiKTeX/fonts/type1/public/amsfonts/cm/cmbxti10.pfb><C:/Users/aram
ir21/AppData/Local/Programs/MiKTeX/fonts/type1/public/amsfonts/cm/cmex10.pfb><C
:/Users/aramir21/AppData/Local/Programs/MiKTeX/fonts/type1/public/amsfonts/cmex
tra/cmex7.pfb><C:/Users/aramir21/AppData/Local/Programs/MiKTeX/fonts/type1/publ
ic/amsfonts/cmextra/cmex8.pfb><C:/Users/aramir21/AppData/Local/Programs/MiKTeX/
fonts/type1/public/amsfonts/cm/cmmi10.pfb><C:/Users/aramir21/AppData/Local/Prog
rams/MiKTeX/fonts/type1/public/amsfonts/cm/cmmi5.pfb><C:/Users/aramir21/AppData
/Local/Programs/MiKTeX/fonts/type1/public/amsfonts/cm/cmmi6.pfb><C:/Users/arami
r21/AppData/Local/Programs/MiKTeX/fonts/type1/public/amsfonts/cm/cmmi7.pfb><C:/
Users/aramir21/AppData/Local/Programs/MiKTeX/fonts/type1/public/amsfonts/cm/cmm
i8.pfb><C:/Users/aramir21/AppData/Local/Programs/MiKTeX/fonts/type1/public/amsf
onts/cm/cmmib10.pfb><C:/Users/aramir21/AppData/Local/Programs/MiKTeX/fonts/type
1/public/amsfonts/cmextra/cmmib7.pfb><C:/Users/aramir21/AppData/Local/Programs/
MiKTeX/fonts/type1/public/amsfonts/cm/cmr10.pfb><C:/Users/aramir21/AppData/Loca
l/Programs/MiKTeX/fonts/type1/public/amsfonts/cm/cmr5.pfb><C:/Users/aramir21/Ap
pData/Local/Programs/MiKTeX/fonts/type1/public/amsfonts/cm/cmr6.pfb><C:/Users/a
ramir21/AppData/Local/Programs/MiKTeX/fonts/type1/public/amsfonts/cm/cmr7.pfb><
C:/Users/aramir21/AppData/Local/Programs/MiKTeX/fonts/type1/public/amsfonts/cm/
cmr8.pfb><C:/Users/aramir21/AppData/Local/Programs/MiKTeX/fonts/type1/public/am
sfonts/cm/cmsl12.pfb><C:/Users/aramir21/AppData/Local/Programs/MiKTeX/fonts/typ
e1/public/amsfonts/cm/cmsy10.pfb><C:/Users/aramir21/AppData/Local/Programs/MiKT
eX/fonts/type1/public/amsfonts/cm/cmsy5.pfb><C:/Users/aramir21/AppData/Local/Pr
ograms/MiKTeX/fonts/type1/public/amsfonts/cm/cmsy6.pfb><C:/Users/aramir21/AppDa
ta/Local/Programs/MiKTeX/fonts/type1/public/amsfonts/cm/cmsy7.pfb><C:/Users/ara
mir21/AppData/Local/Programs/MiKTeX/fonts/type1/public/amsfonts/cm/cmsy8.pfb><C
:/Users/aramir21/AppData/Local/Programs/MiKTeX/fonts/type1/public/amsfonts/cm/c
mti10.pfb><C:/Users/aramir21/AppData/Local/Programs/MiKTeX/fonts/type1/public/a
msfonts/cm/cmti12.pfb><C:/Users/aramir21/AppData/Local/Programs/MiKTeX/fonts/ty
pe1/public/amsfonts/symbols/msbm10.pfb>
Output written on "Introduction to Bayesian Econometrics A GUIded tour using R 
Solutions.pdf" (59 pages, 697769 bytes).
PDF statistics:
 408 PDF objects out of 1000 (max. 8388607)
 0 named destinations out of 1000 (max. 500000)
 48 words of extra memory for PDF output out of 10000 (max. 10000000)

